[0.010s] Invoking command in '/home/rohit/2dof/build/my_robot': CMAKE_PREFIX_PATH=${CMAKE_PREFIX_PATH}:/home/rohit/module2.1/install/service_package:/home/rohit/module2.1/install/my_client_pkg:/home/rohit/assigndirectory/install/pack1:/home/rohit/mynode/install/package1:/opt/ros/humble /usr/bin/cmake --build /home/rohit/2dof/build/my_robot -- -j20 -l20
[0.033s] -- Found ament_cmake: 1.3.11 (/opt/ros/humble/share/ament_cmake/cmake)
[0.145s] -- Found xacro: 2.0.8 (/opt/ros/humble/share/xacro/cmake)
[0.146s] -- Found gazebo_ros: 3.9.0 (/opt/ros/humble/share/gazebo_ros/cmake)
[0.170s] -- Found rosidl_generator_c: 3.1.6 (/opt/ros/humble/share/rosidl_generator_c/cmake)
[0.171s] -- Found rosidl_adapter: 3.1.6 (/opt/ros/humble/share/rosidl_adapter/cmake)
[0.176s] -- Found rosidl_generator_cpp: 3.1.6 (/opt/ros/humble/share/rosidl_generator_cpp/cmake)
[0.183s] -- Using all available rosidl_typesupport_c: rosidl_typesupport_fastrtps_c;rosidl_typesupport_introspection_c
[0.193s] -- Using all available rosidl_typesupport_cpp: rosidl_typesupport_fastrtps_cpp;rosidl_typesupport_introspection_cpp
[0.218s] -- Found rmw_implementation_cmake: 6.1.2 (/opt/ros/humble/share/rmw_implementation_cmake/cmake)
[0.219s] -- Found rmw_fastrtps_cpp: 6.2.7 (/opt/ros/humble/share/rmw_fastrtps_cpp/cmake)
[0.307s] -- Using RMW implementation 'rmw_fastrtps_cpp' as default
[0.372s] -- Found DART: /usr/include (Required is at least version "6.6") found components: dart 
[0.400s] -- Found Protobuf: /usr/lib/x86_64-linux-gnu/libprotobuf.so (found version "3.12.4") 
[0.402s] -- Looking for ignition-math6 -- found version 6.15.1
[0.407s] -- Searching for dependencies of ignition-math6
[0.408s] -- Looking for OGRE...
[0.414s] -- Found Ogre Ghadamon (1.9.0)
[0.414s] -- Found OGRE: optimized;/usr/lib/x86_64-linux-gnu/libOgreMain.so;debug;/usr/lib/x86_64-linux-gnu/libOgreMain.so
[0.428s] -- Looking for OGRE_Paging...
[0.428s] -- Found OGRE_Paging: optimized;/usr/lib/x86_64-linux-gnu/libOgrePaging.so;debug;/usr/lib/x86_64-linux-gnu/libOgrePaging.so
[0.428s] -- Looking for OGRE_Terrain...
[0.428s] -- Found OGRE_Terrain: optimized;/usr/lib/x86_64-linux-gnu/libOgreTerrain.so;debug;/usr/lib/x86_64-linux-gnu/libOgreTerrain.so
[0.428s] -- Looking for OGRE_Property...
[0.428s] -- Found OGRE_Property: optimized;/usr/lib/x86_64-linux-gnu/libOgreProperty.so;debug;/usr/lib/x86_64-linux-gnu/libOgreProperty.so
[0.428s] -- Looking for OGRE_RTShaderSystem...
[0.428s] -- Found OGRE_RTShaderSystem: optimized;/usr/lib/x86_64-linux-gnu/libOgreRTShaderSystem.so;debug;/usr/lib/x86_64-linux-gnu/libOgreRTShaderSystem.so
[0.428s] -- Looking for OGRE_Volume...
[0.429s] -- Found OGRE_Volume: optimized;/usr/lib/x86_64-linux-gnu/libOgreVolume.so;debug;/usr/lib/x86_64-linux-gnu/libOgreVolume.so
[0.429s] -- Looking for OGRE_Overlay...
[0.429s] -- Found OGRE_Overlay: optimized;/usr/lib/x86_64-linux-gnu/libOgreOverlay.so;debug;/usr/lib/x86_64-linux-gnu/libOgreOverlay.so
[0.498s] -- Looking for ignition-math6 -- found version 6.15.1
[0.498s] -- Looking for ignition-transport8 -- found version 8.2.1
[0.499s] -- Searching for dependencies of ignition-transport8
[0.511s] -- Found Protobuf: /usr/lib/x86_64-linux-gnu/libprotobuf.so (found suitable version "3.12.4", minimum required is "3") 
[0.518s] -- Config-file not installed for ZeroMQ -- checking for pkg-config
[0.522s] -- Checking for module 'libzmq >= 4'
[0.540s] --   Found libzmq , version 4.3.4
[0.593s] -- Checking for module 'uuid'
[0.609s] --   Found uuid, version 2.37.2
[0.652s] -- Looking for ignition-msgs5 -- found version 5.8.1
[0.653s] -- Searching for dependencies of ignition-msgs5
[0.673s] -- Looking for ignition-math6 -- found version 6.15.1
[0.680s] -- Checking for module 'tinyxml2'
[0.697s] --   Found tinyxml2, version 9.0.0
[0.740s] -- Looking for ignition-msgs5 -- found version 5.8.1
[0.740s] -- Looking for ignition-common3 -- found version 3.14.0
[0.741s] -- Searching for dependencies of ignition-common3
[0.741s] -- Looking for dlfcn.h - found
[0.741s] -- Looking for libdl - found
[0.757s] -- Searching for <ignition-common3> component [graphics]
[0.758s] -- Looking for ignition-common3-graphics -- found version 3.14.0
[0.759s] -- Searching for dependencies of ignition-common3-graphics
[0.759s] -- Looking for ignition-math6 -- found version 6.15.1
[0.761s] -- Looking for ignition-fuel_tools4 -- found version 4.4.0
[0.761s] -- Searching for dependencies of ignition-fuel_tools4
[0.807s] -- Checking for module 'jsoncpp'
[0.824s] --   Found jsoncpp, version 1.9.5
[0.879s] -- Checking for module 'libzip'
[0.899s] --   Found libzip, version 1.7.3
[0.945s] -- Looking for ignition-common3 -- found version 3.14.0
[0.946s] -- Looking for ignition-math6 -- found version 6.15.1
[0.946s] -- Looking for ignition-msgs5 -- found version 5.8.1
[0.949s] -- Gazebo version: 11.10
[0.951s] -- Found ament_lint_auto: 0.12.11 (/opt/ros/humble/share/ament_lint_auto/cmake)
[1.005s] -- Added test 'flake8' to check Python code syntax and style conventions
[1.005s] -- Added test 'lint_cmake' to check CMake code style
[1.005s] -- Added test 'pep257' to check Python code against some of the docstring style conventions in PEP 257
[1.006s] -- Added test 'xmllint' to check XML markup files
[1.006s] -- Configuring done
[1.009s] -- Generating done
[1.010s] -- Build files have been written to: /home/rohit/2dof/build/my_robot
[1.034s] Invoked command in '/home/rohit/2dof/build/my_robot' returned '0': CMAKE_PREFIX_PATH=${CMAKE_PREFIX_PATH}:/home/rohit/module2.1/install/service_package:/home/rohit/module2.1/install/my_client_pkg:/home/rohit/assigndirectory/install/pack1:/home/rohit/mynode/install/package1:/opt/ros/humble /usr/bin/cmake --build /home/rohit/2dof/build/my_robot -- -j20 -l20
[1.044s] Invoking command in '/home/rohit/2dof/build/my_robot': CMAKE_PREFIX_PATH=${CMAKE_PREFIX_PATH}:/home/rohit/module2.1/install/service_package:/home/rohit/module2.1/install/my_client_pkg:/home/rohit/assigndirectory/install/pack1:/home/rohit/mynode/install/package1:/opt/ros/humble /usr/bin/cmake --install /home/rohit/2dof/build/my_robot
[1.054s] -- Install configuration: ""
[1.054s] -- Up-to-date: /home/rohit/2dof/install/my_robot/share/my_robot/launch
[1.054s] -- Up-to-date: /home/rohit/2dof/install/my_robot/share/my_robot/launch/display.launch.py
[1.054s] -- Up-to-date: /home/rohit/2dof/install/my_robot/share/my_robot/urdf
[1.054s] -- Up-to-date: /home/rohit/2dof/install/my_robot/share/my_robot/urdf/arm.xacro.urdf
[1.055s] -- Up-to-date: /home/rohit/2dof/install/my_robot/share/ament_index/resource_index/package_run_dependencies/my_robot
[1.055s] -- Installing: /home/rohit/2dof/install/my_robot/share/ament_index/resource_index/parent_prefix_path/my_robot
[1.055s] -- Up-to-date: /home/rohit/2dof/install/my_robot/share/my_robot/environment/ament_prefix_path.sh
[1.055s] -- Installing: /home/rohit/2dof/install/my_robot/share/my_robot/environment/ament_prefix_path.dsv
[1.055s] -- Up-to-date: /home/rohit/2dof/install/my_robot/share/my_robot/environment/path.sh
[1.055s] -- Installing: /home/rohit/2dof/install/my_robot/share/my_robot/environment/path.dsv
[1.055s] -- Up-to-date: /home/rohit/2dof/install/my_robot/share/my_robot/local_setup.bash
[1.055s] -- Up-to-date: /home/rohit/2dof/install/my_robot/share/my_robot/local_setup.sh
[1.055s] -- Up-to-date: /home/rohit/2dof/install/my_robot/share/my_robot/local_setup.zsh
[1.055s] -- Installing: /home/rohit/2dof/install/my_robot/share/my_robot/local_setup.dsv
[1.055s] -- Installing: /home/rohit/2dof/install/my_robot/share/my_robot/package.dsv
[1.055s] -- Up-to-date: /home/rohit/2dof/install/my_robot/share/ament_index/resource_index/packages/my_robot
[1.055s] -- Up-to-date: /home/rohit/2dof/install/my_robot/share/my_robot/cmake/my_robotConfig.cmake
[1.055s] -- Up-to-date: /home/rohit/2dof/install/my_robot/share/my_robot/cmake/my_robotConfig-version.cmake
[1.055s] -- Up-to-date: /home/rohit/2dof/install/my_robot/share/my_robot/package.xml
[1.058s] Invoked command in '/home/rohit/2dof/build/my_robot' returned '0': CMAKE_PREFIX_PATH=${CMAKE_PREFIX_PATH}:/home/rohit/module2.1/install/service_package:/home/rohit/module2.1/install/my_client_pkg:/home/rohit/assigndirectory/install/pack1:/home/rohit/mynode/install/package1:/opt/ros/humble /usr/bin/cmake --install /home/rohit/2dof/build/my_robot
