[0.009s] Invoking command in '/home/rohit/2dof/build/custom_interfaces': CMAKE_PREFIX_PATH=${CMAKE_PREFIX_PATH}:/home/rohit/module2.1/install/service_package:/home/rohit/module2.1/install/my_client_pkg:/home/rohit/assigndirectory/install/pack1:/home/rohit/mynode/install/package1:/opt/ros/humble /usr/bin/cmake /home/rohit/2dof/src/custom_interfaces -DCMAKE_INSTALL_PREFIX=/home/rohit/2dof/install/custom_interfaces
[0.017s] -- Found ament_cmake: 1.3.11 (/opt/ros/humble/share/ament_cmake/cmake)
[0.113s] -- Found rosidl_default_generators: 1.2.0 (/opt/ros/humble/share/rosidl_default_generators/cmake)
[0.115s] -- Using all available rosidl_typesupport_c: rosidl_typesupport_fastrtps_c;rosidl_typesupport_introspection_c
[0.116s] -- Found rosidl_adapter: 3.1.6 (/opt/ros/humble/share/rosidl_adapter/cmake)
[0.135s] -- Using all available rosidl_typesupport_cpp: rosidl_typesupport_fastrtps_cpp;rosidl_typesupport_introspection_cpp
[0.263s] [31mCMake Error at /opt/ros/humble/share/rosidl_adapter/cmake/rosidl_adapt_interfaces.cmake:59 (message):
[0.263s]   execute_process(/usr/bin/python3 -m rosidl_adapter --package-name
[0.263s]   custom_interfaces --arguments-file
[0.263s]   /home/rohit/2dof/build/custom_interfaces/rosidl_adapter__arguments__custom_interfaces.json
[0.263s]   --output-dir
[0.263s]   /home/rohit/2dof/build/custom_interfaces/rosidl_adapter/custom_interfaces
[0.263s]   --output-file
[0.263s]   /home/rohit/2dof/build/custom_interfaces/rosidl_adapter/custom_interfaces.idls)
[0.263s]   returned error code 1:
[0.263s] 
[0.263s]   Traceback (most recent call last):
[0.263s] 
[0.263s]     File "/usr/lib/python3.10/runpy.py", line 196, in _run_module_as_main
[0.263s]       return _run_code(code, main_globals, None,
[0.263s]     File "/usr/lib/python3.10/runpy.py", line 86, in _run_code
[0.263s]       exec(code, run_globals)
[0.263s]     File "/opt/ros/humble/local/lib/python3.10/dist-packages/rosidl_adapter/__main__.py", line 19, in <module>
[0.263s]       sys.exit(main())
[0.263s]     File "/opt/ros/humble/local/lib/python3.10/dist-packages/rosidl_adapter/main.py", line 53, in main
[0.263s]       abs_idl_file = convert_to_idl(
[0.263s]     File "/opt/ros/humble/local/lib/python3.10/dist-packages/rosidl_adapter/__init__.py", line 24, in convert_to_idl
[0.263s]       return convert_srv_to_idl(
[0.263s]     File "/opt/ros/humble/local/lib/python3.10/dist-packages/rosidl_adapter/srv/__init__.py", line 28, in convert_srv_to_idl
[0.263s]       srv = parse_service_string(package_name, input_file.stem, content)
[0.263s]     File "/opt/ros/humble/local/lib/python3.10/dist-packages/rosidl_adapter/parser.py", line 859, in parse_service_string
[0.263s]       request_message = parse_message_string(
[0.263s]     File "/opt/ros/humble/local/lib/python3.10/dist-packages/rosidl_adapter/parser.py", line 544, in parse_message_string
[0.263s]       msg = MessageSpecification(pkg_name, msg_name, fields, constants)
[0.263s]     File "/opt/ros/humble/local/lib/python3.10/dist-packages/rosidl_adapter/parser.py", line 388, in __init__
[0.263s]       self.base_type = BaseType(
[0.263s]     File "/opt/ros/humble/local/lib/python3.10/dist-packages/rosidl_adapter/parser.py", line 205, in __init__
[0.263s]       raise InvalidResourceName(
[0.263s] 
[0.263s]   rosidl_adapter.parser.InvalidResourceName: 'change_var_Request' is an
[0.263s]   invalid message name.  It should have the pattern '^[A-Z][A-Za-z0-9]*$'
[0.264s] 
[0.264s] Call Stack (most recent call first):
[0.264s]   /opt/ros/humble/share/rosidl_cmake/cmake/rosidl_generate_interfaces.cmake:130 (rosidl_adapt_interfaces)
[0.264s]   CMakeLists.txt:17 (rosidl_generate_interfaces)
[0.264s] 
[0.264s] [0m
[0.264s] -- Configuring incomplete, errors occurred!
[0.264s] See also "/home/rohit/2dof/build/custom_interfaces/CMakeFiles/CMakeOutput.log".
[0.267s] Invoked command in '/home/rohit/2dof/build/custom_interfaces' returned '1': CMAKE_PREFIX_PATH=${CMAKE_PREFIX_PATH}:/home/rohit/module2.1/install/service_package:/home/rohit/module2.1/install/my_client_pkg:/home/rohit/assigndirectory/install/pack1:/home/rohit/mynode/install/package1:/opt/ros/humble /usr/bin/cmake /home/rohit/2dof/src/custom_interfaces -DCMAKE_INSTALL_PREFIX=/home/rohit/2dof/install/custom_interfaces
