[0.009s] Invoking command in '/home/rohit/2dof/build/custom_interfaces': CMAKE_PREFIX_PATH=${CMAKE_PREFIX_PATH}:/home/rohit/module2.1/install/service_package:/home/rohit/module2.1/install/my_client_pkg:/home/rohit/assigndirectory/install/pack1:/home/rohit/mynode/install/package1:/opt/ros/humble /usr/bin/cmake /home/rohit/2dof/src/custom_interfaces -DCMAKE_INSTALL_PREFIX=/home/rohit/2dof/install/custom_interfaces
[0.020s] -- Found ament_cmake: 1.3.11 (/opt/ros/humble/share/ament_cmake/cmake)
[0.109s] -- Found rosidl_default_generators: 1.2.0 (/opt/ros/humble/share/rosidl_default_generators/cmake)
[0.111s] -- Using all available rosidl_typesupport_c: rosidl_typesupport_fastrtps_c;rosidl_typesupport_introspection_c
[0.113s] -- Found rosidl_adapter: 3.1.6 (/opt/ros/humble/share/rosidl_adapter/cmake)
[0.136s] -- Using all available rosidl_typesupport_cpp: rosidl_typesupport_fastrtps_cpp;rosidl_typesupport_introspection_cpp
[0.344s] -- Found ament_cmake_ros: 0.10.0 (/opt/ros/humble/share/ament_cmake_ros/cmake)
[0.484s] -- Using all available rosidl_typesupport_c: rosidl_typesupport_fastrtps_c;rosidl_typesupport_introspection_c
[0.685s] -- Using all available rosidl_typesupport_cpp: rosidl_typesupport_fastrtps_cpp;rosidl_typesupport_introspection_cpp
[0.702s] -- Found PythonInterp: /usr/bin/python3 (found suitable version "3.10.12", minimum required is "3.6") 
[0.703s] -- Found python_cmake_module: 0.10.0 (/opt/ros/humble/share/python_cmake_module/cmake)
[0.725s] -- Found PythonLibs: /usr/lib/x86_64-linux-gnu/libpython3.10.so (found suitable version "3.10.12", minimum required is "3.5") 
[0.725s] -- Using PYTHON_EXECUTABLE: /usr/bin/python3
[0.725s] -- Using PYTHON_INCLUDE_DIRS: /usr/include/python3.10
[0.725s] -- Using PYTHON_LIBRARIES: /usr/lib/x86_64-linux-gnu/libpython3.10.so
[0.742s] -- Found PythonExtra: .so  
[0.765s] -- Found ament_lint_auto: 0.12.11 (/opt/ros/humble/share/ament_lint_auto/cmake)
[0.776s] -- Added test 'lint_cmake' to check CMake code style
[0.777s] -- Added test 'xmllint' to check XML markup files
[0.778s] -- Configuring done
[0.793s] -- Generating done
[0.798s] -- Build files have been written to: /home/rohit/2dof/build/custom_interfaces
[0.803s] Invoked command in '/home/rohit/2dof/build/custom_interfaces' returned '0': CMAKE_PREFIX_PATH=${CMAKE_PREFIX_PATH}:/home/rohit/module2.1/install/service_package:/home/rohit/module2.1/install/my_client_pkg:/home/rohit/assigndirectory/install/pack1:/home/rohit/mynode/install/package1:/opt/ros/humble /usr/bin/cmake /home/rohit/2dof/src/custom_interfaces -DCMAKE_INSTALL_PREFIX=/home/rohit/2dof/install/custom_interfaces
[0.804s] Invoking command in '/home/rohit/2dof/build/custom_interfaces': CMAKE_PREFIX_PATH=${CMAKE_PREFIX_PATH}:/home/rohit/module2.1/install/service_package:/home/rohit/module2.1/install/my_client_pkg:/home/rohit/assigndirectory/install/pack1:/home/rohit/mynode/install/package1:/opt/ros/humble /usr/bin/cmake --build /home/rohit/2dof/build/custom_interfaces -- -j20 -l20
[0.841s] [  3%] [34m[1mGenerating C code for ROS interfaces[0m
[0.851s] [  6%] [34m[1mGenerating C++ code for ROS interfaces[0m
[0.857s] [  6%] Built target ament_cmake_python_copy_custom_interfaces
[1.009s] running egg_info
[1.010s] creating custom_interfaces.egg-info
[1.010s] writing custom_interfaces.egg-info/PKG-INFO
[1.010s] writing dependency_links to custom_interfaces.egg-info/dependency_links.txt
[1.010s] writing top-level names to custom_interfaces.egg-info/top_level.txt
[1.010s] writing manifest file 'custom_interfaces.egg-info/SOURCES.txt'
[1.011s] reading manifest file 'custom_interfaces.egg-info/SOURCES.txt'
[1.012s] writing manifest file 'custom_interfaces.egg-info/SOURCES.txt'
[1.031s] [  6%] Built target ament_cmake_python_build_custom_interfaces_egg
[1.036s] [  6%] Built target custom_interfaces__cpp
[1.044s] [  9%] [32mBuilding C object CMakeFiles/custom_interfaces__rosidl_generator_c.dir/rosidl_generator_c/custom_interfaces/srv/detail/change_var__functions.c.o[0m
[1.045s] [ 12%] [34m[1mGenerating C++ introspection for ROS interfaces[0m
[1.045s] [ 16%] [34m[1mGenerating C++ type support dispatch for ROS interfaces[0m
[1.045s] [ 19%] [34m[1mGenerating C++ type support for eProsima Fast-RTPS[0m
[1.085s] [ 22%] [32m[1mLinking C shared library libcustom_interfaces__rosidl_generator_c.so[0m
[1.120s] [ 22%] Built target custom_interfaces__rosidl_generator_c
[1.129s] [ 25%] [34m[1mGenerating C introspection for ROS interfaces[0m
[1.129s] [ 29%] [34m[1mGenerating C type support dispatch for ROS interfaces[0m
[1.130s] [ 32%] [34m[1mGenerating C type support for eProsima Fast-RTPS[0m
[1.198s] [ 35%] [32mBuilding CXX object CMakeFiles/custom_interfaces__rosidl_typesupport_cpp.dir/rosidl_typesupport_cpp/custom_interfaces/srv/change_var__type_support.cpp.o[0m
[1.209s] [ 38%] [32mBuilding CXX object CMakeFiles/custom_interfaces__rosidl_typesupport_introspection_cpp.dir/rosidl_typesupport_introspection_cpp/custom_interfaces/srv/detail/change_var__type_support.cpp.o[0m
[1.218s] [ 41%] [32mBuilding CXX object CMakeFiles/custom_interfaces__rosidl_typesupport_fastrtps_cpp.dir/rosidl_typesupport_fastrtps_cpp/custom_interfaces/srv/detail/dds_fastrtps/change_var__type_support.cpp.o[0m
[1.285s] [ 45%] [32mBuilding CXX object CMakeFiles/custom_interfaces__rosidl_typesupport_c.dir/rosidl_typesupport_c/custom_interfaces/srv/change_var__type_support.cpp.o[0m
[1.299s] [ 48%] [32mBuilding CXX object CMakeFiles/custom_interfaces__rosidl_typesupport_fastrtps_c.dir/rosidl_typesupport_fastrtps_c/custom_interfaces/srv/detail/change_var__type_support_c.cpp.o[0m
[1.300s] [ 51%] [32mBuilding C object CMakeFiles/custom_interfaces__rosidl_typesupport_introspection_c.dir/rosidl_typesupport_introspection_c/custom_interfaces/srv/detail/change_var__type_support.c.o[0m
[1.319s] [ 54%] [32m[1mLinking CXX shared library libcustom_interfaces__rosidl_typesupport_c.so[0m
[1.327s] [ 58%] [32m[1mLinking C shared library libcustom_interfaces__rosidl_typesupport_introspection_c.so[0m
[1.354s] [ 58%] Built target custom_interfaces__rosidl_typesupport_c
[1.358s] [ 61%] [32m[1mLinking CXX shared library libcustom_interfaces__rosidl_typesupport_cpp.so[0m
[1.358s] [ 61%] Built target custom_interfaces__rosidl_typesupport_introspection_c
[1.392s] [ 61%] Built target custom_interfaces__rosidl_typesupport_cpp
[1.438s] [ 64%] [32m[1mLinking CXX shared library libcustom_interfaces__rosidl_typesupport_introspection_cpp.so[0m
[1.450s] [ 67%] [32m[1mLinking CXX shared library libcustom_interfaces__rosidl_typesupport_fastrtps_cpp.so[0m
[1.472s] [ 67%] Built target custom_interfaces__rosidl_typesupport_introspection_cpp
[1.503s] [ 67%] Built target custom_interfaces__rosidl_typesupport_fastrtps_cpp
[1.503s] [ 70%] [32m[1mLinking CXX shared library libcustom_interfaces__rosidl_typesupport_fastrtps_c.so[0m
[1.561s] [ 70%] Built target custom_interfaces__rosidl_typesupport_fastrtps_c
[1.585s] [ 70%] Built target custom_interfaces
[1.608s] [ 74%] [34m[1mGenerating Python code for ROS interfaces[0m
[1.827s] [ 74%] Built target custom_interfaces__py
[1.847s] [ 77%] [32mBuilding C object CMakeFiles/custom_interfaces__rosidl_generator_py.dir/rosidl_generator_py/custom_interfaces/srv/_change_var_s.c.o[0m
[1.922s] [ 80%] [32m[1mLinking C shared library rosidl_generator_py/custom_interfaces/libcustom_interfaces__rosidl_generator_py.so[0m
[1.964s] [ 80%] Built target custom_interfaces__rosidl_generator_py
[1.983s] [ 83%] [32mBuilding C object CMakeFiles/custom_interfaces__rosidl_typesupport_fastrtps_c__pyext.dir/rosidl_generator_py/custom_interfaces/_custom_interfaces_s.ep.rosidl_typesupport_fastrtps_c.c.o[0m
[1.987s] [ 87%] [32mBuilding C object CMakeFiles/custom_interfaces__rosidl_typesupport_c__pyext.dir/rosidl_generator_py/custom_interfaces/_custom_interfaces_s.ep.rosidl_typesupport_c.c.o[0m
[1.987s] [ 90%] [32mBuilding C object CMakeFiles/custom_interfaces__rosidl_typesupport_introspection_c__pyext.dir/rosidl_generator_py/custom_interfaces/_custom_interfaces_s.ep.rosidl_typesupport_introspection_c.c.o[0m
[2.046s] [ 93%] [32m[1mLinking C shared library rosidl_generator_py/custom_interfaces/custom_interfaces_s__rosidl_typesupport_fastrtps_c.cpython-310-x86_64-linux-gnu.so[0m
[2.048s] [ 96%] [32m[1mLinking C shared library rosidl_generator_py/custom_interfaces/custom_interfaces_s__rosidl_typesupport_c.cpython-310-x86_64-linux-gnu.so[0m
[2.052s] [100%] [32m[1mLinking C shared library rosidl_generator_py/custom_interfaces/custom_interfaces_s__rosidl_typesupport_introspection_c.cpython-310-x86_64-linux-gnu.so[0m
[2.077s] [100%] Built target custom_interfaces__rosidl_typesupport_fastrtps_c__pyext
[2.078s] [100%] Built target custom_interfaces__rosidl_typesupport_c__pyext
[2.078s] [100%] Built target custom_interfaces__rosidl_typesupport_introspection_c__pyext
[2.087s] Invoked command in '/home/rohit/2dof/build/custom_interfaces' returned '0': CMAKE_PREFIX_PATH=${CMAKE_PREFIX_PATH}:/home/rohit/module2.1/install/service_package:/home/rohit/module2.1/install/my_client_pkg:/home/rohit/assigndirectory/install/pack1:/home/rohit/mynode/install/package1:/opt/ros/humble /usr/bin/cmake --build /home/rohit/2dof/build/custom_interfaces -- -j20 -l20
[2.089s] Invoking command in '/home/rohit/2dof/build/custom_interfaces': CMAKE_PREFIX_PATH=${CMAKE_PREFIX_PATH}:/home/rohit/module2.1/install/service_package:/home/rohit/module2.1/install/my_client_pkg:/home/rohit/assigndirectory/install/pack1:/home/rohit/mynode/install/package1:/opt/ros/humble /usr/bin/cmake --install /home/rohit/2dof/build/custom_interfaces
[2.099s] -- Install configuration: ""
[2.099s] -- Installing: /home/rohit/2dof/install/custom_interfaces/share/ament_index/resource_index/rosidl_interfaces/custom_interfaces
[2.099s] -- Installing: /home/rohit/2dof/install/custom_interfaces/include/custom_interfaces/custom_interfaces
[2.099s] -- Installing: /home/rohit/2dof/install/custom_interfaces/include/custom_interfaces/custom_interfaces/msg
[2.100s] -- Installing: /home/rohit/2dof/install/custom_interfaces/include/custom_interfaces/custom_interfaces/msg/rosidl_generator_c__visibility_control.h
[2.100s] -- Installing: /home/rohit/2dof/install/custom_interfaces/include/custom_interfaces/custom_interfaces/srv
[2.100s] -- Installing: /home/rohit/2dof/install/custom_interfaces/include/custom_interfaces/custom_interfaces/srv/detail
[2.100s] -- Installing: /home/rohit/2dof/install/custom_interfaces/include/custom_interfaces/custom_interfaces/srv/detail/change_var__functions.c
[2.100s] -- Installing: /home/rohit/2dof/install/custom_interfaces/include/custom_interfaces/custom_interfaces/srv/detail/change_var__type_support.h
[2.100s] -- Installing: /home/rohit/2dof/install/custom_interfaces/include/custom_interfaces/custom_interfaces/srv/detail/change_var__struct.h
[2.101s] -- Installing: /home/rohit/2dof/install/custom_interfaces/include/custom_interfaces/custom_interfaces/srv/detail/change_var__functions.h
[2.101s] -- Installing: /home/rohit/2dof/install/custom_interfaces/include/custom_interfaces/custom_interfaces/srv/change_var.h
[2.101s] -- Installing: /home/rohit/2dof/install/custom_interfaces/share/custom_interfaces/environment/library_path.sh
[2.101s] -- Installing: /home/rohit/2dof/install/custom_interfaces/share/custom_interfaces/environment/library_path.dsv
[2.101s] -- Installing: /home/rohit/2dof/install/custom_interfaces/lib/libcustom_interfaces__rosidl_generator_c.so
[2.101s] -- Set runtime path of "/home/rohit/2dof/install/custom_interfaces/lib/libcustom_interfaces__rosidl_generator_c.so" to ""
[2.101s] -- Up-to-date: /home/rohit/2dof/install/custom_interfaces/include/custom_interfaces/custom_interfaces
[2.101s] -- Up-to-date: /home/rohit/2dof/install/custom_interfaces/include/custom_interfaces/custom_interfaces/msg
[2.102s] -- Installing: /home/rohit/2dof/install/custom_interfaces/include/custom_interfaces/custom_interfaces/msg/rosidl_typesupport_fastrtps_c__visibility_control.h
[2.102s] -- Up-to-date: /home/rohit/2dof/install/custom_interfaces/include/custom_interfaces/custom_interfaces/srv
[2.102s] -- Up-to-date: /home/rohit/2dof/install/custom_interfaces/include/custom_interfaces/custom_interfaces/srv/detail
[2.102s] -- Installing: /home/rohit/2dof/install/custom_interfaces/include/custom_interfaces/custom_interfaces/srv/detail/change_var__rosidl_typesupport_fastrtps_c.h
[2.102s] -- Installing: /home/rohit/2dof/install/custom_interfaces/lib/libcustom_interfaces__rosidl_typesupport_fastrtps_c.so
[2.102s] -- Set runtime path of "/home/rohit/2dof/install/custom_interfaces/lib/libcustom_interfaces__rosidl_typesupport_fastrtps_c.so" to ""
[2.102s] -- Up-to-date: /home/rohit/2dof/install/custom_interfaces/include/custom_interfaces/custom_interfaces
[2.102s] -- Up-to-date: /home/rohit/2dof/install/custom_interfaces/include/custom_interfaces/custom_interfaces/msg
[2.103s] -- Installing: /home/rohit/2dof/install/custom_interfaces/include/custom_interfaces/custom_interfaces/msg/rosidl_typesupport_introspection_c__visibility_control.h
[2.103s] -- Up-to-date: /home/rohit/2dof/install/custom_interfaces/include/custom_interfaces/custom_interfaces/srv
[2.103s] -- Up-to-date: /home/rohit/2dof/install/custom_interfaces/include/custom_interfaces/custom_interfaces/srv/detail
[2.103s] -- Installing: /home/rohit/2dof/install/custom_interfaces/include/custom_interfaces/custom_interfaces/srv/detail/change_var__type_support.c
[2.103s] -- Installing: /home/rohit/2dof/install/custom_interfaces/include/custom_interfaces/custom_interfaces/srv/detail/change_var__rosidl_typesupport_introspection_c.h
[2.103s] -- Installing: /home/rohit/2dof/install/custom_interfaces/lib/libcustom_interfaces__rosidl_typesupport_introspection_c.so
[2.104s] -- Set runtime path of "/home/rohit/2dof/install/custom_interfaces/lib/libcustom_interfaces__rosidl_typesupport_introspection_c.so" to ""
[2.104s] -- Installing: /home/rohit/2dof/install/custom_interfaces/lib/libcustom_interfaces__rosidl_typesupport_c.so
[2.104s] -- Set runtime path of "/home/rohit/2dof/install/custom_interfaces/lib/libcustom_interfaces__rosidl_typesupport_c.so" to ""
[2.104s] -- Up-to-date: /home/rohit/2dof/install/custom_interfaces/include/custom_interfaces/custom_interfaces
[2.104s] -- Up-to-date: /home/rohit/2dof/install/custom_interfaces/include/custom_interfaces/custom_interfaces/msg
[2.104s] -- Installing: /home/rohit/2dof/install/custom_interfaces/include/custom_interfaces/custom_interfaces/msg/rosidl_generator_cpp__visibility_control.hpp
[2.104s] -- Up-to-date: /home/rohit/2dof/install/custom_interfaces/include/custom_interfaces/custom_interfaces/srv
[2.104s] -- Installing: /home/rohit/2dof/install/custom_interfaces/include/custom_interfaces/custom_interfaces/srv/change_var.hpp
[2.105s] -- Up-to-date: /home/rohit/2dof/install/custom_interfaces/include/custom_interfaces/custom_interfaces/srv/detail
[2.105s] -- Installing: /home/rohit/2dof/install/custom_interfaces/include/custom_interfaces/custom_interfaces/srv/detail/change_var__builder.hpp
[2.105s] -- Installing: /home/rohit/2dof/install/custom_interfaces/include/custom_interfaces/custom_interfaces/srv/detail/change_var__type_support.hpp
[2.105s] -- Installing: /home/rohit/2dof/install/custom_interfaces/include/custom_interfaces/custom_interfaces/srv/detail/change_var__struct.hpp
[2.105s] -- Installing: /home/rohit/2dof/install/custom_interfaces/include/custom_interfaces/custom_interfaces/srv/detail/change_var__traits.hpp
[2.105s] -- Up-to-date: /home/rohit/2dof/install/custom_interfaces/include/custom_interfaces/custom_interfaces
[2.105s] -- Up-to-date: /home/rohit/2dof/install/custom_interfaces/include/custom_interfaces/custom_interfaces/msg
[2.105s] -- Installing: /home/rohit/2dof/install/custom_interfaces/include/custom_interfaces/custom_interfaces/msg/rosidl_typesupport_fastrtps_cpp__visibility_control.h
[2.105s] -- Up-to-date: /home/rohit/2dof/install/custom_interfaces/include/custom_interfaces/custom_interfaces/srv
[2.105s] -- Up-to-date: /home/rohit/2dof/install/custom_interfaces/include/custom_interfaces/custom_interfaces/srv/detail
[2.105s] -- Installing: /home/rohit/2dof/install/custom_interfaces/include/custom_interfaces/custom_interfaces/srv/detail/dds_fastrtps
[2.105s] -- Installing: /home/rohit/2dof/install/custom_interfaces/include/custom_interfaces/custom_interfaces/srv/detail/change_var__rosidl_typesupport_fastrtps_cpp.hpp
[2.105s] -- Installing: /home/rohit/2dof/install/custom_interfaces/lib/libcustom_interfaces__rosidl_typesupport_fastrtps_cpp.so
[2.105s] -- Set runtime path of "/home/rohit/2dof/install/custom_interfaces/lib/libcustom_interfaces__rosidl_typesupport_fastrtps_cpp.so" to ""
[2.105s] -- Up-to-date: /home/rohit/2dof/install/custom_interfaces/include/custom_interfaces/custom_interfaces
[2.106s] -- Up-to-date: /home/rohit/2dof/install/custom_interfaces/include/custom_interfaces/custom_interfaces/srv
[2.106s] -- Up-to-date: /home/rohit/2dof/install/custom_interfaces/include/custom_interfaces/custom_interfaces/srv/detail
[2.106s] -- Installing: /home/rohit/2dof/install/custom_interfaces/include/custom_interfaces/custom_interfaces/srv/detail/change_var__type_support.cpp
[2.106s] -- Installing: /home/rohit/2dof/install/custom_interfaces/include/custom_interfaces/custom_interfaces/srv/detail/change_var__rosidl_typesupport_introspection_cpp.hpp
[2.106s] -- Installing: /home/rohit/2dof/install/custom_interfaces/lib/libcustom_interfaces__rosidl_typesupport_introspection_cpp.so
[2.106s] -- Set runtime path of "/home/rohit/2dof/install/custom_interfaces/lib/libcustom_interfaces__rosidl_typesupport_introspection_cpp.so" to ""
[2.106s] -- Installing: /home/rohit/2dof/install/custom_interfaces/lib/libcustom_interfaces__rosidl_typesupport_cpp.so
[2.106s] -- Set runtime path of "/home/rohit/2dof/install/custom_interfaces/lib/libcustom_interfaces__rosidl_typesupport_cpp.so" to ""
[2.106s] -- Installing: /home/rohit/2dof/install/custom_interfaces/share/custom_interfaces/environment/pythonpath.sh
[2.106s] -- Installing: /home/rohit/2dof/install/custom_interfaces/share/custom_interfaces/environment/pythonpath.dsv
[2.106s] -- Installing: /home/rohit/2dof/install/custom_interfaces/local/lib/python3.10/dist-packages/custom_interfaces-0.0.0-py3.10.egg-info
[2.106s] -- Installing: /home/rohit/2dof/install/custom_interfaces/local/lib/python3.10/dist-packages/custom_interfaces-0.0.0-py3.10.egg-info/dependency_links.txt
[2.106s] -- Installing: /home/rohit/2dof/install/custom_interfaces/local/lib/python3.10/dist-packages/custom_interfaces-0.0.0-py3.10.egg-info/SOURCES.txt
[2.106s] -- Installing: /home/rohit/2dof/install/custom_interfaces/local/lib/python3.10/dist-packages/custom_interfaces-0.0.0-py3.10.egg-info/top_level.txt
[2.106s] -- Installing: /home/rohit/2dof/install/custom_interfaces/local/lib/python3.10/dist-packages/custom_interfaces-0.0.0-py3.10.egg-info/PKG-INFO
[2.106s] -- Installing: /home/rohit/2dof/install/custom_interfaces/local/lib/python3.10/dist-packages/custom_interfaces
[2.106s] -- Installing: /home/rohit/2dof/install/custom_interfaces/local/lib/python3.10/dist-packages/custom_interfaces/libcustom_interfaces__rosidl_generator_py.so
[2.106s] -- Installing: /home/rohit/2dof/install/custom_interfaces/local/lib/python3.10/dist-packages/custom_interfaces/custom_interfaces_s__rosidl_typesupport_c.cpython-310-x86_64-linux-gnu.so
[2.106s] -- Installing: /home/rohit/2dof/install/custom_interfaces/local/lib/python3.10/dist-packages/custom_interfaces/_custom_interfaces_s.ep.rosidl_typesupport_introspection_c.c
[2.106s] -- Installing: /home/rohit/2dof/install/custom_interfaces/local/lib/python3.10/dist-packages/custom_interfaces/_custom_interfaces_s.ep.rosidl_typesupport_c.c
[2.106s] -- Installing: /home/rohit/2dof/install/custom_interfaces/local/lib/python3.10/dist-packages/custom_interfaces/custom_interfaces_s__rosidl_typesupport_introspection_c.cpython-310-x86_64-linux-gnu.so
[2.106s] -- Installing: /home/rohit/2dof/install/custom_interfaces/local/lib/python3.10/dist-packages/custom_interfaces/srv
[2.106s] -- Installing: /home/rohit/2dof/install/custom_interfaces/local/lib/python3.10/dist-packages/custom_interfaces/srv/__init__.py
[2.106s] -- Installing: /home/rohit/2dof/install/custom_interfaces/local/lib/python3.10/dist-packages/custom_interfaces/srv/_change_var.py
[2.106s] -- Installing: /home/rohit/2dof/install/custom_interfaces/local/lib/python3.10/dist-packages/custom_interfaces/srv/_change_var_s.c
[2.106s] -- Installing: /home/rohit/2dof/install/custom_interfaces/local/lib/python3.10/dist-packages/custom_interfaces/__init__.py
[2.106s] -- Installing: /home/rohit/2dof/install/custom_interfaces/local/lib/python3.10/dist-packages/custom_interfaces/_custom_interfaces_s.ep.rosidl_typesupport_fastrtps_c.c
[2.106s] -- Installing: /home/rohit/2dof/install/custom_interfaces/local/lib/python3.10/dist-packages/custom_interfaces/custom_interfaces_s__rosidl_typesupport_fastrtps_c.cpython-310-x86_64-linux-gnu.so
[2.134s] Listing '/home/rohit/2dof/install/custom_interfaces/local/lib/python3.10/dist-packages/custom_interfaces'...
[2.134s] Compiling '/home/rohit/2dof/install/custom_interfaces/local/lib/python3.10/dist-packages/custom_interfaces/__init__.py'...
[2.134s] Listing '/home/rohit/2dof/install/custom_interfaces/local/lib/python3.10/dist-packages/custom_interfaces/srv'...
[2.134s] Compiling '/home/rohit/2dof/install/custom_interfaces/local/lib/python3.10/dist-packages/custom_interfaces/srv/__init__.py'...
[2.135s] Compiling '/home/rohit/2dof/install/custom_interfaces/local/lib/python3.10/dist-packages/custom_interfaces/srv/_change_var.py'...
[2.138s] -- Installing: /home/rohit/2dof/install/custom_interfaces/local/lib/python3.10/dist-packages/custom_interfaces/custom_interfaces_s__rosidl_typesupport_fastrtps_c.cpython-310-x86_64-linux-gnu.so
[2.138s] -- Set runtime path of "/home/rohit/2dof/install/custom_interfaces/local/lib/python3.10/dist-packages/custom_interfaces/custom_interfaces_s__rosidl_typesupport_fastrtps_c.cpython-310-x86_64-linux-gnu.so" to ""
[2.138s] -- Installing: /home/rohit/2dof/install/custom_interfaces/local/lib/python3.10/dist-packages/custom_interfaces/custom_interfaces_s__rosidl_typesupport_introspection_c.cpython-310-x86_64-linux-gnu.so
[2.138s] -- Set runtime path of "/home/rohit/2dof/install/custom_interfaces/local/lib/python3.10/dist-packages/custom_interfaces/custom_interfaces_s__rosidl_typesupport_introspection_c.cpython-310-x86_64-linux-gnu.so" to ""
[2.138s] -- Installing: /home/rohit/2dof/install/custom_interfaces/local/lib/python3.10/dist-packages/custom_interfaces/custom_interfaces_s__rosidl_typesupport_c.cpython-310-x86_64-linux-gnu.so
[2.138s] -- Set runtime path of "/home/rohit/2dof/install/custom_interfaces/local/lib/python3.10/dist-packages/custom_interfaces/custom_interfaces_s__rosidl_typesupport_c.cpython-310-x86_64-linux-gnu.so" to ""
[2.138s] -- Installing: /home/rohit/2dof/install/custom_interfaces/lib/libcustom_interfaces__rosidl_generator_py.so
[2.138s] -- Set runtime path of "/home/rohit/2dof/install/custom_interfaces/lib/libcustom_interfaces__rosidl_generator_py.so" to ""
[2.138s] -- Installing: /home/rohit/2dof/install/custom_interfaces/share/custom_interfaces/srv/ChangeVar.idl
[2.138s] -- Installing: /home/rohit/2dof/install/custom_interfaces/share/custom_interfaces/srv/ChangeVar.srv
[2.138s] -- Installing: /home/rohit/2dof/install/custom_interfaces/share/custom_interfaces/srv/ChangeVar_Request.msg
[2.138s] -- Installing: /home/rohit/2dof/install/custom_interfaces/share/custom_interfaces/srv/ChangeVar_Response.msg
[2.139s] -- Installing: /home/rohit/2dof/install/custom_interfaces/share/ament_index/resource_index/package_run_dependencies/custom_interfaces
[2.139s] -- Installing: /home/rohit/2dof/install/custom_interfaces/share/ament_index/resource_index/parent_prefix_path/custom_interfaces
[2.139s] -- Installing: /home/rohit/2dof/install/custom_interfaces/share/custom_interfaces/environment/ament_prefix_path.sh
[2.139s] -- Installing: /home/rohit/2dof/install/custom_interfaces/share/custom_interfaces/environment/ament_prefix_path.dsv
[2.139s] -- Installing: /home/rohit/2dof/install/custom_interfaces/share/custom_interfaces/environment/path.sh
[2.139s] -- Installing: /home/rohit/2dof/install/custom_interfaces/share/custom_interfaces/environment/path.dsv
[2.139s] -- Installing: /home/rohit/2dof/install/custom_interfaces/share/custom_interfaces/local_setup.bash
[2.139s] -- Installing: /home/rohit/2dof/install/custom_interfaces/share/custom_interfaces/local_setup.sh
[2.139s] -- Installing: /home/rohit/2dof/install/custom_interfaces/share/custom_interfaces/local_setup.zsh
[2.139s] -- Installing: /home/rohit/2dof/install/custom_interfaces/share/custom_interfaces/local_setup.dsv
[2.139s] -- Installing: /home/rohit/2dof/install/custom_interfaces/share/custom_interfaces/package.dsv
[2.139s] -- Installing: /home/rohit/2dof/install/custom_interfaces/share/ament_index/resource_index/packages/custom_interfaces
[2.139s] -- Installing: /home/rohit/2dof/install/custom_interfaces/share/custom_interfaces/cmake/export_custom_interfaces__rosidl_generator_cExport.cmake
[2.139s] -- Installing: /home/rohit/2dof/install/custom_interfaces/share/custom_interfaces/cmake/export_custom_interfaces__rosidl_generator_cExport-noconfig.cmake
[2.139s] -- Installing: /home/rohit/2dof/install/custom_interfaces/share/custom_interfaces/cmake/export_custom_interfaces__rosidl_typesupport_fastrtps_cExport.cmake
[2.139s] -- Installing: /home/rohit/2dof/install/custom_interfaces/share/custom_interfaces/cmake/export_custom_interfaces__rosidl_typesupport_fastrtps_cExport-noconfig.cmake
[2.140s] -- Installing: /home/rohit/2dof/install/custom_interfaces/share/custom_interfaces/cmake/custom_interfaces__rosidl_typesupport_introspection_cExport.cmake
[2.140s] -- Installing: /home/rohit/2dof/install/custom_interfaces/share/custom_interfaces/cmake/custom_interfaces__rosidl_typesupport_introspection_cExport-noconfig.cmake
[2.140s] -- Installing: /home/rohit/2dof/install/custom_interfaces/share/custom_interfaces/cmake/custom_interfaces__rosidl_typesupport_cExport.cmake
[2.140s] -- Installing: /home/rohit/2dof/install/custom_interfaces/share/custom_interfaces/cmake/custom_interfaces__rosidl_typesupport_cExport-noconfig.cmake
[2.140s] -- Installing: /home/rohit/2dof/install/custom_interfaces/share/custom_interfaces/cmake/export_custom_interfaces__rosidl_generator_cppExport.cmake
[2.140s] -- Installing: /home/rohit/2dof/install/custom_interfaces/share/custom_interfaces/cmake/export_custom_interfaces__rosidl_typesupport_fastrtps_cppExport.cmake
[2.140s] -- Installing: /home/rohit/2dof/install/custom_interfaces/share/custom_interfaces/cmake/export_custom_interfaces__rosidl_typesupport_fastrtps_cppExport-noconfig.cmake
[2.140s] -- Installing: /home/rohit/2dof/install/custom_interfaces/share/custom_interfaces/cmake/custom_interfaces__rosidl_typesupport_introspection_cppExport.cmake
[2.140s] -- Installing: /home/rohit/2dof/install/custom_interfaces/share/custom_interfaces/cmake/custom_interfaces__rosidl_typesupport_introspection_cppExport-noconfig.cmake
[2.140s] -- Installing: /home/rohit/2dof/install/custom_interfaces/share/custom_interfaces/cmake/custom_interfaces__rosidl_typesupport_cppExport.cmake
[2.140s] -- Installing: /home/rohit/2dof/install/custom_interfaces/share/custom_interfaces/cmake/custom_interfaces__rosidl_typesupport_cppExport-noconfig.cmake
[2.140s] -- Installing: /home/rohit/2dof/install/custom_interfaces/share/custom_interfaces/cmake/export_custom_interfaces__rosidl_generator_pyExport.cmake
[2.140s] -- Installing: /home/rohit/2dof/install/custom_interfaces/share/custom_interfaces/cmake/export_custom_interfaces__rosidl_generator_pyExport-noconfig.cmake
[2.140s] -- Installing: /home/rohit/2dof/install/custom_interfaces/share/custom_interfaces/cmake/rosidl_cmake-extras.cmake
[2.140s] -- Installing: /home/rohit/2dof/install/custom_interfaces/share/custom_interfaces/cmake/ament_cmake_export_include_directories-extras.cmake
[2.140s] -- Installing: /home/rohit/2dof/install/custom_interfaces/share/custom_interfaces/cmake/ament_cmake_export_libraries-extras.cmake
[2.140s] -- Installing: /home/rohit/2dof/install/custom_interfaces/share/custom_interfaces/cmake/ament_cmake_export_targets-extras.cmake
[2.140s] -- Installing: /home/rohit/2dof/install/custom_interfaces/share/custom_interfaces/cmake/rosidl_cmake_export_typesupport_targets-extras.cmake
[2.141s] -- Installing: /home/rohit/2dof/install/custom_interfaces/share/custom_interfaces/cmake/ament_cmake_export_dependencies-extras.cmake
[2.141s] -- Installing: /home/rohit/2dof/install/custom_interfaces/share/custom_interfaces/cmake/rosidl_cmake_export_typesupport_libraries-extras.cmake
[2.141s] -- Installing: /home/rohit/2dof/install/custom_interfaces/share/custom_interfaces/cmake/custom_interfacesConfig.cmake
[2.141s] -- Installing: /home/rohit/2dof/install/custom_interfaces/share/custom_interfaces/cmake/custom_interfacesConfig-version.cmake
[2.141s] -- Installing: /home/rohit/2dof/install/custom_interfaces/share/custom_interfaces/package.xml
[2.143s] Invoked command in '/home/rohit/2dof/build/custom_interfaces' returned '0': CMAKE_PREFIX_PATH=${CMAKE_PREFIX_PATH}:/home/rohit/module2.1/install/service_package:/home/rohit/module2.1/install/my_client_pkg:/home/rohit/assigndirectory/install/pack1:/home/rohit/mynode/install/package1:/opt/ros/humble /usr/bin/cmake --install /home/rohit/2dof/build/custom_interfaces
