[0.081s] DEBUG:colcon:Command line arguments: ['/usr/bin/colcon', 'build']
[0.081s] DEBUG:colcon:Parsed command line arguments: Namespace(log_base=None, log_level=None, verb_name='build', build_base='build', install_base='install', merge_install=False, symlink_install=False, test_result_base=None, continue_on_error=False, executor='parallel', parallel_workers=20, event_handlers=None, ignore_user_meta=False, metas=['./colcon.meta'], base_paths=['.'], packages_ignore=None, packages_ignore_regex=None, paths=None, packages_up_to=None, packages_up_to_regex=None, packages_above=None, packages_above_and_dependencies=None, packages_above_depth=None, packages_select_by_dep=None, packages_skip_by_dep=None, packages_skip_up_to=None, packages_select_build_failed=False, packages_skip_build_finished=False, packages_select_test_failures=False, packages_skip_test_passed=False, packages_select=None, packages_skip=None, packages_select_regex=None, packages_skip_regex=None, packages_start=None, packages_end=None, allow_overriding=[], cmake_args=None, cmake_target=None, cmake_target_skip_unavailable=False, cmake_clean_cache=False, cmake_clean_first=False, cmake_force_configure=False, ament_cmake_args=None, catkin_cmake_args=None, catkin_skip_building_tests=False, mixin_files=None, mixin=None, verb_parser=<colcon_mixin.mixin.mixin_argument.MixinArgumentDecorator object at 0x7585f0662b00>, verb_extension=<colcon_core.verb.build.BuildVerb object at 0x7585f0757af0>, main=<bound method BuildVerb.main of <colcon_core.verb.build.BuildVerb object at 0x7585f0757af0>>, mixin_verb=('build',))
[0.203s] Level 1:colcon.colcon_core.package_discovery:discover_packages(colcon_meta) check parameters
[0.203s] Level 1:colcon.colcon_core.package_discovery:discover_packages(recursive) check parameters
[0.203s] Level 1:colcon.colcon_core.package_discovery:discover_packages(ignore) check parameters
[0.203s] Level 1:colcon.colcon_core.package_discovery:discover_packages(path) check parameters
[0.203s] Level 1:colcon.colcon_core.package_discovery:discover_packages(colcon_meta) discover
[0.203s] Level 1:colcon.colcon_core.package_discovery:discover_packages(recursive) discover
[0.203s] INFO:colcon.colcon_core.package_discovery:Crawling recursively for packages in '/home/rohit/2dof'
[0.203s] Level 1:colcon.colcon_core.package_identification:_identify(.) by extensions ['ignore', 'ignore_ament_install']
[0.203s] Level 1:colcon.colcon_core.package_identification:_identify(.) by extension 'ignore'
[0.203s] Level 1:colcon.colcon_core.package_identification:_identify(.) by extension 'ignore_ament_install'
[0.203s] Level 1:colcon.colcon_core.package_identification:_identify(.) by extensions ['colcon_pkg']
[0.203s] Level 1:colcon.colcon_core.package_identification:_identify(.) by extension 'colcon_pkg'
[0.203s] Level 1:colcon.colcon_core.package_identification:_identify(.) by extensions ['colcon_meta']
[0.203s] Level 1:colcon.colcon_core.package_identification:_identify(.) by extension 'colcon_meta'
[0.203s] Level 1:colcon.colcon_core.package_identification:_identify(.) by extensions ['ros']
[0.203s] Level 1:colcon.colcon_core.package_identification:_identify(.) by extension 'ros'
[0.212s] Level 1:colcon.colcon_core.package_identification:_identify(.) by extensions ['cmake', 'python']
[0.212s] Level 1:colcon.colcon_core.package_identification:_identify(.) by extension 'cmake'
[0.212s] Level 1:colcon.colcon_core.package_identification:_identify(.) by extension 'python'
[0.212s] Level 1:colcon.colcon_core.package_identification:_identify(.) by extensions ['python_setup_py']
[0.212s] Level 1:colcon.colcon_core.package_identification:_identify(.) by extension 'python_setup_py'
[0.212s] Level 1:colcon.colcon_core.package_identification:_identify(build) by extensions ['ignore', 'ignore_ament_install']
[0.212s] Level 1:colcon.colcon_core.package_identification:_identify(build) by extension 'ignore'
[0.212s] Level 1:colcon.colcon_core.package_identification:_identify(build) ignored
[0.212s] Level 1:colcon.colcon_core.package_identification:_identify(install) by extensions ['ignore', 'ignore_ament_install']
[0.212s] Level 1:colcon.colcon_core.package_identification:_identify(install) by extension 'ignore'
[0.212s] Level 1:colcon.colcon_core.package_identification:_identify(install) ignored
[0.212s] Level 1:colcon.colcon_core.package_identification:_identify(log) by extensions ['ignore', 'ignore_ament_install']
[0.212s] Level 1:colcon.colcon_core.package_identification:_identify(log) by extension 'ignore'
[0.212s] Level 1:colcon.colcon_core.package_identification:_identify(log) ignored
[0.212s] Level 1:colcon.colcon_core.package_identification:_identify(src) by extensions ['ignore', 'ignore_ament_install']
[0.212s] Level 1:colcon.colcon_core.package_identification:_identify(src) by extension 'ignore'
[0.212s] Level 1:colcon.colcon_core.package_identification:_identify(src) by extension 'ignore_ament_install'
[0.212s] Level 1:colcon.colcon_core.package_identification:_identify(src) by extensions ['colcon_pkg']
[0.212s] Level 1:colcon.colcon_core.package_identification:_identify(src) by extension 'colcon_pkg'
[0.212s] Level 1:colcon.colcon_core.package_identification:_identify(src) by extensions ['colcon_meta']
[0.212s] Level 1:colcon.colcon_core.package_identification:_identify(src) by extension 'colcon_meta'
[0.213s] Level 1:colcon.colcon_core.package_identification:_identify(src) by extensions ['ros']
[0.213s] Level 1:colcon.colcon_core.package_identification:_identify(src) by extension 'ros'
[0.213s] Level 1:colcon.colcon_core.package_identification:_identify(src) by extensions ['cmake', 'python']
[0.213s] Level 1:colcon.colcon_core.package_identification:_identify(src) by extension 'cmake'
[0.213s] Level 1:colcon.colcon_core.package_identification:_identify(src) by extension 'python'
[0.213s] Level 1:colcon.colcon_core.package_identification:_identify(src) by extensions ['python_setup_py']
[0.213s] Level 1:colcon.colcon_core.package_identification:_identify(src) by extension 'python_setup_py'
[0.213s] Level 1:colcon.colcon_core.package_identification:_identify(src/custom_interfaces) by extensions ['ignore', 'ignore_ament_install']
[0.213s] Level 1:colcon.colcon_core.package_identification:_identify(src/custom_interfaces) by extension 'ignore'
[0.213s] Level 1:colcon.colcon_core.package_identification:_identify(src/custom_interfaces) by extension 'ignore_ament_install'
[0.213s] Level 1:colcon.colcon_core.package_identification:_identify(src/custom_interfaces) by extensions ['colcon_pkg']
[0.213s] Level 1:colcon.colcon_core.package_identification:_identify(src/custom_interfaces) by extension 'colcon_pkg'
[0.213s] Level 1:colcon.colcon_core.package_identification:_identify(src/custom_interfaces) by extensions ['colcon_meta']
[0.213s] Level 1:colcon.colcon_core.package_identification:_identify(src/custom_interfaces) by extension 'colcon_meta'
[0.213s] Level 1:colcon.colcon_core.package_identification:_identify(src/custom_interfaces) by extensions ['ros']
[0.213s] Level 1:colcon.colcon_core.package_identification:_identify(src/custom_interfaces) by extension 'ros'
[0.215s] DEBUG:colcon.colcon_core.package_identification:Package 'src/custom_interfaces' with type 'ros.ament_cmake' and name 'custom_interfaces'
[0.215s] Level 1:colcon.colcon_core.package_identification:_identify(src/my_robot) by extensions ['ignore', 'ignore_ament_install']
[0.215s] Level 1:colcon.colcon_core.package_identification:_identify(src/my_robot) by extension 'ignore'
[0.215s] Level 1:colcon.colcon_core.package_identification:_identify(src/my_robot) by extension 'ignore_ament_install'
[0.215s] Level 1:colcon.colcon_core.package_identification:_identify(src/my_robot) by extensions ['colcon_pkg']
[0.215s] Level 1:colcon.colcon_core.package_identification:_identify(src/my_robot) by extension 'colcon_pkg'
[0.215s] Level 1:colcon.colcon_core.package_identification:_identify(src/my_robot) by extensions ['colcon_meta']
[0.215s] Level 1:colcon.colcon_core.package_identification:_identify(src/my_robot) by extension 'colcon_meta'
[0.215s] Level 1:colcon.colcon_core.package_identification:_identify(src/my_robot) by extensions ['ros']
[0.215s] Level 1:colcon.colcon_core.package_identification:_identify(src/my_robot) by extension 'ros'
[0.216s] DEBUG:colcon.colcon_core.package_identification:Package 'src/my_robot' with type 'ros.ament_cmake' and name 'my_robot'
[0.216s] Level 1:colcon.colcon_core.package_identification:_identify(src/pos) by extensions ['ignore', 'ignore_ament_install']
[0.216s] Level 1:colcon.colcon_core.package_identification:_identify(src/pos) by extension 'ignore'
[0.216s] Level 1:colcon.colcon_core.package_identification:_identify(src/pos) by extension 'ignore_ament_install'
[0.216s] Level 1:colcon.colcon_core.package_identification:_identify(src/pos) by extensions ['colcon_pkg']
[0.216s] Level 1:colcon.colcon_core.package_identification:_identify(src/pos) by extension 'colcon_pkg'
[0.216s] Level 1:colcon.colcon_core.package_identification:_identify(src/pos) by extensions ['colcon_meta']
[0.216s] Level 1:colcon.colcon_core.package_identification:_identify(src/pos) by extension 'colcon_meta'
[0.216s] Level 1:colcon.colcon_core.package_identification:_identify(src/pos) by extensions ['ros']
[0.216s] Level 1:colcon.colcon_core.package_identification:_identify(src/pos) by extension 'ros'
[0.216s] DEBUG:colcon.colcon_core.package_identification:Package 'src/pos' with type 'ros.ament_python' and name 'pos'
[0.217s] Level 1:colcon.colcon_core.package_discovery:discover_packages(recursive) using defaults
[0.217s] Level 1:colcon.colcon_core.package_discovery:discover_packages(ignore) discover
[0.217s] Level 1:colcon.colcon_core.package_discovery:discover_packages(ignore) using defaults
[0.217s] Level 1:colcon.colcon_core.package_discovery:discover_packages(path) discover
[0.217s] Level 1:colcon.colcon_core.package_discovery:discover_packages(path) using defaults
[0.239s] Level 1:colcon.colcon_core.package_discovery:discover_packages(prefix_path) check parameters
[0.239s] Level 1:colcon.colcon_core.package_discovery:discover_packages(prefix_path) discover
[0.240s] DEBUG:colcon.colcon_installed_package_information.package_discovery:Found 3 installed packages in /home/rohit/2dof/install
[0.241s] DEBUG:colcon.colcon_installed_package_information.package_discovery:Found 4 installed packages in /home/rohit/module2.1/install
[0.241s] DEBUG:colcon.colcon_installed_package_information.package_discovery:Found 1 installed packages in /home/rohit/robot_arm_ws_dup/install
[0.241s] DEBUG:colcon.colcon_installed_package_information.package_discovery:Found 1 installed packages in /home/rohit/assigndirectory/install
[0.241s] DEBUG:colcon.colcon_installed_package_information.package_discovery:Found 1 installed packages in /home/rohit/mynode/install
[0.242s] DEBUG:colcon.colcon_installed_package_information.package_discovery:Found 317 installed packages in /opt/ros/humble
[0.243s] Level 1:colcon.colcon_core.package_discovery:discover_packages(prefix_path) using defaults
[0.273s] Level 5:colcon.colcon_core.verb:set package 'custom_interfaces' build argument 'cmake_args' from command line to 'None'
[0.273s] Level 5:colcon.colcon_core.verb:set package 'custom_interfaces' build argument 'cmake_target' from command line to 'None'
[0.273s] Level 5:colcon.colcon_core.verb:set package 'custom_interfaces' build argument 'cmake_target_skip_unavailable' from command line to 'False'
[0.273s] Level 5:colcon.colcon_core.verb:set package 'custom_interfaces' build argument 'cmake_clean_cache' from command line to 'False'
[0.273s] Level 5:colcon.colcon_core.verb:set package 'custom_interfaces' build argument 'cmake_clean_first' from command line to 'False'
[0.273s] Level 5:colcon.colcon_core.verb:set package 'custom_interfaces' build argument 'cmake_force_configure' from command line to 'False'
[0.273s] Level 5:colcon.colcon_core.verb:set package 'custom_interfaces' build argument 'ament_cmake_args' from command line to 'None'
[0.273s] Level 5:colcon.colcon_core.verb:set package 'custom_interfaces' build argument 'catkin_cmake_args' from command line to 'None'
[0.273s] Level 5:colcon.colcon_core.verb:set package 'custom_interfaces' build argument 'catkin_skip_building_tests' from command line to 'False'
[0.273s] DEBUG:colcon.colcon_core.verb:Building package 'custom_interfaces' with the following arguments: {'ament_cmake_args': None, 'build_base': '/home/rohit/2dof/build/custom_interfaces', 'catkin_cmake_args': None, 'catkin_skip_building_tests': False, 'cmake_args': None, 'cmake_clean_cache': False, 'cmake_clean_first': False, 'cmake_force_configure': False, 'cmake_target': None, 'cmake_target_skip_unavailable': False, 'install_base': '/home/rohit/2dof/install/custom_interfaces', 'merge_install': False, 'path': '/home/rohit/2dof/src/custom_interfaces', 'symlink_install': False, 'test_result_base': None}
[0.274s] Level 5:colcon.colcon_core.verb:set package 'my_robot' build argument 'cmake_args' from command line to 'None'
[0.274s] Level 5:colcon.colcon_core.verb:set package 'my_robot' build argument 'cmake_target' from command line to 'None'
[0.274s] Level 5:colcon.colcon_core.verb:set package 'my_robot' build argument 'cmake_target_skip_unavailable' from command line to 'False'
[0.274s] Level 5:colcon.colcon_core.verb:set package 'my_robot' build argument 'cmake_clean_cache' from command line to 'False'
[0.274s] Level 5:colcon.colcon_core.verb:set package 'my_robot' build argument 'cmake_clean_first' from command line to 'False'
[0.274s] Level 5:colcon.colcon_core.verb:set package 'my_robot' build argument 'cmake_force_configure' from command line to 'False'
[0.274s] Level 5:colcon.colcon_core.verb:set package 'my_robot' build argument 'ament_cmake_args' from command line to 'None'
[0.274s] Level 5:colcon.colcon_core.verb:set package 'my_robot' build argument 'catkin_cmake_args' from command line to 'None'
[0.274s] Level 5:colcon.colcon_core.verb:set package 'my_robot' build argument 'catkin_skip_building_tests' from command line to 'False'
[0.274s] DEBUG:colcon.colcon_core.verb:Building package 'my_robot' with the following arguments: {'ament_cmake_args': None, 'build_base': '/home/rohit/2dof/build/my_robot', 'catkin_cmake_args': None, 'catkin_skip_building_tests': False, 'cmake_args': None, 'cmake_clean_cache': False, 'cmake_clean_first': False, 'cmake_force_configure': False, 'cmake_target': None, 'cmake_target_skip_unavailable': False, 'install_base': '/home/rohit/2dof/install/my_robot', 'merge_install': False, 'path': '/home/rohit/2dof/src/my_robot', 'symlink_install': False, 'test_result_base': None}
[0.274s] Level 5:colcon.colcon_core.verb:set package 'pos' build argument 'cmake_args' from command line to 'None'
[0.274s] Level 5:colcon.colcon_core.verb:set package 'pos' build argument 'cmake_target' from command line to 'None'
[0.274s] Level 5:colcon.colcon_core.verb:set package 'pos' build argument 'cmake_target_skip_unavailable' from command line to 'False'
[0.274s] Level 5:colcon.colcon_core.verb:set package 'pos' build argument 'cmake_clean_cache' from command line to 'False'
[0.274s] Level 5:colcon.colcon_core.verb:set package 'pos' build argument 'cmake_clean_first' from command line to 'False'
[0.274s] Level 5:colcon.colcon_core.verb:set package 'pos' build argument 'cmake_force_configure' from command line to 'False'
[0.274s] Level 5:colcon.colcon_core.verb:set package 'pos' build argument 'ament_cmake_args' from command line to 'None'
[0.274s] Level 5:colcon.colcon_core.verb:set package 'pos' build argument 'catkin_cmake_args' from command line to 'None'
[0.274s] Level 5:colcon.colcon_core.verb:set package 'pos' build argument 'catkin_skip_building_tests' from command line to 'False'
[0.274s] DEBUG:colcon.colcon_core.verb:Building package 'pos' with the following arguments: {'ament_cmake_args': None, 'build_base': '/home/rohit/2dof/build/pos', 'catkin_cmake_args': None, 'catkin_skip_building_tests': False, 'cmake_args': None, 'cmake_clean_cache': False, 'cmake_clean_first': False, 'cmake_force_configure': False, 'cmake_target': None, 'cmake_target_skip_unavailable': False, 'install_base': '/home/rohit/2dof/install/pos', 'merge_install': False, 'path': '/home/rohit/2dof/src/pos', 'symlink_install': False, 'test_result_base': None}
[0.274s] INFO:colcon.colcon_core.executor:Executing jobs using 'parallel' executor
[0.275s] DEBUG:colcon.colcon_parallel_executor.executor.parallel:run_until_complete
[0.275s] INFO:colcon.colcon_ros.task.ament_cmake.build:Building ROS package in '/home/rohit/2dof/src/custom_interfaces' with build type 'ament_cmake'
[0.275s] INFO:colcon.colcon_cmake.task.cmake.build:Building CMake package in '/home/rohit/2dof/src/custom_interfaces'
[0.277s] INFO:colcon.colcon_core.plugin_system:Skipping extension 'colcon_core.shell.bat': Not used on non-Windows systems
[0.277s] INFO:colcon.colcon_core.shell:Skip shell extension 'powershell' for command environment: Not usable outside of PowerShell
[0.277s] DEBUG:colcon.colcon_core.shell:Skip shell extension 'dsv' for command environment
[0.280s] INFO:colcon.colcon_ros.task.ament_cmake.build:Building ROS package in '/home/rohit/2dof/src/my_robot' with build type 'ament_cmake'
[0.281s] INFO:colcon.colcon_cmake.task.cmake.build:Building CMake package in '/home/rohit/2dof/src/my_robot'
[0.281s] INFO:colcon.colcon_core.shell:Skip shell extension 'powershell' for command environment: Not usable outside of PowerShell
[0.281s] DEBUG:colcon.colcon_core.shell:Skip shell extension 'dsv' for command environment
[0.289s] DEBUG:colcon.colcon_core.event_handler.log_command:Invoking command in '/home/rohit/2dof/build/custom_interfaces': CMAKE_PREFIX_PATH=${CMAKE_PREFIX_PATH}:/home/rohit/2dof/install/pos:/home/rohit/module2.1/install/service_package:/home/rohit/module2.1/install/my_client_pkg:/home/rohit/assigndirectory/install/pack1:/home/rohit/mynode/install/package1:/opt/ros/humble /usr/bin/cmake --build /home/rohit/2dof/build/custom_interfaces -- -j20 -l20
[0.291s] DEBUG:colcon.colcon_core.event_handler.log_command:Invoking command in '/home/rohit/2dof/build/my_robot': CMAKE_PREFIX_PATH=${CMAKE_PREFIX_PATH}:/home/rohit/2dof/install/pos:/home/rohit/module2.1/install/service_package:/home/rohit/module2.1/install/my_client_pkg:/home/rohit/assigndirectory/install/pack1:/home/rohit/mynode/install/package1:/opt/ros/humble /usr/bin/cmake --build /home/rohit/2dof/build/my_robot -- -j20 -l20
[0.324s] DEBUG:colcon.colcon_core.event_handler.log_command:Invoked command in '/home/rohit/2dof/build/my_robot' returned '0': CMAKE_PREFIX_PATH=${CMAKE_PREFIX_PATH}:/home/rohit/2dof/install/pos:/home/rohit/module2.1/install/service_package:/home/rohit/module2.1/install/my_client_pkg:/home/rohit/assigndirectory/install/pack1:/home/rohit/mynode/install/package1:/opt/ros/humble /usr/bin/cmake --build /home/rohit/2dof/build/my_robot -- -j20 -l20
[0.332s] DEBUG:colcon.colcon_core.event_handler.log_command:Invoking command in '/home/rohit/2dof/build/my_robot': CMAKE_PREFIX_PATH=${CMAKE_PREFIX_PATH}:/home/rohit/2dof/install/pos:/home/rohit/module2.1/install/service_package:/home/rohit/module2.1/install/my_client_pkg:/home/rohit/assigndirectory/install/pack1:/home/rohit/mynode/install/package1:/opt/ros/humble /usr/bin/cmake --install /home/rohit/2dof/build/my_robot
[0.345s] Level 1:colcon.colcon_core.environment:create_environment_scripts_only(my_robot)
[0.346s] DEBUG:colcon.colcon_core.event_handler.log_command:Invoked command in '/home/rohit/2dof/build/my_robot' returned '0': CMAKE_PREFIX_PATH=${CMAKE_PREFIX_PATH}:/home/rohit/2dof/install/pos:/home/rohit/module2.1/install/service_package:/home/rohit/module2.1/install/my_client_pkg:/home/rohit/assigndirectory/install/pack1:/home/rohit/mynode/install/package1:/opt/ros/humble /usr/bin/cmake --install /home/rohit/2dof/build/my_robot
[0.351s] Level 1:colcon.colcon_core.environment:checking '/home/rohit/2dof/install/my_robot' for CMake module files
[0.352s] Level 1:colcon.colcon_core.environment:checking '/home/rohit/2dof/install/my_robot' for CMake config files
[0.353s] Level 1:colcon.colcon_core.shell:create_environment_hook('my_robot', 'cmake_prefix_path')
[0.353s] INFO:colcon.colcon_core.shell:Creating environment hook '/home/rohit/2dof/install/my_robot/share/my_robot/hook/cmake_prefix_path.ps1'
[0.355s] INFO:colcon.colcon_core.shell:Creating environment descriptor '/home/rohit/2dof/install/my_robot/share/my_robot/hook/cmake_prefix_path.dsv'
[0.356s] INFO:colcon.colcon_core.shell:Creating environment hook '/home/rohit/2dof/install/my_robot/share/my_robot/hook/cmake_prefix_path.sh'
[0.358s] Level 1:colcon.colcon_core.environment:checking '/home/rohit/2dof/install/my_robot/bin'
[0.358s] Level 1:colcon.colcon_core.environment:checking '/home/rohit/2dof/install/my_robot/lib/pkgconfig/my_robot.pc'
[0.358s] Level 1:colcon.colcon_core.environment:checking '/home/rohit/2dof/install/my_robot/lib/python3.10/site-packages'
[0.359s] Level 1:colcon.colcon_core.environment:checking '/home/rohit/2dof/install/my_robot/bin'
[0.360s] INFO:colcon.colcon_core.shell:Creating package script '/home/rohit/2dof/install/my_robot/share/my_robot/package.ps1'
[0.361s] INFO:colcon.colcon_core.shell:Creating package descriptor '/home/rohit/2dof/install/my_robot/share/my_robot/package.dsv'
[0.362s] INFO:colcon.colcon_core.shell:Creating package script '/home/rohit/2dof/install/my_robot/share/my_robot/package.sh'
[0.364s] INFO:colcon.colcon_core.shell:Creating package script '/home/rohit/2dof/install/my_robot/share/my_robot/package.bash'
[0.367s] INFO:colcon.colcon_core.shell:Creating package script '/home/rohit/2dof/install/my_robot/share/my_robot/package.zsh'
[0.368s] Level 1:colcon.colcon_core.environment:create_file_with_runtime_dependencies(/home/rohit/2dof/install/my_robot/share/colcon-core/packages/my_robot)
[0.369s] Level 1:colcon.colcon_core.environment:create_environment_scripts_only(my_robot)
[0.369s] Level 1:colcon.colcon_core.environment:checking '/home/rohit/2dof/install/my_robot' for CMake module files
[0.369s] Level 1:colcon.colcon_core.environment:checking '/home/rohit/2dof/install/my_robot' for CMake config files
[0.369s] Level 1:colcon.colcon_core.shell:create_environment_hook('my_robot', 'cmake_prefix_path')
[0.369s] INFO:colcon.colcon_core.shell:Creating environment hook '/home/rohit/2dof/install/my_robot/share/my_robot/hook/cmake_prefix_path.ps1'
[0.370s] INFO:colcon.colcon_core.shell:Creating environment descriptor '/home/rohit/2dof/install/my_robot/share/my_robot/hook/cmake_prefix_path.dsv'
[0.370s] INFO:colcon.colcon_core.shell:Creating environment hook '/home/rohit/2dof/install/my_robot/share/my_robot/hook/cmake_prefix_path.sh'
[0.370s] Level 1:colcon.colcon_core.environment:checking '/home/rohit/2dof/install/my_robot/bin'
[0.370s] Level 1:colcon.colcon_core.environment:checking '/home/rohit/2dof/install/my_robot/lib/pkgconfig/my_robot.pc'
[0.371s] Level 1:colcon.colcon_core.environment:checking '/home/rohit/2dof/install/my_robot/lib/python3.10/site-packages'
[0.371s] Level 1:colcon.colcon_core.environment:checking '/home/rohit/2dof/install/my_robot/bin'
[0.371s] INFO:colcon.colcon_core.shell:Creating package script '/home/rohit/2dof/install/my_robot/share/my_robot/package.ps1'
[0.371s] INFO:colcon.colcon_core.shell:Creating package descriptor '/home/rohit/2dof/install/my_robot/share/my_robot/package.dsv'
[0.371s] INFO:colcon.colcon_core.shell:Creating package script '/home/rohit/2dof/install/my_robot/share/my_robot/package.sh'
[0.372s] INFO:colcon.colcon_core.shell:Creating package script '/home/rohit/2dof/install/my_robot/share/my_robot/package.bash'
[0.372s] INFO:colcon.colcon_core.shell:Creating package script '/home/rohit/2dof/install/my_robot/share/my_robot/package.zsh'
[0.372s] Level 1:colcon.colcon_core.environment:create_file_with_runtime_dependencies(/home/rohit/2dof/install/my_robot/share/colcon-core/packages/my_robot)
[0.572s] DEBUG:colcon.colcon_core.event_handler.log_command:Invoked command in '/home/rohit/2dof/build/custom_interfaces' returned '0': CMAKE_PREFIX_PATH=${CMAKE_PREFIX_PATH}:/home/rohit/2dof/install/pos:/home/rohit/module2.1/install/service_package:/home/rohit/module2.1/install/my_client_pkg:/home/rohit/assigndirectory/install/pack1:/home/rohit/mynode/install/package1:/opt/ros/humble /usr/bin/cmake --build /home/rohit/2dof/build/custom_interfaces -- -j20 -l20
[0.574s] DEBUG:colcon.colcon_core.event_handler.log_command:Invoking command in '/home/rohit/2dof/build/custom_interfaces': CMAKE_PREFIX_PATH=${CMAKE_PREFIX_PATH}:/home/rohit/2dof/install/pos:/home/rohit/module2.1/install/service_package:/home/rohit/module2.1/install/my_client_pkg:/home/rohit/assigndirectory/install/pack1:/home/rohit/mynode/install/package1:/opt/ros/humble /usr/bin/cmake --install /home/rohit/2dof/build/custom_interfaces
[0.626s] Level 1:colcon.colcon_core.environment:create_environment_scripts_only(custom_interfaces)
[0.626s] Level 1:colcon.colcon_core.environment:checking '/home/rohit/2dof/install/custom_interfaces' for CMake module files
[0.627s] DEBUG:colcon.colcon_core.event_handler.log_command:Invoked command in '/home/rohit/2dof/build/custom_interfaces' returned '0': CMAKE_PREFIX_PATH=${CMAKE_PREFIX_PATH}:/home/rohit/2dof/install/pos:/home/rohit/module2.1/install/service_package:/home/rohit/module2.1/install/my_client_pkg:/home/rohit/assigndirectory/install/pack1:/home/rohit/mynode/install/package1:/opt/ros/humble /usr/bin/cmake --install /home/rohit/2dof/build/custom_interfaces
[0.627s] Level 1:colcon.colcon_core.environment:checking '/home/rohit/2dof/install/custom_interfaces' for CMake config files
[0.627s] Level 1:colcon.colcon_core.shell:create_environment_hook('custom_interfaces', 'cmake_prefix_path')
[0.627s] INFO:colcon.colcon_core.shell:Creating environment hook '/home/rohit/2dof/install/custom_interfaces/share/custom_interfaces/hook/cmake_prefix_path.ps1'
[0.627s] INFO:colcon.colcon_core.shell:Creating environment descriptor '/home/rohit/2dof/install/custom_interfaces/share/custom_interfaces/hook/cmake_prefix_path.dsv'
[0.628s] INFO:colcon.colcon_core.shell:Creating environment hook '/home/rohit/2dof/install/custom_interfaces/share/custom_interfaces/hook/cmake_prefix_path.sh'
[0.628s] Level 1:colcon.colcon_core.environment:checking '/home/rohit/2dof/install/custom_interfaces/lib'
[0.628s] Level 1:colcon.colcon_core.shell:create_environment_hook('custom_interfaces', 'ld_library_path_lib')
[0.628s] INFO:colcon.colcon_core.shell:Creating environment hook '/home/rohit/2dof/install/custom_interfaces/share/custom_interfaces/hook/ld_library_path_lib.ps1'
[0.628s] INFO:colcon.colcon_core.shell:Creating environment descriptor '/home/rohit/2dof/install/custom_interfaces/share/custom_interfaces/hook/ld_library_path_lib.dsv'
[0.629s] INFO:colcon.colcon_core.shell:Creating environment hook '/home/rohit/2dof/install/custom_interfaces/share/custom_interfaces/hook/ld_library_path_lib.sh'
[0.629s] Level 1:colcon.colcon_core.environment:checking '/home/rohit/2dof/install/custom_interfaces/bin'
[0.629s] Level 1:colcon.colcon_core.environment:checking '/home/rohit/2dof/install/custom_interfaces/lib/pkgconfig/custom_interfaces.pc'
[0.629s] Level 1:colcon.colcon_core.environment:checking '/home/rohit/2dof/install/custom_interfaces/lib/python3.10/site-packages'
[0.629s] Level 1:colcon.colcon_core.environment:checking '/home/rohit/2dof/install/custom_interfaces/bin'
[0.629s] INFO:colcon.colcon_core.shell:Creating package script '/home/rohit/2dof/install/custom_interfaces/share/custom_interfaces/package.ps1'
[0.630s] INFO:colcon.colcon_core.shell:Creating package descriptor '/home/rohit/2dof/install/custom_interfaces/share/custom_interfaces/package.dsv'
[0.630s] INFO:colcon.colcon_core.shell:Creating package script '/home/rohit/2dof/install/custom_interfaces/share/custom_interfaces/package.sh'
[0.630s] INFO:colcon.colcon_core.shell:Creating package script '/home/rohit/2dof/install/custom_interfaces/share/custom_interfaces/package.bash'
[0.630s] INFO:colcon.colcon_core.shell:Creating package script '/home/rohit/2dof/install/custom_interfaces/share/custom_interfaces/package.zsh'
[0.630s] Level 1:colcon.colcon_core.environment:create_file_with_runtime_dependencies(/home/rohit/2dof/install/custom_interfaces/share/colcon-core/packages/custom_interfaces)
[0.631s] Level 1:colcon.colcon_core.environment:create_environment_scripts_only(custom_interfaces)
[0.631s] Level 1:colcon.colcon_core.environment:checking '/home/rohit/2dof/install/custom_interfaces' for CMake module files
[0.631s] Level 1:colcon.colcon_core.environment:checking '/home/rohit/2dof/install/custom_interfaces' for CMake config files
[0.631s] Level 1:colcon.colcon_core.shell:create_environment_hook('custom_interfaces', 'cmake_prefix_path')
[0.631s] INFO:colcon.colcon_core.shell:Creating environment hook '/home/rohit/2dof/install/custom_interfaces/share/custom_interfaces/hook/cmake_prefix_path.ps1'
[0.632s] INFO:colcon.colcon_core.shell:Creating environment descriptor '/home/rohit/2dof/install/custom_interfaces/share/custom_interfaces/hook/cmake_prefix_path.dsv'
[0.632s] INFO:colcon.colcon_core.shell:Creating environment hook '/home/rohit/2dof/install/custom_interfaces/share/custom_interfaces/hook/cmake_prefix_path.sh'
[0.632s] Level 1:colcon.colcon_core.environment:checking '/home/rohit/2dof/install/custom_interfaces/lib'
[0.632s] Level 1:colcon.colcon_core.shell:create_environment_hook('custom_interfaces', 'ld_library_path_lib')
[0.632s] INFO:colcon.colcon_core.shell:Creating environment hook '/home/rohit/2dof/install/custom_interfaces/share/custom_interfaces/hook/ld_library_path_lib.ps1'
[0.633s] INFO:colcon.colcon_core.shell:Creating environment descriptor '/home/rohit/2dof/install/custom_interfaces/share/custom_interfaces/hook/ld_library_path_lib.dsv'
[0.633s] INFO:colcon.colcon_core.shell:Creating environment hook '/home/rohit/2dof/install/custom_interfaces/share/custom_interfaces/hook/ld_library_path_lib.sh'
[0.633s] Level 1:colcon.colcon_core.environment:checking '/home/rohit/2dof/install/custom_interfaces/bin'
[0.633s] Level 1:colcon.colcon_core.environment:checking '/home/rohit/2dof/install/custom_interfaces/lib/pkgconfig/custom_interfaces.pc'
[0.633s] Level 1:colcon.colcon_core.environment:checking '/home/rohit/2dof/install/custom_interfaces/lib/python3.10/site-packages'
[0.633s] Level 1:colcon.colcon_core.environment:checking '/home/rohit/2dof/install/custom_interfaces/bin'
[0.633s] INFO:colcon.colcon_core.shell:Creating package script '/home/rohit/2dof/install/custom_interfaces/share/custom_interfaces/package.ps1'
[0.634s] INFO:colcon.colcon_core.shell:Creating package descriptor '/home/rohit/2dof/install/custom_interfaces/share/custom_interfaces/package.dsv'
[0.634s] INFO:colcon.colcon_core.shell:Creating package script '/home/rohit/2dof/install/custom_interfaces/share/custom_interfaces/package.sh'
[0.634s] INFO:colcon.colcon_core.shell:Creating package script '/home/rohit/2dof/install/custom_interfaces/share/custom_interfaces/package.bash'
[0.634s] INFO:colcon.colcon_core.shell:Creating package script '/home/rohit/2dof/install/custom_interfaces/share/custom_interfaces/package.zsh'
[0.635s] Level 1:colcon.colcon_core.environment:create_file_with_runtime_dependencies(/home/rohit/2dof/install/custom_interfaces/share/colcon-core/packages/custom_interfaces)
[0.635s] INFO:colcon.colcon_ros.task.ament_python.build:Building ROS package in '/home/rohit/2dof/src/pos' with build type 'ament_python'
[0.635s] Level 1:colcon.colcon_core.shell:create_environment_hook('pos', 'ament_prefix_path')
[0.635s] INFO:colcon.colcon_core.shell:Creating environment hook '/home/rohit/2dof/install/pos/share/pos/hook/ament_prefix_path.ps1'
[0.635s] INFO:colcon.colcon_core.shell:Creating environment descriptor '/home/rohit/2dof/install/pos/share/pos/hook/ament_prefix_path.dsv'
[0.636s] INFO:colcon.colcon_core.shell:Creating environment hook '/home/rohit/2dof/install/pos/share/pos/hook/ament_prefix_path.sh'
[0.636s] INFO:colcon.colcon_core.shell:Skip shell extension 'powershell' for command environment: Not usable outside of PowerShell
[0.636s] DEBUG:colcon.colcon_core.shell:Skip shell extension 'dsv' for command environment
[0.838s] INFO:colcon.colcon_core.task.python.build:Building Python package in '/home/rohit/2dof/src/pos'
[0.839s] INFO:colcon.colcon_core.shell:Skip shell extension 'powershell' for command environment: Not usable outside of PowerShell
[0.839s] DEBUG:colcon.colcon_core.shell:Skip shell extension 'dsv' for command environment
[1.074s] DEBUG:colcon.colcon_core.event_handler.log_command:Invoking command in '/home/rohit/2dof/src/pos': LD_LIBRARY_PATH=/home/rohit/2dof/install/custom_interfaces/lib:/usr/lib/x86_64-linux-gnu/gazebo-11/plugins:/opt/ros/humble/opt/rviz_ogre_vendor/lib:/opt/ros/humble/lib/x86_64-linux-gnu:/opt/ros/humble/lib:/usr/share/gazebo/../../lib/x86_64-linux-gnu/gazebo-11/plugins PYTHONPATH=/home/rohit/2dof/build/pos/prefix_override:/usr/lib/python3/dist-packages/colcon_core/task/python/colcon_distutils_commands:/home/rohit/2dof/install/pos/lib/python3.10/site-packages:${PYTHONPATH} /usr/bin/python3 -W ignore:setup.py install is deprecated -W ignore:easy_install command is deprecated setup.py egg_info --egg-base ../../build/pos build --build-base /home/rohit/2dof/build/pos/build install --record /home/rohit/2dof/build/pos/install.log --single-version-externally-managed install_data
[1.258s] Level 1:colcon.colcon_core.environment:checking '/home/rohit/2dof/install/pos' for CMake module files
[1.259s] DEBUG:colcon.colcon_core.event_handler.log_command:Invoked command in '/home/rohit/2dof/src/pos' returned '0': LD_LIBRARY_PATH=/home/rohit/2dof/install/custom_interfaces/lib:/usr/lib/x86_64-linux-gnu/gazebo-11/plugins:/opt/ros/humble/opt/rviz_ogre_vendor/lib:/opt/ros/humble/lib/x86_64-linux-gnu:/opt/ros/humble/lib:/usr/share/gazebo/../../lib/x86_64-linux-gnu/gazebo-11/plugins PYTHONPATH=/home/rohit/2dof/build/pos/prefix_override:/usr/lib/python3/dist-packages/colcon_core/task/python/colcon_distutils_commands:/home/rohit/2dof/install/pos/lib/python3.10/site-packages:${PYTHONPATH} /usr/bin/python3 -W ignore:setup.py install is deprecated -W ignore:easy_install command is deprecated setup.py egg_info --egg-base ../../build/pos build --build-base /home/rohit/2dof/build/pos/build install --record /home/rohit/2dof/build/pos/install.log --single-version-externally-managed install_data
[1.259s] Level 1:colcon.colcon_core.environment:checking '/home/rohit/2dof/install/pos' for CMake config files
[1.259s] Level 1:colcon.colcon_core.environment:checking '/home/rohit/2dof/install/pos/lib'
[1.259s] Level 1:colcon.colcon_core.environment:checking '/home/rohit/2dof/install/pos/bin'
[1.259s] Level 1:colcon.colcon_core.environment:checking '/home/rohit/2dof/install/pos/lib/pkgconfig/pos.pc'
[1.259s] Level 1:colcon.colcon_core.environment:checking '/home/rohit/2dof/install/pos/lib/python3.10/site-packages'
[1.259s] Level 1:colcon.colcon_core.shell:create_environment_hook('pos', 'pythonpath')
[1.260s] INFO:colcon.colcon_core.shell:Creating environment hook '/home/rohit/2dof/install/pos/share/pos/hook/pythonpath.ps1'
[1.260s] INFO:colcon.colcon_core.shell:Creating environment descriptor '/home/rohit/2dof/install/pos/share/pos/hook/pythonpath.dsv'
[1.260s] INFO:colcon.colcon_core.shell:Creating environment hook '/home/rohit/2dof/install/pos/share/pos/hook/pythonpath.sh'
[1.260s] Level 1:colcon.colcon_core.environment:checking '/home/rohit/2dof/install/pos/bin'
[1.260s] Level 1:colcon.colcon_core.environment:create_environment_scripts_only(pos)
[1.261s] INFO:colcon.colcon_core.shell:Creating package script '/home/rohit/2dof/install/pos/share/pos/package.ps1'
[1.261s] INFO:colcon.colcon_core.shell:Creating package descriptor '/home/rohit/2dof/install/pos/share/pos/package.dsv'
[1.261s] INFO:colcon.colcon_core.shell:Creating package script '/home/rohit/2dof/install/pos/share/pos/package.sh'
[1.261s] INFO:colcon.colcon_core.shell:Creating package script '/home/rohit/2dof/install/pos/share/pos/package.bash'
[1.262s] INFO:colcon.colcon_core.shell:Creating package script '/home/rohit/2dof/install/pos/share/pos/package.zsh'
[1.262s] Level 1:colcon.colcon_core.environment:create_file_with_runtime_dependencies(/home/rohit/2dof/install/pos/share/colcon-core/packages/pos)
[1.262s] DEBUG:colcon.colcon_parallel_executor.executor.parallel:closing loop
[1.262s] DEBUG:colcon.colcon_parallel_executor.executor.parallel:loop closed
[1.262s] DEBUG:colcon.colcon_parallel_executor.executor.parallel:run_until_complete finished with '0'
[1.262s] DEBUG:colcon.colcon_core.event_reactor:joining thread
[1.266s] INFO:colcon.colcon_core.plugin_system:Skipping extension 'colcon_notification.desktop_notification.terminal_notifier': Not used on non-Darwin systems
[1.266s] INFO:colcon.colcon_core.plugin_system:Skipping extension 'colcon_notification.desktop_notification.win32': Not used on non-Windows systems
[1.266s] INFO:colcon.colcon_notification.desktop_notification:Sending desktop notification using 'notify2'
[1.275s] DEBUG:colcon.colcon_core.event_reactor:joined thread
[1.276s] INFO:colcon.colcon_core.shell:Creating prefix script '/home/rohit/2dof/install/local_setup.ps1'
[1.277s] INFO:colcon.colcon_core.shell:Creating prefix util module '/home/rohit/2dof/install/_local_setup_util_ps1.py'
[1.278s] INFO:colcon.colcon_core.shell:Creating prefix chain script '/home/rohit/2dof/install/setup.ps1'
[1.279s] INFO:colcon.colcon_core.shell:Creating prefix script '/home/rohit/2dof/install/local_setup.sh'
[1.280s] INFO:colcon.colcon_core.shell:Creating prefix util module '/home/rohit/2dof/install/_local_setup_util_sh.py'
[1.280s] INFO:colcon.colcon_core.shell:Creating prefix chain script '/home/rohit/2dof/install/setup.sh'
[1.281s] INFO:colcon.colcon_core.shell:Creating prefix script '/home/rohit/2dof/install/local_setup.bash'
[1.281s] INFO:colcon.colcon_core.shell:Creating prefix chain script '/home/rohit/2dof/install/setup.bash'
[1.282s] INFO:colcon.colcon_core.shell:Creating prefix script '/home/rohit/2dof/install/local_setup.zsh'
[1.282s] INFO:colcon.colcon_core.shell:Creating prefix chain script '/home/rohit/2dof/install/setup.zsh'
