/home/rohit/2dof/install/pos/lib/python3.10/site-packages/pos/position.py
/home/rohit/2dof/install/pos/lib/python3.10/site-packages/pos/client.py
/home/rohit/2dof/install/pos/lib/python3.10/site-packages/pos/service.py
/home/rohit/2dof/install/pos/lib/python3.10/site-packages/pos/__init__.py
/home/rohit/2dof/install/pos/lib/python3.10/site-packages/pos/__pycache__/position.cpython-310.pyc
/home/rohit/2dof/install/pos/lib/python3.10/site-packages/pos/__pycache__/client.cpython-310.pyc
/home/rohit/2dof/install/pos/lib/python3.10/site-packages/pos/__pycache__/service.cpython-310.pyc
/home/rohit/2dof/install/pos/lib/python3.10/site-packages/pos/__pycache__/__init__.cpython-310.pyc
/home/rohit/2dof/install/pos/share/ament_index/resource_index/packages/pos
/home/rohit/2dof/install/pos/share/pos/package.xml
/home/rohit/2dof/install/pos/lib/python3.10/site-packages/pos-0.0.0-py3.10.egg-info/dependency_links.txt
/home/rohit/2dof/install/pos/lib/python3.10/site-packages/pos-0.0.0-py3.10.egg-info/zip-safe
/home/rohit/2dof/install/pos/lib/python3.10/site-packages/pos-0.0.0-py3.10.egg-info/SOURCES.txt
/home/rohit/2dof/install/pos/lib/python3.10/site-packages/pos-0.0.0-py3.10.egg-info/top_level.txt
/home/rohit/2dof/install/pos/lib/python3.10/site-packages/pos-0.0.0-py3.10.egg-info/entry_points.txt
/home/rohit/2dof/install/pos/lib/python3.10/site-packages/pos-0.0.0-py3.10.egg-info/requires.txt
/home/rohit/2dof/install/pos/lib/python3.10/site-packages/pos-0.0.0-py3.10.egg-info/PKG-INFO
/home/rohit/2dof/install/pos/lib/pos/additional_client
/home/rohit/2dof/install/pos/lib/pos/additional_position
/home/rohit/2dof/install/pos/lib/pos/additional_service
