[0.017s] Invoking command in '/home/rohit/2dof/build/custom_interfaces': CMAKE_PREFIX_PATH=${CMAKE_PREFIX_PATH}:/home/rohit/module2.1/install/service_package:/home/rohit/module2.1/install/my_client_pkg:/home/rohit/iitb-racecar/install/racecar:/home/rohit/iitb-racecar/install/point_mass_pkg:/home/rohit/iitb-racecar/install/odom_cmd_pkg:/home/rohit/iitb-racecar/install/dynamic_bicycle_pkg:/home/rohit/2dof/install/pos:/home/rohit/install/py_pubsub:/home/rohit/install/package1:/home/rohit/install/pack1:/home/rohit/install/my_package:/home/rohit/install/launch_testing_examples:/home/rohit/install/examples_rclpy_pointcloud_publisher:/home/rohit/install/examples_rclpy_minimal_subscriber:/home/rohit/install/examples_rclpy_minimal_service:/home/rohit/install/examples_rclpy_minimal_publisher:/home/rohit/install/examples_rclpy_minimal_client:/home/rohit/install/examples_rclpy_minimal_action_server:/home/rohit/install/examples_rclpy_minimal_action_client:/home/rohit/install/examples_rclpy_guard_conditions:/home/rohit/install/examples_rclpy_executors:/home/rohit/install/eufs_launcher:/home/rohit/install/eufs_tracks:/home/rohit/install/eufs_rqt:/home/rohit/install/eufs_racecar:/home/rohit/ros2_ws/install/launch_testing_examples:/home/rohit/ros2_ws/install/examples_rclpy_pointcloud_publisher:/home/rohit/ros2_ws/install/examples_rclpy_minimal_subscriber:/home/rohit/ros2_ws/install/examples_rclpy_minimal_service:/home/rohit/ros2_ws/install/examples_rclpy_minimal_publisher:/home/rohit/ros2_ws/install/examples_rclpy_minimal_client:/home/rohit/ros2_ws/install/examples_rclpy_minimal_action_server:/home/rohit/ros2_ws/install/examples_rclpy_minimal_action_client:/home/rohit/ros2_ws/install/examples_rclpy_guard_conditions:/home/rohit/ros2_ws/install/examples_rclpy_executors:/home/rohit/assigndirectory/install/pack1:/home/rohit/mynode/install/package1:/opt/ros/humble /usr/bin/cmake --build /home/rohit/2dof/build/custom_interfaces -- -j20 -l20
[0.042s] -- Found ament_cmake: 1.3.12 (/opt/ros/humble/share/ament_cmake/cmake)
[0.162s] -- Found rosidl_default_generators: 1.2.0 (/opt/ros/humble/share/rosidl_default_generators/cmake)
[0.170s] -- Using all available rosidl_typesupport_c: rosidl_typesupport_fastrtps_c;rosidl_typesupport_introspection_c
[0.172s] -- Found rosidl_adapter: 3.1.7 (/opt/ros/humble/share/rosidl_adapter/cmake)
[0.193s] -- Using all available rosidl_typesupport_cpp: rosidl_typesupport_fastrtps_cpp;rosidl_typesupport_introspection_cpp
[0.467s] -- Found ament_cmake_ros: 0.10.0 (/opt/ros/humble/share/ament_cmake_ros/cmake)
[0.651s] -- Using all available rosidl_typesupport_c: rosidl_typesupport_fastrtps_c;rosidl_typesupport_introspection_c
[0.916s] -- Using all available rosidl_typesupport_cpp: rosidl_typesupport_fastrtps_cpp;rosidl_typesupport_introspection_cpp
[0.946s] -- Found python_cmake_module: 0.10.0 (/opt/ros/humble/share/python_cmake_module/cmake)
[0.980s] -- Using PYTHON_EXECUTABLE: /usr/bin/python3
[0.980s] -- Using PYTHON_INCLUDE_DIRS: /usr/include/python3.10
[0.980s] -- Using PYTHON_LIBRARIES: /usr/lib/x86_64-linux-gnu/libpython3.10.so
[1.014s] -- Found ament_lint_auto: 0.12.14 (/opt/ros/humble/share/ament_lint_auto/cmake)
[1.021s] -- Added test 'lint_cmake' to check CMake code style
[1.021s] -- Added test 'xmllint' to check XML markup files
[1.023s] -- Configuring done
[1.051s] -- Generating done
[1.057s] -- Build files have been written to: /home/rohit/2dof/build/custom_interfaces
[1.081s] [  3%] [34m[1mGenerating C code for ROS interfaces[0m
[1.090s] [  6%] [34m[1mGenerating C++ code for ROS interfaces[0m
[1.101s] [  6%] Built target ament_cmake_python_copy_custom_interfaces
[1.278s] [35m[1mConsolidate compiler generated dependencies of target custom_interfaces__rosidl_generator_c[0m
[1.286s] [  6%] Built target custom_interfaces__cpp
[1.287s] [  9%] [32mBuilding C object CMakeFiles/custom_interfaces__rosidl_generator_c.dir/rosidl_generator_c/custom_interfaces/srv/detail/change_var__functions.c.o[0m
[1.297s] [35m[1mConsolidate compiler generated dependencies of target custom_interfaces__rosidl_typesupport_fastrtps_cpp[0m
[1.297s] [ 12%] [34m[1mGenerating C++ introspection for ROS interfaces[0m
[1.298s] [35m[1mConsolidate compiler generated dependencies of target custom_interfaces__rosidl_typesupport_cpp[0m
[1.298s] running egg_info
[1.299s] writing custom_interfaces.egg-info/PKG-INFO
[1.299s] writing dependency_links to custom_interfaces.egg-info/dependency_links.txt
[1.299s] writing top-level names to custom_interfaces.egg-info/top_level.txt
[1.301s] reading manifest file 'custom_interfaces.egg-info/SOURCES.txt'
[1.301s] writing manifest file 'custom_interfaces.egg-info/SOURCES.txt'
[1.307s] [ 16%] [32mBuilding CXX object CMakeFiles/custom_interfaces__rosidl_typesupport_fastrtps_cpp.dir/rosidl_typesupport_fastrtps_cpp/custom_interfaces/srv/detail/dds_fastrtps/change_var__type_support.cpp.o[0m
[1.308s] [ 19%] [32mBuilding CXX object CMakeFiles/custom_interfaces__rosidl_typesupport_cpp.dir/rosidl_typesupport_cpp/custom_interfaces/srv/change_var__type_support.cpp.o[0m
[1.323s] [ 19%] Built target ament_cmake_python_build_custom_interfaces_egg
[1.377s] [ 22%] [32m[1mLinking C shared library libcustom_interfaces__rosidl_generator_c.so[0m
[1.412s] [ 22%] Built target custom_interfaces__rosidl_generator_c
[1.424s] [ 25%] [34m[1mGenerating C introspection for ROS interfaces[0m
[1.424s] [35m[1mConsolidate compiler generated dependencies of target custom_interfaces__rosidl_typesupport_c[0m
[1.424s] [35m[1mConsolidate compiler generated dependencies of target custom_interfaces__rosidl_typesupport_fastrtps_c[0m
[1.436s] [ 29%] [32mBuilding CXX object CMakeFiles/custom_interfaces__rosidl_typesupport_c.dir/rosidl_typesupport_c/custom_interfaces/srv/change_var__type_support.cpp.o[0m
[1.438s] [ 32%] [32mBuilding CXX object CMakeFiles/custom_interfaces__rosidl_typesupport_fastrtps_c.dir/rosidl_typesupport_fastrtps_c/custom_interfaces/srv/detail/change_var__type_support_c.cpp.o[0m
[1.466s] [ 35%] [32m[1mLinking CXX shared library libcustom_interfaces__rosidl_typesupport_cpp.so[0m
[1.467s] [ 38%] [32m[1mLinking CXX shared library libcustom_interfaces__rosidl_typesupport_c.so[0m
[1.483s] [35m[1mConsolidate compiler generated dependencies of target custom_interfaces__rosidl_typesupport_introspection_cpp[0m
[1.497s] [ 41%] [32mBuilding CXX object CMakeFiles/custom_interfaces__rosidl_typesupport_introspection_cpp.dir/rosidl_typesupport_introspection_cpp/custom_interfaces/srv/detail/change_var__type_support.cpp.o[0m
[1.503s] [ 45%] Built target custom_interfaces__rosidl_typesupport_cpp
[1.509s] [ 48%] Built target custom_interfaces__rosidl_typesupport_c
[1.550s] [ 51%] [32m[1mLinking CXX shared library libcustom_interfaces__rosidl_typesupport_fastrtps_cpp.so[0m
[1.608s] [ 54%] Built target custom_interfaces__rosidl_typesupport_fastrtps_cpp
[1.610s] [35m[1mConsolidate compiler generated dependencies of target custom_interfaces__rosidl_typesupport_introspection_c[0m
[1.623s] [ 58%] [32mBuilding C object CMakeFiles/custom_interfaces__rosidl_typesupport_introspection_c.dir/rosidl_typesupport_introspection_c/custom_interfaces/srv/detail/change_var__type_support.c.o[0m
[1.643s] [ 61%] [32m[1mLinking CXX shared library libcustom_interfaces__rosidl_typesupport_fastrtps_c.so[0m
[1.657s] [ 64%] [32m[1mLinking C shared library libcustom_interfaces__rosidl_typesupport_introspection_c.so[0m
[1.688s] [ 64%] Built target custom_interfaces__rosidl_typesupport_introspection_c
[1.703s] [ 67%] Built target custom_interfaces__rosidl_typesupport_fastrtps_c
[1.732s] [ 70%] [32m[1mLinking CXX shared library libcustom_interfaces__rosidl_typesupport_introspection_cpp.so[0m
[1.762s] [ 70%] Built target custom_interfaces__rosidl_typesupport_introspection_cpp
[1.782s] [ 70%] Built target custom_interfaces
[1.801s] [ 74%] [34m[1mGenerating Python code for ROS interfaces[0m
[2.044s] [ 74%] Built target custom_interfaces__py
[2.053s] [35m[1mConsolidate compiler generated dependencies of target custom_interfaces__rosidl_generator_py[0m
[2.062s] [ 77%] [32mBuilding C object CMakeFiles/custom_interfaces__rosidl_generator_py.dir/rosidl_generator_py/custom_interfaces/srv/_change_var_s.c.o[0m
[2.131s] [ 80%] [32m[1mLinking C shared library rosidl_generator_py/custom_interfaces/libcustom_interfaces__rosidl_generator_py.so[0m
[2.167s] [ 80%] Built target custom_interfaces__rosidl_generator_py
[2.178s] [35m[1mConsolidate compiler generated dependencies of target custom_interfaces__rosidl_typesupport_introspection_c__pyext[0m
[2.178s] [35m[1mConsolidate compiler generated dependencies of target custom_interfaces__rosidl_typesupport_fastrtps_c__pyext[0m
[2.179s] [35m[1mConsolidate compiler generated dependencies of target custom_interfaces__rosidl_typesupport_c__pyext[0m
[2.188s] [ 83%] [32mBuilding C object CMakeFiles/custom_interfaces__rosidl_typesupport_fastrtps_c__pyext.dir/rosidl_generator_py/custom_interfaces/_custom_interfaces_s.ep.rosidl_typesupport_fastrtps_c.c.o[0m
[2.191s] [ 87%] [32mBuilding C object CMakeFiles/custom_interfaces__rosidl_typesupport_introspection_c__pyext.dir/rosidl_generator_py/custom_interfaces/_custom_interfaces_s.ep.rosidl_typesupport_introspection_c.c.o[0m
[2.191s] [ 90%] [32mBuilding C object CMakeFiles/custom_interfaces__rosidl_typesupport_c__pyext.dir/rosidl_generator_py/custom_interfaces/_custom_interfaces_s.ep.rosidl_typesupport_c.c.o[0m
[2.254s] [100%] [32m[1mLinking C shared library rosidl_generator_py/custom_interfaces/custom_interfaces_s__rosidl_typesupport_introspection_c.cpython-310-x86_64-linux-gnu.so[0m
[2.254s] [100%] [32m[1mLinking C shared library rosidl_generator_py/custom_interfaces/custom_interfaces_s__rosidl_typesupport_fastrtps_c.cpython-310-x86_64-linux-gnu.so[0m
[2.254s] [100%] [32m[1mLinking C shared library rosidl_generator_py/custom_interfaces/custom_interfaces_s__rosidl_typesupport_c.cpython-310-x86_64-linux-gnu.so[0m
[2.280s] [100%] Built target custom_interfaces__rosidl_typesupport_c__pyext
[2.282s] [100%] Built target custom_interfaces__rosidl_typesupport_fastrtps_c__pyext
[2.284s] [100%] Built target custom_interfaces__rosidl_typesupport_introspection_c__pyext
[2.292s] Invoked command in '/home/rohit/2dof/build/custom_interfaces' returned '0': CMAKE_PREFIX_PATH=${CMAKE_PREFIX_PATH}:/home/rohit/module2.1/install/service_package:/home/rohit/module2.1/install/my_client_pkg:/home/rohit/iitb-racecar/install/racecar:/home/rohit/iitb-racecar/install/point_mass_pkg:/home/rohit/iitb-racecar/install/odom_cmd_pkg:/home/rohit/iitb-racecar/install/dynamic_bicycle_pkg:/home/rohit/2dof/install/pos:/home/rohit/install/py_pubsub:/home/rohit/install/package1:/home/rohit/install/pack1:/home/rohit/install/my_package:/home/rohit/install/launch_testing_examples:/home/rohit/install/examples_rclpy_pointcloud_publisher:/home/rohit/install/examples_rclpy_minimal_subscriber:/home/rohit/install/examples_rclpy_minimal_service:/home/rohit/install/examples_rclpy_minimal_publisher:/home/rohit/install/examples_rclpy_minimal_client:/home/rohit/install/examples_rclpy_minimal_action_server:/home/rohit/install/examples_rclpy_minimal_action_client:/home/rohit/install/examples_rclpy_guard_conditions:/home/rohit/install/examples_rclpy_executors:/home/rohit/install/eufs_launcher:/home/rohit/install/eufs_tracks:/home/rohit/install/eufs_rqt:/home/rohit/install/eufs_racecar:/home/rohit/ros2_ws/install/launch_testing_examples:/home/rohit/ros2_ws/install/examples_rclpy_pointcloud_publisher:/home/rohit/ros2_ws/install/examples_rclpy_minimal_subscriber:/home/rohit/ros2_ws/install/examples_rclpy_minimal_service:/home/rohit/ros2_ws/install/examples_rclpy_minimal_publisher:/home/rohit/ros2_ws/install/examples_rclpy_minimal_client:/home/rohit/ros2_ws/install/examples_rclpy_minimal_action_server:/home/rohit/ros2_ws/install/examples_rclpy_minimal_action_client:/home/rohit/ros2_ws/install/examples_rclpy_guard_conditions:/home/rohit/ros2_ws/install/examples_rclpy_executors:/home/rohit/assigndirectory/install/pack1:/home/rohit/mynode/install/package1:/opt/ros/humble /usr/bin/cmake --build /home/rohit/2dof/build/custom_interfaces -- -j20 -l20
[2.294s] Invoking command in '/home/rohit/2dof/build/custom_interfaces': CMAKE_PREFIX_PATH=${CMAKE_PREFIX_PATH}:/home/rohit/module2.1/install/service_package:/home/rohit/module2.1/install/my_client_pkg:/home/rohit/iitb-racecar/install/racecar:/home/rohit/iitb-racecar/install/point_mass_pkg:/home/rohit/iitb-racecar/install/odom_cmd_pkg:/home/rohit/iitb-racecar/install/dynamic_bicycle_pkg:/home/rohit/2dof/install/pos:/home/rohit/install/py_pubsub:/home/rohit/install/package1:/home/rohit/install/pack1:/home/rohit/install/my_package:/home/rohit/install/launch_testing_examples:/home/rohit/install/examples_rclpy_pointcloud_publisher:/home/rohit/install/examples_rclpy_minimal_subscriber:/home/rohit/install/examples_rclpy_minimal_service:/home/rohit/install/examples_rclpy_minimal_publisher:/home/rohit/install/examples_rclpy_minimal_client:/home/rohit/install/examples_rclpy_minimal_action_server:/home/rohit/install/examples_rclpy_minimal_action_client:/home/rohit/install/examples_rclpy_guard_conditions:/home/rohit/install/examples_rclpy_executors:/home/rohit/install/eufs_launcher:/home/rohit/install/eufs_tracks:/home/rohit/install/eufs_rqt:/home/rohit/install/eufs_racecar:/home/rohit/ros2_ws/install/launch_testing_examples:/home/rohit/ros2_ws/install/examples_rclpy_pointcloud_publisher:/home/rohit/ros2_ws/install/examples_rclpy_minimal_subscriber:/home/rohit/ros2_ws/install/examples_rclpy_minimal_service:/home/rohit/ros2_ws/install/examples_rclpy_minimal_publisher:/home/rohit/ros2_ws/install/examples_rclpy_minimal_client:/home/rohit/ros2_ws/install/examples_rclpy_minimal_action_server:/home/rohit/ros2_ws/install/examples_rclpy_minimal_action_client:/home/rohit/ros2_ws/install/examples_rclpy_guard_conditions:/home/rohit/ros2_ws/install/examples_rclpy_executors:/home/rohit/assigndirectory/install/pack1:/home/rohit/mynode/install/package1:/opt/ros/humble /usr/bin/cmake --install /home/rohit/2dof/build/custom_interfaces
[2.301s] -- Install configuration: ""
[2.301s] -- Up-to-date: /home/rohit/2dof/install/custom_interfaces/share/ament_index/resource_index/rosidl_interfaces/custom_interfaces
[2.301s] -- Up-to-date: /home/rohit/2dof/install/custom_interfaces/include/custom_interfaces/custom_interfaces
[2.301s] -- Up-to-date: /home/rohit/2dof/install/custom_interfaces/include/custom_interfaces/custom_interfaces/msg
[2.301s] -- Up-to-date: /home/rohit/2dof/install/custom_interfaces/include/custom_interfaces/custom_interfaces/msg/rosidl_generator_c__visibility_control.h
[2.301s] -- Up-to-date: /home/rohit/2dof/install/custom_interfaces/include/custom_interfaces/custom_interfaces/srv
[2.301s] -- Up-to-date: /home/rohit/2dof/install/custom_interfaces/include/custom_interfaces/custom_interfaces/srv/detail
[2.301s] -- Installing: /home/rohit/2dof/install/custom_interfaces/include/custom_interfaces/custom_interfaces/srv/detail/change_var__functions.c
[2.301s] -- Installing: /home/rohit/2dof/install/custom_interfaces/include/custom_interfaces/custom_interfaces/srv/detail/change_var__type_support.h
[2.302s] -- Installing: /home/rohit/2dof/install/custom_interfaces/include/custom_interfaces/custom_interfaces/srv/detail/change_var__struct.h
[2.302s] -- Installing: /home/rohit/2dof/install/custom_interfaces/include/custom_interfaces/custom_interfaces/srv/detail/change_var__functions.h
[2.302s] -- Installing: /home/rohit/2dof/install/custom_interfaces/include/custom_interfaces/custom_interfaces/srv/change_var.h
[2.302s] -- Installing: /home/rohit/2dof/install/custom_interfaces/share/custom_interfaces/environment/library_path.sh
[2.302s] -- Installing: /home/rohit/2dof/install/custom_interfaces/share/custom_interfaces/environment/library_path.dsv
[2.303s] -- Installing: /home/rohit/2dof/install/custom_interfaces/lib/libcustom_interfaces__rosidl_generator_c.so
[2.303s] -- Set runtime path of "/home/rohit/2dof/install/custom_interfaces/lib/libcustom_interfaces__rosidl_generator_c.so" to ""
[2.303s] -- Up-to-date: /home/rohit/2dof/install/custom_interfaces/include/custom_interfaces/custom_interfaces
[2.303s] -- Up-to-date: /home/rohit/2dof/install/custom_interfaces/include/custom_interfaces/custom_interfaces/msg
[2.303s] -- Up-to-date: /home/rohit/2dof/install/custom_interfaces/include/custom_interfaces/custom_interfaces/msg/rosidl_typesupport_fastrtps_c__visibility_control.h
[2.303s] -- Up-to-date: /home/rohit/2dof/install/custom_interfaces/include/custom_interfaces/custom_interfaces/srv
[2.303s] -- Up-to-date: /home/rohit/2dof/install/custom_interfaces/include/custom_interfaces/custom_interfaces/srv/detail
[2.303s] -- Up-to-date: /home/rohit/2dof/install/custom_interfaces/include/custom_interfaces/custom_interfaces/srv/detail/change_var__rosidl_typesupport_fastrtps_c.h
[2.304s] -- Installing: /home/rohit/2dof/install/custom_interfaces/lib/libcustom_interfaces__rosidl_typesupport_fastrtps_c.so
[2.304s] -- Set runtime path of "/home/rohit/2dof/install/custom_interfaces/lib/libcustom_interfaces__rosidl_typesupport_fastrtps_c.so" to ""
[2.304s] -- Up-to-date: /home/rohit/2dof/install/custom_interfaces/include/custom_interfaces/custom_interfaces
[2.304s] -- Up-to-date: /home/rohit/2dof/install/custom_interfaces/include/custom_interfaces/custom_interfaces/msg
[2.304s] -- Up-to-date: /home/rohit/2dof/install/custom_interfaces/include/custom_interfaces/custom_interfaces/msg/rosidl_typesupport_introspection_c__visibility_control.h
[2.304s] -- Up-to-date: /home/rohit/2dof/install/custom_interfaces/include/custom_interfaces/custom_interfaces/srv
[2.304s] -- Up-to-date: /home/rohit/2dof/install/custom_interfaces/include/custom_interfaces/custom_interfaces/srv/detail
[2.304s] -- Installing: /home/rohit/2dof/install/custom_interfaces/include/custom_interfaces/custom_interfaces/srv/detail/change_var__type_support.c
[2.304s] -- Installing: /home/rohit/2dof/install/custom_interfaces/include/custom_interfaces/custom_interfaces/srv/detail/change_var__rosidl_typesupport_introspection_c.h
[2.304s] -- Installing: /home/rohit/2dof/install/custom_interfaces/lib/libcustom_interfaces__rosidl_typesupport_introspection_c.so
[2.304s] -- Set runtime path of "/home/rohit/2dof/install/custom_interfaces/lib/libcustom_interfaces__rosidl_typesupport_introspection_c.so" to ""
[2.305s] -- Installing: /home/rohit/2dof/install/custom_interfaces/lib/libcustom_interfaces__rosidl_typesupport_c.so
[2.305s] -- Set runtime path of "/home/rohit/2dof/install/custom_interfaces/lib/libcustom_interfaces__rosidl_typesupport_c.so" to ""
[2.305s] -- Up-to-date: /home/rohit/2dof/install/custom_interfaces/include/custom_interfaces/custom_interfaces
[2.305s] -- Up-to-date: /home/rohit/2dof/install/custom_interfaces/include/custom_interfaces/custom_interfaces/msg
[2.305s] -- Up-to-date: /home/rohit/2dof/install/custom_interfaces/include/custom_interfaces/custom_interfaces/msg/rosidl_generator_cpp__visibility_control.hpp
[2.306s] -- Up-to-date: /home/rohit/2dof/install/custom_interfaces/include/custom_interfaces/custom_interfaces/srv
[2.306s] -- Installing: /home/rohit/2dof/install/custom_interfaces/include/custom_interfaces/custom_interfaces/srv/change_var.hpp
[2.306s] -- Up-to-date: /home/rohit/2dof/install/custom_interfaces/include/custom_interfaces/custom_interfaces/srv/detail
[2.306s] -- Installing: /home/rohit/2dof/install/custom_interfaces/include/custom_interfaces/custom_interfaces/srv/detail/change_var__builder.hpp
[2.306s] -- Installing: /home/rohit/2dof/install/custom_interfaces/include/custom_interfaces/custom_interfaces/srv/detail/change_var__type_support.hpp
[2.306s] -- Installing: /home/rohit/2dof/install/custom_interfaces/include/custom_interfaces/custom_interfaces/srv/detail/change_var__struct.hpp
[2.306s] -- Installing: /home/rohit/2dof/install/custom_interfaces/include/custom_interfaces/custom_interfaces/srv/detail/change_var__traits.hpp
[2.306s] -- Up-to-date: /home/rohit/2dof/install/custom_interfaces/include/custom_interfaces/custom_interfaces
[2.306s] -- Up-to-date: /home/rohit/2dof/install/custom_interfaces/include/custom_interfaces/custom_interfaces/msg
[2.306s] -- Up-to-date: /home/rohit/2dof/install/custom_interfaces/include/custom_interfaces/custom_interfaces/msg/rosidl_typesupport_fastrtps_cpp__visibility_control.h
[2.306s] -- Up-to-date: /home/rohit/2dof/install/custom_interfaces/include/custom_interfaces/custom_interfaces/srv
[2.306s] -- Up-to-date: /home/rohit/2dof/install/custom_interfaces/include/custom_interfaces/custom_interfaces/srv/detail
[2.306s] -- Up-to-date: /home/rohit/2dof/install/custom_interfaces/include/custom_interfaces/custom_interfaces/srv/detail/dds_fastrtps
[2.306s] -- Up-to-date: /home/rohit/2dof/install/custom_interfaces/include/custom_interfaces/custom_interfaces/srv/detail/change_var__rosidl_typesupport_fastrtps_cpp.hpp
[2.306s] -- Installing: /home/rohit/2dof/install/custom_interfaces/lib/libcustom_interfaces__rosidl_typesupport_fastrtps_cpp.so
[2.307s] -- Set runtime path of "/home/rohit/2dof/install/custom_interfaces/lib/libcustom_interfaces__rosidl_typesupport_fastrtps_cpp.so" to ""
[2.307s] -- Up-to-date: /home/rohit/2dof/install/custom_interfaces/include/custom_interfaces/custom_interfaces
[2.307s] -- Up-to-date: /home/rohit/2dof/install/custom_interfaces/include/custom_interfaces/custom_interfaces/srv
[2.307s] -- Up-to-date: /home/rohit/2dof/install/custom_interfaces/include/custom_interfaces/custom_interfaces/srv/detail
[2.307s] -- Installing: /home/rohit/2dof/install/custom_interfaces/include/custom_interfaces/custom_interfaces/srv/detail/change_var__type_support.cpp
[2.307s] -- Installing: /home/rohit/2dof/install/custom_interfaces/include/custom_interfaces/custom_interfaces/srv/detail/change_var__rosidl_typesupport_introspection_cpp.hpp
[2.307s] -- Installing: /home/rohit/2dof/install/custom_interfaces/lib/libcustom_interfaces__rosidl_typesupport_introspection_cpp.so
[2.307s] -- Set runtime path of "/home/rohit/2dof/install/custom_interfaces/lib/libcustom_interfaces__rosidl_typesupport_introspection_cpp.so" to ""
[2.308s] -- Installing: /home/rohit/2dof/install/custom_interfaces/lib/libcustom_interfaces__rosidl_typesupport_cpp.so
[2.308s] -- Set runtime path of "/home/rohit/2dof/install/custom_interfaces/lib/libcustom_interfaces__rosidl_typesupport_cpp.so" to ""
[2.308s] -- Up-to-date: /home/rohit/2dof/install/custom_interfaces/share/custom_interfaces/environment/pythonpath.sh
[2.308s] -- Installing: /home/rohit/2dof/install/custom_interfaces/share/custom_interfaces/environment/pythonpath.dsv
[2.308s] -- Up-to-date: /home/rohit/2dof/install/custom_interfaces/local/lib/python3.10/dist-packages/custom_interfaces-0.0.0-py3.10.egg-info
[2.308s] -- Installing: /home/rohit/2dof/install/custom_interfaces/local/lib/python3.10/dist-packages/custom_interfaces-0.0.0-py3.10.egg-info/dependency_links.txt
[2.308s] -- Installing: /home/rohit/2dof/install/custom_interfaces/local/lib/python3.10/dist-packages/custom_interfaces-0.0.0-py3.10.egg-info/SOURCES.txt
[2.308s] -- Installing: /home/rohit/2dof/install/custom_interfaces/local/lib/python3.10/dist-packages/custom_interfaces-0.0.0-py3.10.egg-info/top_level.txt
[2.308s] -- Installing: /home/rohit/2dof/install/custom_interfaces/local/lib/python3.10/dist-packages/custom_interfaces-0.0.0-py3.10.egg-info/PKG-INFO
[2.308s] -- Up-to-date: /home/rohit/2dof/install/custom_interfaces/local/lib/python3.10/dist-packages/custom_interfaces
[2.308s] -- Installing: /home/rohit/2dof/install/custom_interfaces/local/lib/python3.10/dist-packages/custom_interfaces/libcustom_interfaces__rosidl_generator_py.so
[2.308s] -- Installing: /home/rohit/2dof/install/custom_interfaces/local/lib/python3.10/dist-packages/custom_interfaces/custom_interfaces_s__rosidl_typesupport_c.cpython-310-x86_64-linux-gnu.so
[2.308s] -- Installing: /home/rohit/2dof/install/custom_interfaces/local/lib/python3.10/dist-packages/custom_interfaces/_custom_interfaces_s.ep.rosidl_typesupport_introspection_c.c
[2.308s] -- Installing: /home/rohit/2dof/install/custom_interfaces/local/lib/python3.10/dist-packages/custom_interfaces/_custom_interfaces_s.ep.rosidl_typesupport_c.c
[2.308s] -- Installing: /home/rohit/2dof/install/custom_interfaces/local/lib/python3.10/dist-packages/custom_interfaces/custom_interfaces_s__rosidl_typesupport_introspection_c.cpython-310-x86_64-linux-gnu.so
[2.308s] -- Up-to-date: /home/rohit/2dof/install/custom_interfaces/local/lib/python3.10/dist-packages/custom_interfaces/srv
[2.308s] -- Installing: /home/rohit/2dof/install/custom_interfaces/local/lib/python3.10/dist-packages/custom_interfaces/srv/__init__.py
[2.308s] -- Installing: /home/rohit/2dof/install/custom_interfaces/local/lib/python3.10/dist-packages/custom_interfaces/srv/_change_var.py
[2.309s] -- Installing: /home/rohit/2dof/install/custom_interfaces/local/lib/python3.10/dist-packages/custom_interfaces/srv/_change_var_s.c
[2.309s] -- Installing: /home/rohit/2dof/install/custom_interfaces/local/lib/python3.10/dist-packages/custom_interfaces/__init__.py
[2.309s] -- Installing: /home/rohit/2dof/install/custom_interfaces/local/lib/python3.10/dist-packages/custom_interfaces/_custom_interfaces_s.ep.rosidl_typesupport_fastrtps_c.c
[2.309s] -- Installing: /home/rohit/2dof/install/custom_interfaces/local/lib/python3.10/dist-packages/custom_interfaces/custom_interfaces_s__rosidl_typesupport_fastrtps_c.cpython-310-x86_64-linux-gnu.so
[2.345s] Listing '/home/rohit/2dof/install/custom_interfaces/local/lib/python3.10/dist-packages/custom_interfaces'...
[2.345s] Compiling '/home/rohit/2dof/install/custom_interfaces/local/lib/python3.10/dist-packages/custom_interfaces/__init__.py'...
[2.345s] Listing '/home/rohit/2dof/install/custom_interfaces/local/lib/python3.10/dist-packages/custom_interfaces/srv'...
[2.345s] Compiling '/home/rohit/2dof/install/custom_interfaces/local/lib/python3.10/dist-packages/custom_interfaces/srv/__init__.py'...
[2.346s] Compiling '/home/rohit/2dof/install/custom_interfaces/local/lib/python3.10/dist-packages/custom_interfaces/srv/_change_var.py'...
[2.349s] -- Installing: /home/rohit/2dof/install/custom_interfaces/local/lib/python3.10/dist-packages/custom_interfaces/custom_interfaces_s__rosidl_typesupport_fastrtps_c.cpython-310-x86_64-linux-gnu.so
[2.349s] -- Set runtime path of "/home/rohit/2dof/install/custom_interfaces/local/lib/python3.10/dist-packages/custom_interfaces/custom_interfaces_s__rosidl_typesupport_fastrtps_c.cpython-310-x86_64-linux-gnu.so" to ""
[2.349s] -- Installing: /home/rohit/2dof/install/custom_interfaces/local/lib/python3.10/dist-packages/custom_interfaces/custom_interfaces_s__rosidl_typesupport_introspection_c.cpython-310-x86_64-linux-gnu.so
[2.349s] -- Set runtime path of "/home/rohit/2dof/install/custom_interfaces/local/lib/python3.10/dist-packages/custom_interfaces/custom_interfaces_s__rosidl_typesupport_introspection_c.cpython-310-x86_64-linux-gnu.so" to ""
[2.350s] -- Installing: /home/rohit/2dof/install/custom_interfaces/local/lib/python3.10/dist-packages/custom_interfaces/custom_interfaces_s__rosidl_typesupport_c.cpython-310-x86_64-linux-gnu.so
[2.350s] -- Set runtime path of "/home/rohit/2dof/install/custom_interfaces/local/lib/python3.10/dist-packages/custom_interfaces/custom_interfaces_s__rosidl_typesupport_c.cpython-310-x86_64-linux-gnu.so" to ""
[2.350s] -- Installing: /home/rohit/2dof/install/custom_interfaces/lib/libcustom_interfaces__rosidl_generator_py.so
[2.351s] -- Set runtime path of "/home/rohit/2dof/install/custom_interfaces/lib/libcustom_interfaces__rosidl_generator_py.so" to ""
[2.351s] -- Up-to-date: /home/rohit/2dof/install/custom_interfaces/share/custom_interfaces/srv/ChangeVar.idl
[2.351s] -- Up-to-date: /home/rohit/2dof/install/custom_interfaces/share/custom_interfaces/srv/ChangeVar.srv
[2.351s] -- Up-to-date: /home/rohit/2dof/install/custom_interfaces/share/custom_interfaces/srv/ChangeVar_Request.msg
[2.351s] -- Up-to-date: /home/rohit/2dof/install/custom_interfaces/share/custom_interfaces/srv/ChangeVar_Response.msg
[2.351s] -- Up-to-date: /home/rohit/2dof/install/custom_interfaces/share/ament_index/resource_index/package_run_dependencies/custom_interfaces
[2.352s] -- Installing: /home/rohit/2dof/install/custom_interfaces/share/ament_index/resource_index/parent_prefix_path/custom_interfaces
[2.352s] -- Installing: /home/rohit/2dof/install/custom_interfaces/share/custom_interfaces/environment/ament_prefix_path.sh
[2.352s] -- Installing: /home/rohit/2dof/install/custom_interfaces/share/custom_interfaces/environment/ament_prefix_path.dsv
[2.352s] -- Installing: /home/rohit/2dof/install/custom_interfaces/share/custom_interfaces/environment/path.sh
[2.352s] -- Installing: /home/rohit/2dof/install/custom_interfaces/share/custom_interfaces/environment/path.dsv
[2.352s] -- Up-to-date: /home/rohit/2dof/install/custom_interfaces/share/custom_interfaces/local_setup.bash
[2.352s] -- Up-to-date: /home/rohit/2dof/install/custom_interfaces/share/custom_interfaces/local_setup.sh
[2.352s] -- Up-to-date: /home/rohit/2dof/install/custom_interfaces/share/custom_interfaces/local_setup.zsh
[2.352s] -- Installing: /home/rohit/2dof/install/custom_interfaces/share/custom_interfaces/local_setup.dsv
[2.352s] -- Installing: /home/rohit/2dof/install/custom_interfaces/share/custom_interfaces/package.dsv
[2.352s] -- Up-to-date: /home/rohit/2dof/install/custom_interfaces/share/ament_index/resource_index/packages/custom_interfaces
[2.353s] -- Up-to-date: /home/rohit/2dof/install/custom_interfaces/share/custom_interfaces/cmake/export_custom_interfaces__rosidl_generator_cExport.cmake
[2.353s] -- Up-to-date: /home/rohit/2dof/install/custom_interfaces/share/custom_interfaces/cmake/export_custom_interfaces__rosidl_generator_cExport-noconfig.cmake
[2.353s] -- Up-to-date: /home/rohit/2dof/install/custom_interfaces/share/custom_interfaces/cmake/export_custom_interfaces__rosidl_typesupport_fastrtps_cExport.cmake
[2.353s] -- Up-to-date: /home/rohit/2dof/install/custom_interfaces/share/custom_interfaces/cmake/export_custom_interfaces__rosidl_typesupport_fastrtps_cExport-noconfig.cmake
[2.353s] -- Up-to-date: /home/rohit/2dof/install/custom_interfaces/share/custom_interfaces/cmake/custom_interfaces__rosidl_typesupport_introspection_cExport.cmake
[2.353s] -- Up-to-date: /home/rohit/2dof/install/custom_interfaces/share/custom_interfaces/cmake/custom_interfaces__rosidl_typesupport_introspection_cExport-noconfig.cmake
[2.353s] -- Up-to-date: /home/rohit/2dof/install/custom_interfaces/share/custom_interfaces/cmake/custom_interfaces__rosidl_typesupport_cExport.cmake
[2.353s] -- Up-to-date: /home/rohit/2dof/install/custom_interfaces/share/custom_interfaces/cmake/custom_interfaces__rosidl_typesupport_cExport-noconfig.cmake
[2.353s] -- Up-to-date: /home/rohit/2dof/install/custom_interfaces/share/custom_interfaces/cmake/export_custom_interfaces__rosidl_generator_cppExport.cmake
[2.353s] -- Up-to-date: /home/rohit/2dof/install/custom_interfaces/share/custom_interfaces/cmake/export_custom_interfaces__rosidl_typesupport_fastrtps_cppExport.cmake
[2.353s] -- Up-to-date: /home/rohit/2dof/install/custom_interfaces/share/custom_interfaces/cmake/export_custom_interfaces__rosidl_typesupport_fastrtps_cppExport-noconfig.cmake
[2.353s] -- Up-to-date: /home/rohit/2dof/install/custom_interfaces/share/custom_interfaces/cmake/custom_interfaces__rosidl_typesupport_introspection_cppExport.cmake
[2.353s] -- Up-to-date: /home/rohit/2dof/install/custom_interfaces/share/custom_interfaces/cmake/custom_interfaces__rosidl_typesupport_introspection_cppExport-noconfig.cmake
[2.353s] -- Up-to-date: /home/rohit/2dof/install/custom_interfaces/share/custom_interfaces/cmake/custom_interfaces__rosidl_typesupport_cppExport.cmake
[2.353s] -- Up-to-date: /home/rohit/2dof/install/custom_interfaces/share/custom_interfaces/cmake/custom_interfaces__rosidl_typesupport_cppExport-noconfig.cmake
[2.354s] -- Up-to-date: /home/rohit/2dof/install/custom_interfaces/share/custom_interfaces/cmake/export_custom_interfaces__rosidl_generator_pyExport.cmake
[2.354s] -- Up-to-date: /home/rohit/2dof/install/custom_interfaces/share/custom_interfaces/cmake/export_custom_interfaces__rosidl_generator_pyExport-noconfig.cmake
[2.354s] -- Up-to-date: /home/rohit/2dof/install/custom_interfaces/share/custom_interfaces/cmake/rosidl_cmake-extras.cmake
[2.354s] -- Up-to-date: /home/rohit/2dof/install/custom_interfaces/share/custom_interfaces/cmake/ament_cmake_export_include_directories-extras.cmake
[2.354s] -- Up-to-date: /home/rohit/2dof/install/custom_interfaces/share/custom_interfaces/cmake/ament_cmake_export_libraries-extras.cmake
[2.354s] -- Up-to-date: /home/rohit/2dof/install/custom_interfaces/share/custom_interfaces/cmake/ament_cmake_export_targets-extras.cmake
[2.354s] -- Up-to-date: /home/rohit/2dof/install/custom_interfaces/share/custom_interfaces/cmake/rosidl_cmake_export_typesupport_targets-extras.cmake
[2.354s] -- Up-to-date: /home/rohit/2dof/install/custom_interfaces/share/custom_interfaces/cmake/ament_cmake_export_dependencies-extras.cmake
[2.354s] -- Up-to-date: /home/rohit/2dof/install/custom_interfaces/share/custom_interfaces/cmake/rosidl_cmake_export_typesupport_libraries-extras.cmake
[2.354s] -- Up-to-date: /home/rohit/2dof/install/custom_interfaces/share/custom_interfaces/cmake/custom_interfacesConfig.cmake
[2.354s] -- Up-to-date: /home/rohit/2dof/install/custom_interfaces/share/custom_interfaces/cmake/custom_interfacesConfig-version.cmake
[2.354s] -- Up-to-date: /home/rohit/2dof/install/custom_interfaces/share/custom_interfaces/package.xml
[2.356s] Invoked command in '/home/rohit/2dof/build/custom_interfaces' returned '0': CMAKE_PREFIX_PATH=${CMAKE_PREFIX_PATH}:/home/rohit/module2.1/install/service_package:/home/rohit/module2.1/install/my_client_pkg:/home/rohit/iitb-racecar/install/racecar:/home/rohit/iitb-racecar/install/point_mass_pkg:/home/rohit/iitb-racecar/install/odom_cmd_pkg:/home/rohit/iitb-racecar/install/dynamic_bicycle_pkg:/home/rohit/2dof/install/pos:/home/rohit/install/py_pubsub:/home/rohit/install/package1:/home/rohit/install/pack1:/home/rohit/install/my_package:/home/rohit/install/launch_testing_examples:/home/rohit/install/examples_rclpy_pointcloud_publisher:/home/rohit/install/examples_rclpy_minimal_subscriber:/home/rohit/install/examples_rclpy_minimal_service:/home/rohit/install/examples_rclpy_minimal_publisher:/home/rohit/install/examples_rclpy_minimal_client:/home/rohit/install/examples_rclpy_minimal_action_server:/home/rohit/install/examples_rclpy_minimal_action_client:/home/rohit/install/examples_rclpy_guard_conditions:/home/rohit/install/examples_rclpy_executors:/home/rohit/install/eufs_launcher:/home/rohit/install/eufs_tracks:/home/rohit/install/eufs_rqt:/home/rohit/install/eufs_racecar:/home/rohit/ros2_ws/install/launch_testing_examples:/home/rohit/ros2_ws/install/examples_rclpy_pointcloud_publisher:/home/rohit/ros2_ws/install/examples_rclpy_minimal_subscriber:/home/rohit/ros2_ws/install/examples_rclpy_minimal_service:/home/rohit/ros2_ws/install/examples_rclpy_minimal_publisher:/home/rohit/ros2_ws/install/examples_rclpy_minimal_client:/home/rohit/ros2_ws/install/examples_rclpy_minimal_action_server:/home/rohit/ros2_ws/install/examples_rclpy_minimal_action_client:/home/rohit/ros2_ws/install/examples_rclpy_guard_conditions:/home/rohit/ros2_ws/install/examples_rclpy_executors:/home/rohit/assigndirectory/install/pack1:/home/rohit/mynode/install/package1:/opt/ros/humble /usr/bin/cmake --install /home/rohit/2dof/build/custom_interfaces
