running egg_info
writing ../../build/pos/pos.egg-info/PKG-INFO
writing dependency_links to ../../build/pos/pos.egg-info/dependency_links.txt
writing entry points to ../../build/pos/pos.egg-info/entry_points.txt
writing requirements to ../../build/pos/pos.egg-info/requires.txt
writing top-level names to ../../build/pos/pos.egg-info/top_level.txt
reading manifest file '../../build/pos/pos.egg-info/SOURCES.txt'
writing manifest file '../../build/pos/pos.egg-info/SOURCES.txt'
running build
running build_py
copying pos/position.py -> /home/rohit/2dof/build/pos/build/lib/pos
copying pos/service.py -> /home/rohit/2dof/build/pos/build/lib/pos
copying pos/__init__.py -> /home/rohit/2dof/build/pos/build/lib/pos
running install
running install_lib
copying /home/rohit/2dof/build/pos/build/lib/pos/position.py -> /home/rohit/2dof/install/pos/lib/python3.10/site-packages/pos
copying /home/rohit/2dof/build/pos/build/lib/pos/service.py -> /home/rohit/2dof/install/pos/lib/python3.10/site-packages/pos
copying /home/rohit/2dof/build/pos/build/lib/pos/__init__.py -> /home/rohit/2dof/install/pos/lib/python3.10/site-packages/pos
byte-compiling /home/rohit/2dof/install/pos/lib/python3.10/site-packages/pos/position.py to position.cpython-310.pyc
byte-compiling /home/rohit/2dof/install/pos/lib/python3.10/site-packages/pos/tempCodeRunnerFile.py to tempCodeRunnerFile.cpython-310.pyc
byte-compiling /home/rohit/2dof/install/pos/lib/python3.10/site-packages/pos/service.py to service.cpython-310.pyc
Sorry: IndentationError: unexpected indent (tempCodeRunnerFile.py, line 1)
byte-compiling /home/rohit/2dof/install/pos/lib/python3.10/site-packages/pos/__init__.py to __init__.cpython-310.pyc
running install_data
running install_egg_info
removing '/home/rohit/2dof/install/pos/lib/python3.10/site-packages/pos-0.0.0-py3.10.egg-info' (and everything under it)
Copying ../../build/pos/pos.egg-info to /home/rohit/2dof/install/pos/lib/python3.10/site-packages/pos-0.0.0-py3.10.egg-info
running install_scripts
Installing additional_client script to /home/rohit/2dof/install/pos/lib/pos
Installing additional_position script to /home/rohit/2dof/install/pos/lib/pos
Installing additional_service script to /home/rohit/2dof/install/pos/lib/pos
writing list of installed files to '/home/rohit/2dof/build/pos/install.log'
