[0.009s] Invoking command in '/home/rohit/2dof/build/custom_interfaces': CMAKE_PREFIX_PATH=${CMAKE_PREFIX_PATH}:/home/rohit/module2.1/install/service_package:/home/rohit/module2.1/install/my_client_pkg:/home/rohit/assigndirectory/install/pack1:/home/rohit/mynode/install/package1:/opt/ros/humble /usr/bin/cmake /home/rohit/2dof/src/custom_interfaces -DCMAKE_INSTALL_PREFIX=/home/rohit/2dof/install/custom_interfaces
[0.055s] -- The C compiler identification is GNU 11.4.0
[0.097s] -- The CXX compiler identification is GNU 11.4.0
[0.102s] -- Detecting C compiler ABI info
[0.159s] -- Detecting C compiler ABI info - done
[0.164s] -- Check for working C compiler: /usr/bin/cc - skipped
[0.164s] -- Detecting C compile features
[0.164s] -- Detecting C compile features - done
[0.167s] -- Detecting CXX compiler ABI info
[0.233s] -- Detecting CXX compiler ABI info - done
[0.240s] -- Check for working CXX compiler: /usr/bin/c++ - skipped
[0.240s] -- Detecting CXX compile features
[0.240s] -- Detecting CXX compile features - done
[0.242s] -- Found ament_cmake: 1.3.11 (/opt/ros/humble/share/ament_cmake/cmake)
[0.349s] -- Found Python3: /usr/bin/python3 (found version "3.10.12") found components: Interpreter 
[0.411s] -- Found rosidl_default_generators: 1.2.0 (/opt/ros/humble/share/rosidl_default_generators/cmake)
[0.414s] -- Using all available rosidl_typesupport_c: rosidl_typesupport_fastrtps_c;rosidl_typesupport_introspection_c
[0.418s] -- Found rosidl_adapter: 3.1.6 (/opt/ros/humble/share/rosidl_adapter/cmake)
[0.445s] -- Using all available rosidl_typesupport_cpp: rosidl_typesupport_fastrtps_cpp;rosidl_typesupport_introspection_cpp
[0.585s] [31mCMake Error at /opt/ros/humble/share/rosidl_adapter/cmake/rosidl_adapt_interfaces.cmake:59 (message):
[0.585s]   execute_process(/usr/bin/python3 -m rosidl_adapter --package-name
[0.585s]   custom_interfaces --arguments-file
[0.585s]   /home/rohit/2dof/build/custom_interfaces/rosidl_adapter__arguments__services.json
[0.585s]   --output-dir
[0.585s]   /home/rohit/2dof/build/custom_interfaces/rosidl_adapter/custom_interfaces
[0.585s]   --output-file
[0.585s]   /home/rohit/2dof/build/custom_interfaces/rosidl_adapter/services.idls)
[0.585s]   returned error code 1:
[0.585s] 
[0.585s]   Traceback (most recent call last):
[0.585s] 
[0.585s]     File "/usr/lib/python3.10/runpy.py", line 196, in _run_module_as_main
[0.585s]       return _run_code(code, main_globals, None,
[0.585s]     File "/usr/lib/python3.10/runpy.py", line 86, in _run_code
[0.585s]       exec(code, run_globals)
[0.585s]     File "/opt/ros/humble/local/lib/python3.10/dist-packages/rosidl_adapter/__main__.py", line 19, in <module>
[0.585s]       sys.exit(main())
[0.585s]     File "/opt/ros/humble/local/lib/python3.10/dist-packages/rosidl_adapter/main.py", line 53, in main
[0.585s]       abs_idl_file = convert_to_idl(
[0.585s]     File "/opt/ros/humble/local/lib/python3.10/dist-packages/rosidl_adapter/__init__.py", line 24, in convert_to_idl
[0.585s]       return convert_srv_to_idl(
[0.585s]     File "/opt/ros/humble/local/lib/python3.10/dist-packages/rosidl_adapter/srv/__init__.py", line 28, in convert_srv_to_idl
[0.585s]       srv = parse_service_string(package_name, input_file.stem, content)
[0.585s]     File "/opt/ros/humble/local/lib/python3.10/dist-packages/rosidl_adapter/parser.py", line 859, in parse_service_string
[0.585s]       request_message = parse_message_string(
[0.585s]     File "/opt/ros/humble/local/lib/python3.10/dist-packages/rosidl_adapter/parser.py", line 544, in parse_message_string
[0.585s]       msg = MessageSpecification(pkg_name, msg_name, fields, constants)
[0.585s]     File "/opt/ros/humble/local/lib/python3.10/dist-packages/rosidl_adapter/parser.py", line 388, in __init__
[0.585s]       self.base_type = BaseType(
[0.585s]     File "/opt/ros/humble/local/lib/python3.10/dist-packages/rosidl_adapter/parser.py", line 205, in __init__
[0.586s]       raise InvalidResourceName(
[0.586s] 
[0.586s]   rosidl_adapter.parser.InvalidResourceName: 'change_var_Request' is an
[0.586s]   invalid message name.  It should have the pattern '^[A-Z][A-Za-z0-9]*$'
[0.586s] 
[0.586s] Call Stack (most recent call first):
[0.586s]   /opt/ros/humble/share/rosidl_cmake/cmake/rosidl_generate_interfaces.cmake:130 (rosidl_adapt_interfaces)
[0.586s]   CMakeLists.txt:17 (rosidl_generate_interfaces)
[0.586s] 
[0.586s] [0m
[0.586s] -- Configuring incomplete, errors occurred!
[0.586s] See also "/home/rohit/2dof/build/custom_interfaces/CMakeFiles/CMakeOutput.log".
[0.591s] Invoked command in '/home/rohit/2dof/build/custom_interfaces' returned '1': CMAKE_PREFIX_PATH=${CMAKE_PREFIX_PATH}:/home/rohit/module2.1/install/service_package:/home/rohit/module2.1/install/my_client_pkg:/home/rohit/assigndirectory/install/pack1:/home/rohit/mynode/install/package1:/opt/ros/humble /usr/bin/cmake /home/rohit/2dof/src/custom_interfaces -DCMAKE_INSTALL_PREFIX=/home/rohit/2dof/install/custom_interfaces
