[0.015s] Invoking command in '/home/rohit/2dof/build/my_robot': CMAKE_PREFIX_PATH=${CMAKE_PREFIX_PATH}:/home/rohit/module2.1/install/service_package:/home/rohit/module2.1/install/my_client_pkg:/home/rohit/iitb-racecar/install/racecar:/home/rohit/iitb-racecar/install/point_mass_pkg:/home/rohit/iitb-racecar/install/odom_cmd_pkg:/home/rohit/iitb-racecar/install/dynamic_bicycle_pkg:/home/rohit/2dof/install/pos:/home/rohit/install/py_pubsub:/home/rohit/install/package1:/home/rohit/install/pack1:/home/rohit/install/my_package:/home/rohit/install/launch_testing_examples:/home/rohit/install/examples_rclpy_pointcloud_publisher:/home/rohit/install/examples_rclpy_minimal_subscriber:/home/rohit/install/examples_rclpy_minimal_service:/home/rohit/install/examples_rclpy_minimal_publisher:/home/rohit/install/examples_rclpy_minimal_client:/home/rohit/install/examples_rclpy_minimal_action_server:/home/rohit/install/examples_rclpy_minimal_action_client:/home/rohit/install/examples_rclpy_guard_conditions:/home/rohit/install/examples_rclpy_executors:/home/rohit/install/eufs_launcher:/home/rohit/install/eufs_tracks:/home/rohit/install/eufs_rqt:/home/rohit/install/eufs_racecar:/home/rohit/ros2_ws/install/launch_testing_examples:/home/rohit/ros2_ws/install/examples_rclpy_pointcloud_publisher:/home/rohit/ros2_ws/install/examples_rclpy_minimal_subscriber:/home/rohit/ros2_ws/install/examples_rclpy_minimal_service:/home/rohit/ros2_ws/install/examples_rclpy_minimal_publisher:/home/rohit/ros2_ws/install/examples_rclpy_minimal_client:/home/rohit/ros2_ws/install/examples_rclpy_minimal_action_server:/home/rohit/ros2_ws/install/examples_rclpy_minimal_action_client:/home/rohit/ros2_ws/install/examples_rclpy_guard_conditions:/home/rohit/ros2_ws/install/examples_rclpy_executors:/home/rohit/assigndirectory/install/pack1:/home/rohit/mynode/install/package1:/opt/ros/humble /usr/bin/cmake --build /home/rohit/2dof/build/my_robot -- -j20 -l20
[0.039s] -- Found ament_cmake: 1.3.12 (/opt/ros/humble/share/ament_cmake/cmake)
[0.164s] -- Found xacro: 2.0.13 (/opt/ros/humble/share/xacro/cmake)
[0.164s] -- Found gazebo_ros: 3.9.0 (/opt/ros/humble/share/gazebo_ros/cmake)
[0.184s] -- Found rosidl_generator_c: 3.1.7 (/opt/ros/humble/share/rosidl_generator_c/cmake)
[0.186s] -- Found rosidl_adapter: 3.1.7 (/opt/ros/humble/share/rosidl_adapter/cmake)
[0.189s] -- Found rosidl_generator_cpp: 3.1.7 (/opt/ros/humble/share/rosidl_generator_cpp/cmake)
[0.197s] -- Using all available rosidl_typesupport_c: rosidl_typesupport_fastrtps_c;rosidl_typesupport_introspection_c
[0.207s] -- Using all available rosidl_typesupport_cpp: rosidl_typesupport_fastrtps_cpp;rosidl_typesupport_introspection_cpp
[0.229s] -- Found rmw_implementation_cmake: 6.1.2 (/opt/ros/humble/share/rmw_implementation_cmake/cmake)
[0.232s] -- Found rmw_fastrtps_cpp: 6.2.8 (/opt/ros/humble/share/rmw_fastrtps_cpp/cmake)
[0.316s] -- Using RMW implementation 'rmw_fastrtps_cpp' as default
[0.379s] -- Found DART: /usr/include (Required is at least version "6.6") found components: dart 
[0.422s] -- Found Protobuf: /usr/lib/x86_64-linux-gnu/libprotobuf.so (found version "3.12.4") 
[0.424s] -- Looking for ignition-math6 -- found version 6.15.1
[0.437s] -- Searching for dependencies of ignition-math6
[0.440s] -- Looking for OGRE...
[0.446s] -- Found Ogre Ghadamon (1.9.0)
[0.446s] -- Found OGRE: optimized;/usr/lib/x86_64-linux-gnu/libOgreMain.so;debug;/usr/lib/x86_64-linux-gnu/libOgreMain.so
[0.456s] -- Looking for OGRE_Paging...
[0.456s] -- Found OGRE_Paging: optimized;/usr/lib/x86_64-linux-gnu/libOgrePaging.so;debug;/usr/lib/x86_64-linux-gnu/libOgrePaging.so
[0.456s] -- Looking for OGRE_Terrain...
[0.456s] -- Found OGRE_Terrain: optimized;/usr/lib/x86_64-linux-gnu/libOgreTerrain.so;debug;/usr/lib/x86_64-linux-gnu/libOgreTerrain.so
[0.456s] -- Looking for OGRE_Property...
[0.456s] -- Found OGRE_Property: optimized;/usr/lib/x86_64-linux-gnu/libOgreProperty.so;debug;/usr/lib/x86_64-linux-gnu/libOgreProperty.so
[0.456s] -- Looking for OGRE_RTShaderSystem...
[0.457s] -- Found OGRE_RTShaderSystem: optimized;/usr/lib/x86_64-linux-gnu/libOgreRTShaderSystem.so;debug;/usr/lib/x86_64-linux-gnu/libOgreRTShaderSystem.so
[0.457s] -- Looking for OGRE_Volume...
[0.457s] -- Found OGRE_Volume: optimized;/usr/lib/x86_64-linux-gnu/libOgreVolume.so;debug;/usr/lib/x86_64-linux-gnu/libOgreVolume.so
[0.457s] -- Looking for OGRE_Overlay...
[0.457s] -- Found OGRE_Overlay: optimized;/usr/lib/x86_64-linux-gnu/libOgreOverlay.so;debug;/usr/lib/x86_64-linux-gnu/libOgreOverlay.so
[0.617s] -- Looking for ignition-math6 -- found version 6.15.1
[0.618s] -- Looking for ignition-transport8 -- found version 8.2.1
[0.618s] -- Searching for dependencies of ignition-transport8
[0.638s] -- Found Protobuf: /usr/lib/x86_64-linux-gnu/libprotobuf.so (found suitable version "3.12.4", minimum required is "3") 
[0.649s] -- Config-file not installed for ZeroMQ -- checking for pkg-config
[0.654s] -- Checking for module 'libzmq >= 4'
[0.671s] --   Found libzmq , version 4.3.4
[0.714s] -- Checking for module 'uuid'
[0.744s] --   Found uuid, version 2.37.2
[0.783s] -- Looking for ignition-msgs5 -- found version 5.8.1
[0.783s] -- Searching for dependencies of ignition-msgs5
[0.804s] -- Looking for ignition-math6 -- found version 6.15.1
[0.809s] -- Checking for module 'tinyxml2'
[0.824s] --   Found tinyxml2, version 9.0.0
[0.856s] -- Looking for ignition-msgs5 -- found version 5.8.1
[0.857s] -- Looking for ignition-common3 -- found version 3.14.0
[0.857s] -- Searching for dependencies of ignition-common3
[0.857s] -- Looking for dlfcn.h - found
[0.857s] -- Looking for libdl - found
[0.871s] -- Searching for <ignition-common3> component [graphics]
[0.872s] -- Looking for ignition-common3-graphics -- found version 3.14.0
[0.872s] -- Searching for dependencies of ignition-common3-graphics
[0.872s] -- Looking for ignition-math6 -- found version 6.15.1
[0.874s] -- Looking for ignition-fuel_tools4 -- found version 4.4.0
[0.874s] -- Searching for dependencies of ignition-fuel_tools4
[0.915s] -- Checking for module 'jsoncpp'
[0.932s] --   Found jsoncpp, version 1.9.5
[0.970s] -- Checking for module 'libzip'
[0.983s] --   Found libzip, version 1.7.3
[1.016s] -- Looking for ignition-common3 -- found version 3.14.0
[1.016s] -- Looking for ignition-math6 -- found version 6.15.1
[1.016s] -- Looking for ignition-msgs5 -- found version 5.8.1
[1.020s] -- Gazebo version: 11.10
[1.021s] -- Found ament_lint_auto: 0.12.14 (/opt/ros/humble/share/ament_lint_auto/cmake)
[1.097s] -- Added test 'flake8' to check Python code syntax and style conventions
[1.097s] -- Added test 'lint_cmake' to check CMake code style
[1.098s] -- Added test 'pep257' to check Python code against some of the docstring style conventions in PEP 257
[1.098s] -- Added test 'xmllint' to check XML markup files
[1.099s] -- Configuring done
[1.104s] -- Generating done
[1.106s] -- Build files have been written to: /home/rohit/2dof/build/my_robot
[1.132s] Invoked command in '/home/rohit/2dof/build/my_robot' returned '0': CMAKE_PREFIX_PATH=${CMAKE_PREFIX_PATH}:/home/rohit/module2.1/install/service_package:/home/rohit/module2.1/install/my_client_pkg:/home/rohit/iitb-racecar/install/racecar:/home/rohit/iitb-racecar/install/point_mass_pkg:/home/rohit/iitb-racecar/install/odom_cmd_pkg:/home/rohit/iitb-racecar/install/dynamic_bicycle_pkg:/home/rohit/2dof/install/pos:/home/rohit/install/py_pubsub:/home/rohit/install/package1:/home/rohit/install/pack1:/home/rohit/install/my_package:/home/rohit/install/launch_testing_examples:/home/rohit/install/examples_rclpy_pointcloud_publisher:/home/rohit/install/examples_rclpy_minimal_subscriber:/home/rohit/install/examples_rclpy_minimal_service:/home/rohit/install/examples_rclpy_minimal_publisher:/home/rohit/install/examples_rclpy_minimal_client:/home/rohit/install/examples_rclpy_minimal_action_server:/home/rohit/install/examples_rclpy_minimal_action_client:/home/rohit/install/examples_rclpy_guard_conditions:/home/rohit/install/examples_rclpy_executors:/home/rohit/install/eufs_launcher:/home/rohit/install/eufs_tracks:/home/rohit/install/eufs_rqt:/home/rohit/install/eufs_racecar:/home/rohit/ros2_ws/install/launch_testing_examples:/home/rohit/ros2_ws/install/examples_rclpy_pointcloud_publisher:/home/rohit/ros2_ws/install/examples_rclpy_minimal_subscriber:/home/rohit/ros2_ws/install/examples_rclpy_minimal_service:/home/rohit/ros2_ws/install/examples_rclpy_minimal_publisher:/home/rohit/ros2_ws/install/examples_rclpy_minimal_client:/home/rohit/ros2_ws/install/examples_rclpy_minimal_action_server:/home/rohit/ros2_ws/install/examples_rclpy_minimal_action_client:/home/rohit/ros2_ws/install/examples_rclpy_guard_conditions:/home/rohit/ros2_ws/install/examples_rclpy_executors:/home/rohit/assigndirectory/install/pack1:/home/rohit/mynode/install/package1:/opt/ros/humble /usr/bin/cmake --build /home/rohit/2dof/build/my_robot -- -j20 -l20
[1.143s] Invoking command in '/home/rohit/2dof/build/my_robot': CMAKE_PREFIX_PATH=${CMAKE_PREFIX_PATH}:/home/rohit/module2.1/install/service_package:/home/rohit/module2.1/install/my_client_pkg:/home/rohit/iitb-racecar/install/racecar:/home/rohit/iitb-racecar/install/point_mass_pkg:/home/rohit/iitb-racecar/install/odom_cmd_pkg:/home/rohit/iitb-racecar/install/dynamic_bicycle_pkg:/home/rohit/2dof/install/pos:/home/rohit/install/py_pubsub:/home/rohit/install/package1:/home/rohit/install/pack1:/home/rohit/install/my_package:/home/rohit/install/launch_testing_examples:/home/rohit/install/examples_rclpy_pointcloud_publisher:/home/rohit/install/examples_rclpy_minimal_subscriber:/home/rohit/install/examples_rclpy_minimal_service:/home/rohit/install/examples_rclpy_minimal_publisher:/home/rohit/install/examples_rclpy_minimal_client:/home/rohit/install/examples_rclpy_minimal_action_server:/home/rohit/install/examples_rclpy_minimal_action_client:/home/rohit/install/examples_rclpy_guard_conditions:/home/rohit/install/examples_rclpy_executors:/home/rohit/install/eufs_launcher:/home/rohit/install/eufs_tracks:/home/rohit/install/eufs_rqt:/home/rohit/install/eufs_racecar:/home/rohit/ros2_ws/install/launch_testing_examples:/home/rohit/ros2_ws/install/examples_rclpy_pointcloud_publisher:/home/rohit/ros2_ws/install/examples_rclpy_minimal_subscriber:/home/rohit/ros2_ws/install/examples_rclpy_minimal_service:/home/rohit/ros2_ws/install/examples_rclpy_minimal_publisher:/home/rohit/ros2_ws/install/examples_rclpy_minimal_client:/home/rohit/ros2_ws/install/examples_rclpy_minimal_action_server:/home/rohit/ros2_ws/install/examples_rclpy_minimal_action_client:/home/rohit/ros2_ws/install/examples_rclpy_guard_conditions:/home/rohit/ros2_ws/install/examples_rclpy_executors:/home/rohit/assigndirectory/install/pack1:/home/rohit/mynode/install/package1:/opt/ros/humble /usr/bin/cmake --install /home/rohit/2dof/build/my_robot
[1.148s] -- Install configuration: ""
[1.148s] -- Up-to-date: /home/rohit/2dof/install/my_robot/share/my_robot/launch
[1.148s] -- Up-to-date: /home/rohit/2dof/install/my_robot/share/my_robot/launch/display.launch.py
[1.148s] -- Up-to-date: /home/rohit/2dof/install/my_robot/share/my_robot/urdf
[1.148s] -- Installing: /home/rohit/2dof/install/my_robot/share/my_robot/urdf/arm.xacro.urdf
[1.148s] -- Up-to-date: /home/rohit/2dof/install/my_robot/share/ament_index/resource_index/package_run_dependencies/my_robot
[1.149s] -- Installing: /home/rohit/2dof/install/my_robot/share/ament_index/resource_index/parent_prefix_path/my_robot
[1.149s] -- Installing: /home/rohit/2dof/install/my_robot/share/my_robot/environment/ament_prefix_path.sh
[1.149s] -- Installing: /home/rohit/2dof/install/my_robot/share/my_robot/environment/ament_prefix_path.dsv
[1.149s] -- Installing: /home/rohit/2dof/install/my_robot/share/my_robot/environment/path.sh
[1.149s] -- Installing: /home/rohit/2dof/install/my_robot/share/my_robot/environment/path.dsv
[1.149s] -- Up-to-date: /home/rohit/2dof/install/my_robot/share/my_robot/local_setup.bash
[1.149s] -- Up-to-date: /home/rohit/2dof/install/my_robot/share/my_robot/local_setup.sh
[1.149s] -- Up-to-date: /home/rohit/2dof/install/my_robot/share/my_robot/local_setup.zsh
[1.149s] -- Installing: /home/rohit/2dof/install/my_robot/share/my_robot/local_setup.dsv
[1.149s] -- Installing: /home/rohit/2dof/install/my_robot/share/my_robot/package.dsv
[1.149s] -- Up-to-date: /home/rohit/2dof/install/my_robot/share/ament_index/resource_index/packages/my_robot
[1.150s] -- Up-to-date: /home/rohit/2dof/install/my_robot/share/my_robot/cmake/my_robotConfig.cmake
[1.150s] -- Up-to-date: /home/rohit/2dof/install/my_robot/share/my_robot/cmake/my_robotConfig-version.cmake
[1.150s] -- Up-to-date: /home/rohit/2dof/install/my_robot/share/my_robot/package.xml
[1.151s] Invoked command in '/home/rohit/2dof/build/my_robot' returned '0': CMAKE_PREFIX_PATH=${CMAKE_PREFIX_PATH}:/home/rohit/module2.1/install/service_package:/home/rohit/module2.1/install/my_client_pkg:/home/rohit/iitb-racecar/install/racecar:/home/rohit/iitb-racecar/install/point_mass_pkg:/home/rohit/iitb-racecar/install/odom_cmd_pkg:/home/rohit/iitb-racecar/install/dynamic_bicycle_pkg:/home/rohit/2dof/install/pos:/home/rohit/install/py_pubsub:/home/rohit/install/package1:/home/rohit/install/pack1:/home/rohit/install/my_package:/home/rohit/install/launch_testing_examples:/home/rohit/install/examples_rclpy_pointcloud_publisher:/home/rohit/install/examples_rclpy_minimal_subscriber:/home/rohit/install/examples_rclpy_minimal_service:/home/rohit/install/examples_rclpy_minimal_publisher:/home/rohit/install/examples_rclpy_minimal_client:/home/rohit/install/examples_rclpy_minimal_action_server:/home/rohit/install/examples_rclpy_minimal_action_client:/home/rohit/install/examples_rclpy_guard_conditions:/home/rohit/install/examples_rclpy_executors:/home/rohit/install/eufs_launcher:/home/rohit/install/eufs_tracks:/home/rohit/install/eufs_rqt:/home/rohit/install/eufs_racecar:/home/rohit/ros2_ws/install/launch_testing_examples:/home/rohit/ros2_ws/install/examples_rclpy_pointcloud_publisher:/home/rohit/ros2_ws/install/examples_rclpy_minimal_subscriber:/home/rohit/ros2_ws/install/examples_rclpy_minimal_service:/home/rohit/ros2_ws/install/examples_rclpy_minimal_publisher:/home/rohit/ros2_ws/install/examples_rclpy_minimal_client:/home/rohit/ros2_ws/install/examples_rclpy_minimal_action_server:/home/rohit/ros2_ws/install/examples_rclpy_minimal_action_client:/home/rohit/ros2_ws/install/examples_rclpy_guard_conditions:/home/rohit/ros2_ws/install/examples_rclpy_executors:/home/rohit/assigndirectory/install/pack1:/home/rohit/mynode/install/package1:/opt/ros/humble /usr/bin/cmake --install /home/rohit/2dof/build/my_robot
