[0.010s] Invoking command in '/home/rohit/2dof/build/my_robot': CMAKE_PREFIX_PATH=${CMAKE_PREFIX_PATH}:/home/rohit/module2.1/install/service_package:/home/rohit/module2.1/install/my_client_pkg:/home/rohit/assigndirectory/install/pack1:/home/rohit/mynode/install/package1:/opt/ros/humble /usr/bin/cmake --build /home/rohit/2dof/build/my_robot -- -j20 -l20
[0.032s] -- Found ament_cmake: 1.3.11 (/opt/ros/humble/share/ament_cmake/cmake)
[0.137s] -- Found xacro: 2.0.8 (/opt/ros/humble/share/xacro/cmake)
[0.137s] -- Found gazebo_ros: 3.9.0 (/opt/ros/humble/share/gazebo_ros/cmake)
[0.160s] -- Found rosidl_generator_c: 3.1.6 (/opt/ros/humble/share/rosidl_generator_c/cmake)
[0.162s] -- Found rosidl_adapter: 3.1.6 (/opt/ros/humble/share/rosidl_adapter/cmake)
[0.167s] -- Found rosidl_generator_cpp: 3.1.6 (/opt/ros/humble/share/rosidl_generator_cpp/cmake)
[0.174s] -- Using all available rosidl_typesupport_c: rosidl_typesupport_fastrtps_c;rosidl_typesupport_introspection_c
[0.184s] -- Using all available rosidl_typesupport_cpp: rosidl_typesupport_fastrtps_cpp;rosidl_typesupport_introspection_cpp
[0.209s] -- Found rmw_implementation_cmake: 6.1.2 (/opt/ros/humble/share/rmw_implementation_cmake/cmake)
[0.210s] -- Found rmw_fastrtps_cpp: 6.2.7 (/opt/ros/humble/share/rmw_fastrtps_cpp/cmake)
[0.296s] -- Using RMW implementation 'rmw_fastrtps_cpp' as default
[0.357s] -- Found DART: /usr/include (Required is at least version "6.6") found components: dart 
[0.379s] -- Found Protobuf: /usr/lib/x86_64-linux-gnu/libprotobuf.so (found version "3.12.4") 
[0.381s] -- Looking for ignition-math6 -- found version 6.15.1
[0.384s] -- Searching for dependencies of ignition-math6
[0.385s] -- Looking for OGRE...
[0.391s] -- Found Ogre Ghadamon (1.9.0)
[0.391s] -- Found OGRE: optimized;/usr/lib/x86_64-linux-gnu/libOgreMain.so;debug;/usr/lib/x86_64-linux-gnu/libOgreMain.so
[0.401s] -- Looking for OGRE_Paging...
[0.401s] -- Found OGRE_Paging: optimized;/usr/lib/x86_64-linux-gnu/libOgrePaging.so;debug;/usr/lib/x86_64-linux-gnu/libOgrePaging.so
[0.402s] -- Looking for OGRE_Terrain...
[0.402s] -- Found OGRE_Terrain: optimized;/usr/lib/x86_64-linux-gnu/libOgreTerrain.so;debug;/usr/lib/x86_64-linux-gnu/libOgreTerrain.so
[0.402s] -- Looking for OGRE_Property...
[0.402s] -- Found OGRE_Property: optimized;/usr/lib/x86_64-linux-gnu/libOgreProperty.so;debug;/usr/lib/x86_64-linux-gnu/libOgreProperty.so
[0.402s] -- Looking for OGRE_RTShaderSystem...
[0.402s] -- Found OGRE_RTShaderSystem: optimized;/usr/lib/x86_64-linux-gnu/libOgreRTShaderSystem.so;debug;/usr/lib/x86_64-linux-gnu/libOgreRTShaderSystem.so
[0.402s] -- Looking for OGRE_Volume...
[0.402s] -- Found OGRE_Volume: optimized;/usr/lib/x86_64-linux-gnu/libOgreVolume.so;debug;/usr/lib/x86_64-linux-gnu/libOgreVolume.so
[0.402s] -- Looking for OGRE_Overlay...
[0.402s] -- Found OGRE_Overlay: optimized;/usr/lib/x86_64-linux-gnu/libOgreOverlay.so;debug;/usr/lib/x86_64-linux-gnu/libOgreOverlay.so
[0.492s] -- Looking for ignition-math6 -- found version 6.15.1
[0.492s] -- Looking for ignition-transport8 -- found version 8.2.1
[0.492s] -- Searching for dependencies of ignition-transport8
[0.506s] -- Found Protobuf: /usr/lib/x86_64-linux-gnu/libprotobuf.so (found suitable version "3.12.4", minimum required is "3") 
[0.512s] -- Config-file not installed for ZeroMQ -- checking for pkg-config
[0.516s] -- Checking for module 'libzmq >= 4'
[0.531s] --   Found libzmq , version 4.3.4
[0.587s] -- Checking for module 'uuid'
[0.605s] --   Found uuid, version 2.37.2
[0.651s] -- Looking for ignition-msgs5 -- found version 5.8.1
[0.651s] -- Searching for dependencies of ignition-msgs5
[0.670s] -- Looking for ignition-math6 -- found version 6.15.1
[0.674s] -- Checking for module 'tinyxml2'
[0.689s] --   Found tinyxml2, version 9.0.0
[0.734s] -- Looking for ignition-msgs5 -- found version 5.8.1
[0.734s] -- Looking for ignition-common3 -- found version 3.14.0
[0.735s] -- Searching for dependencies of ignition-common3
[0.735s] -- Looking for dlfcn.h - found
[0.735s] -- Looking for libdl - found
[0.752s] -- Searching for <ignition-common3> component [graphics]
[0.752s] -- Looking for ignition-common3-graphics -- found version 3.14.0
[0.753s] -- Searching for dependencies of ignition-common3-graphics
[0.754s] -- Looking for ignition-math6 -- found version 6.15.1
[0.755s] -- Looking for ignition-fuel_tools4 -- found version 4.4.0
[0.755s] -- Searching for dependencies of ignition-fuel_tools4
[0.802s] -- Checking for module 'jsoncpp'
[0.820s] --   Found jsoncpp, version 1.9.5
[0.869s] -- Checking for module 'libzip'
[0.886s] --   Found libzip, version 1.7.3
[0.931s] -- Looking for ignition-common3 -- found version 3.14.0
[0.932s] -- Looking for ignition-math6 -- found version 6.15.1
[0.933s] -- Looking for ignition-msgs5 -- found version 5.8.1
[0.935s] -- Gazebo version: 11.10
[0.937s] [31mCMake Error at /opt/ros/humble/share/ament_cmake_target_dependencies/cmake/ament_target_dependencies.cmake:77 (message):
[0.937s]   ament_target_dependencies() the passed package name 'visualization_msgs'
[0.938s]   was not found before
[0.938s] Call Stack (most recent call first):
[0.938s]   CMakeLists.txt:17 (ament_target_dependencies)
[0.938s] 
[0.938s] [0m
[0.938s] -- Configuring incomplete, errors occurred!
[0.938s] See also "/home/rohit/2dof/build/my_robot/CMakeFiles/CMakeOutput.log".
[0.947s] gmake: *** [Makefile:226: cmake_check_build_system] Error 1
[0.950s] Invoked command in '/home/rohit/2dof/build/my_robot' returned '2': CMAKE_PREFIX_PATH=${CMAKE_PREFIX_PATH}:/home/rohit/module2.1/install/service_package:/home/rohit/module2.1/install/my_client_pkg:/home/rohit/assigndirectory/install/pack1:/home/rohit/mynode/install/package1:/opt/ros/humble /usr/bin/cmake --build /home/rohit/2dof/build/my_robot -- -j20 -l20
