[0.010s] Invoking command in '/home/rohit/2dof/build/custom_interfaces': CMAKE_PREFIX_PATH=${CMAKE_PREFIX_PATH}:/home/rohit/2dof/install/pos:/home/rohit/module2.1/install/service_package:/home/rohit/module2.1/install/my_client_pkg:/home/rohit/assigndirectory/install/pack1:/home/rohit/mynode/install/package1:/opt/ros/humble /usr/bin/cmake --build /home/rohit/2dof/build/custom_interfaces -- -j20 -l20
[0.049s] [  3%] Built target custom_interfaces__cpp
[0.055s] [ 12%] Built target custom_interfaces__rosidl_generator_c
[0.065s] [ 12%] Built target ament_cmake_python_copy_custom_interfaces
[0.075s] [ 22%] Built target custom_interfaces__rosidl_typesupport_fastrtps_cpp
[0.078s] [ 32%] Built target custom_interfaces__rosidl_typesupport_cpp
[0.080s] [ 41%] Built target custom_interfaces__rosidl_typesupport_introspection_cpp
[0.080s] [ 51%] Built target custom_interfaces__rosidl_typesupport_introspection_c
[0.082s] [ 61%] Built target custom_interfaces__rosidl_typesupport_c
[0.084s] [ 70%] Built target custom_interfaces__rosidl_typesupport_fastrtps_c
[0.101s] [ 70%] Built target custom_interfaces
[0.118s] [ 74%] Built target custom_interfaces__py
[0.137s] [ 80%] Built target custom_interfaces__rosidl_generator_py
[0.157s] [ 87%] Built target custom_interfaces__rosidl_typesupport_fastrtps_c__pyext
[0.157s] [ 93%] Built target custom_interfaces__rosidl_typesupport_introspection_c__pyext
[0.158s] [100%] Built target custom_interfaces__rosidl_typesupport_c__pyext
[0.228s] running egg_info
[0.228s] writing custom_interfaces.egg-info/PKG-INFO
[0.229s] writing dependency_links to custom_interfaces.egg-info/dependency_links.txt
[0.229s] writing top-level names to custom_interfaces.egg-info/top_level.txt
[0.230s] reading manifest file 'custom_interfaces.egg-info/SOURCES.txt'
[0.230s] writing manifest file 'custom_interfaces.egg-info/SOURCES.txt'
[0.250s] [100%] Built target ament_cmake_python_build_custom_interfaces_egg
[0.258s] Invoked command in '/home/rohit/2dof/build/custom_interfaces' returned '0': CMAKE_PREFIX_PATH=${CMAKE_PREFIX_PATH}:/home/rohit/2dof/install/pos:/home/rohit/module2.1/install/service_package:/home/rohit/module2.1/install/my_client_pkg:/home/rohit/assigndirectory/install/pack1:/home/rohit/mynode/install/package1:/opt/ros/humble /usr/bin/cmake --build /home/rohit/2dof/build/custom_interfaces -- -j20 -l20
[0.259s] Invoking command in '/home/rohit/2dof/build/custom_interfaces': CMAKE_PREFIX_PATH=${CMAKE_PREFIX_PATH}:/home/rohit/2dof/install/pos:/home/rohit/module2.1/install/service_package:/home/rohit/module2.1/install/my_client_pkg:/home/rohit/assigndirectory/install/pack1:/home/rohit/mynode/install/package1:/opt/ros/humble /usr/bin/cmake --install /home/rohit/2dof/build/custom_interfaces
[0.269s] -- Install configuration: ""
[0.269s] -- Up-to-date: /home/rohit/2dof/install/custom_interfaces/share/ament_index/resource_index/rosidl_interfaces/custom_interfaces
[0.269s] -- Up-to-date: /home/rohit/2dof/install/custom_interfaces/include/custom_interfaces/custom_interfaces
[0.269s] -- Up-to-date: /home/rohit/2dof/install/custom_interfaces/include/custom_interfaces/custom_interfaces/msg
[0.269s] -- Up-to-date: /home/rohit/2dof/install/custom_interfaces/include/custom_interfaces/custom_interfaces/msg/rosidl_generator_c__visibility_control.h
[0.269s] -- Up-to-date: /home/rohit/2dof/install/custom_interfaces/include/custom_interfaces/custom_interfaces/srv
[0.269s] -- Up-to-date: /home/rohit/2dof/install/custom_interfaces/include/custom_interfaces/custom_interfaces/srv/detail
[0.270s] -- Up-to-date: /home/rohit/2dof/install/custom_interfaces/include/custom_interfaces/custom_interfaces/srv/detail/change_var__functions.c
[0.270s] -- Up-to-date: /home/rohit/2dof/install/custom_interfaces/include/custom_interfaces/custom_interfaces/srv/detail/change_var__type_support.h
[0.270s] -- Up-to-date: /home/rohit/2dof/install/custom_interfaces/include/custom_interfaces/custom_interfaces/srv/detail/change_var__struct.h
[0.270s] -- Up-to-date: /home/rohit/2dof/install/custom_interfaces/include/custom_interfaces/custom_interfaces/srv/detail/change_var__functions.h
[0.270s] -- Up-to-date: /home/rohit/2dof/install/custom_interfaces/include/custom_interfaces/custom_interfaces/srv/change_var.h
[0.271s] -- Up-to-date: /home/rohit/2dof/install/custom_interfaces/share/custom_interfaces/environment/library_path.sh
[0.271s] -- Up-to-date: /home/rohit/2dof/install/custom_interfaces/share/custom_interfaces/environment/library_path.dsv
[0.271s] -- Up-to-date: /home/rohit/2dof/install/custom_interfaces/lib/libcustom_interfaces__rosidl_generator_c.so
[0.271s] -- Up-to-date: /home/rohit/2dof/install/custom_interfaces/include/custom_interfaces/custom_interfaces
[0.271s] -- Up-to-date: /home/rohit/2dof/install/custom_interfaces/include/custom_interfaces/custom_interfaces/msg
[0.271s] -- Up-to-date: /home/rohit/2dof/install/custom_interfaces/include/custom_interfaces/custom_interfaces/msg/rosidl_typesupport_fastrtps_c__visibility_control.h
[0.271s] -- Up-to-date: /home/rohit/2dof/install/custom_interfaces/include/custom_interfaces/custom_interfaces/srv
[0.271s] -- Up-to-date: /home/rohit/2dof/install/custom_interfaces/include/custom_interfaces/custom_interfaces/srv/detail
[0.271s] -- Up-to-date: /home/rohit/2dof/install/custom_interfaces/include/custom_interfaces/custom_interfaces/srv/detail/change_var__rosidl_typesupport_fastrtps_c.h
[0.271s] -- Up-to-date: /home/rohit/2dof/install/custom_interfaces/lib/libcustom_interfaces__rosidl_typesupport_fastrtps_c.so
[0.271s] -- Up-to-date: /home/rohit/2dof/install/custom_interfaces/include/custom_interfaces/custom_interfaces
[0.271s] -- Up-to-date: /home/rohit/2dof/install/custom_interfaces/include/custom_interfaces/custom_interfaces/msg
[0.271s] -- Up-to-date: /home/rohit/2dof/install/custom_interfaces/include/custom_interfaces/custom_interfaces/msg/rosidl_typesupport_introspection_c__visibility_control.h
[0.271s] -- Up-to-date: /home/rohit/2dof/install/custom_interfaces/include/custom_interfaces/custom_interfaces/srv
[0.271s] -- Up-to-date: /home/rohit/2dof/install/custom_interfaces/include/custom_interfaces/custom_interfaces/srv/detail
[0.271s] -- Up-to-date: /home/rohit/2dof/install/custom_interfaces/include/custom_interfaces/custom_interfaces/srv/detail/change_var__type_support.c
[0.271s] -- Up-to-date: /home/rohit/2dof/install/custom_interfaces/include/custom_interfaces/custom_interfaces/srv/detail/change_var__rosidl_typesupport_introspection_c.h
[0.272s] -- Up-to-date: /home/rohit/2dof/install/custom_interfaces/lib/libcustom_interfaces__rosidl_typesupport_introspection_c.so
[0.272s] -- Up-to-date: /home/rohit/2dof/install/custom_interfaces/lib/libcustom_interfaces__rosidl_typesupport_c.so
[0.272s] -- Up-to-date: /home/rohit/2dof/install/custom_interfaces/include/custom_interfaces/custom_interfaces
[0.272s] -- Up-to-date: /home/rohit/2dof/install/custom_interfaces/include/custom_interfaces/custom_interfaces/msg
[0.272s] -- Up-to-date: /home/rohit/2dof/install/custom_interfaces/include/custom_interfaces/custom_interfaces/msg/rosidl_generator_cpp__visibility_control.hpp
[0.272s] -- Up-to-date: /home/rohit/2dof/install/custom_interfaces/include/custom_interfaces/custom_interfaces/srv
[0.272s] -- Up-to-date: /home/rohit/2dof/install/custom_interfaces/include/custom_interfaces/custom_interfaces/srv/change_var.hpp
[0.272s] -- Up-to-date: /home/rohit/2dof/install/custom_interfaces/include/custom_interfaces/custom_interfaces/srv/detail
[0.272s] -- Up-to-date: /home/rohit/2dof/install/custom_interfaces/include/custom_interfaces/custom_interfaces/srv/detail/change_var__builder.hpp
[0.272s] -- Up-to-date: /home/rohit/2dof/install/custom_interfaces/include/custom_interfaces/custom_interfaces/srv/detail/change_var__type_support.hpp
[0.272s] -- Up-to-date: /home/rohit/2dof/install/custom_interfaces/include/custom_interfaces/custom_interfaces/srv/detail/change_var__struct.hpp
[0.272s] -- Up-to-date: /home/rohit/2dof/install/custom_interfaces/include/custom_interfaces/custom_interfaces/srv/detail/change_var__traits.hpp
[0.272s] -- Up-to-date: /home/rohit/2dof/install/custom_interfaces/include/custom_interfaces/custom_interfaces
[0.272s] -- Up-to-date: /home/rohit/2dof/install/custom_interfaces/include/custom_interfaces/custom_interfaces/msg
[0.272s] -- Up-to-date: /home/rohit/2dof/install/custom_interfaces/include/custom_interfaces/custom_interfaces/msg/rosidl_typesupport_fastrtps_cpp__visibility_control.h
[0.272s] -- Up-to-date: /home/rohit/2dof/install/custom_interfaces/include/custom_interfaces/custom_interfaces/srv
[0.272s] -- Up-to-date: /home/rohit/2dof/install/custom_interfaces/include/custom_interfaces/custom_interfaces/srv/detail
[0.272s] -- Up-to-date: /home/rohit/2dof/install/custom_interfaces/include/custom_interfaces/custom_interfaces/srv/detail/dds_fastrtps
[0.272s] -- Up-to-date: /home/rohit/2dof/install/custom_interfaces/include/custom_interfaces/custom_interfaces/srv/detail/change_var__rosidl_typesupport_fastrtps_cpp.hpp
[0.273s] -- Up-to-date: /home/rohit/2dof/install/custom_interfaces/lib/libcustom_interfaces__rosidl_typesupport_fastrtps_cpp.so
[0.273s] -- Up-to-date: /home/rohit/2dof/install/custom_interfaces/include/custom_interfaces/custom_interfaces
[0.273s] -- Up-to-date: /home/rohit/2dof/install/custom_interfaces/include/custom_interfaces/custom_interfaces/srv
[0.273s] -- Up-to-date: /home/rohit/2dof/install/custom_interfaces/include/custom_interfaces/custom_interfaces/srv/detail
[0.273s] -- Up-to-date: /home/rohit/2dof/install/custom_interfaces/include/custom_interfaces/custom_interfaces/srv/detail/change_var__type_support.cpp
[0.273s] -- Up-to-date: /home/rohit/2dof/install/custom_interfaces/include/custom_interfaces/custom_interfaces/srv/detail/change_var__rosidl_typesupport_introspection_cpp.hpp
[0.273s] -- Up-to-date: /home/rohit/2dof/install/custom_interfaces/lib/libcustom_interfaces__rosidl_typesupport_introspection_cpp.so
[0.273s] -- Up-to-date: /home/rohit/2dof/install/custom_interfaces/lib/libcustom_interfaces__rosidl_typesupport_cpp.so
[0.273s] -- Up-to-date: /home/rohit/2dof/install/custom_interfaces/share/custom_interfaces/environment/pythonpath.sh
[0.273s] -- Up-to-date: /home/rohit/2dof/install/custom_interfaces/share/custom_interfaces/environment/pythonpath.dsv
[0.273s] -- Up-to-date: /home/rohit/2dof/install/custom_interfaces/local/lib/python3.10/dist-packages/custom_interfaces-0.0.0-py3.10.egg-info
[0.273s] -- Installing: /home/rohit/2dof/install/custom_interfaces/local/lib/python3.10/dist-packages/custom_interfaces-0.0.0-py3.10.egg-info/dependency_links.txt
[0.273s] -- Installing: /home/rohit/2dof/install/custom_interfaces/local/lib/python3.10/dist-packages/custom_interfaces-0.0.0-py3.10.egg-info/SOURCES.txt
[0.273s] -- Installing: /home/rohit/2dof/install/custom_interfaces/local/lib/python3.10/dist-packages/custom_interfaces-0.0.0-py3.10.egg-info/top_level.txt
[0.273s] -- Installing: /home/rohit/2dof/install/custom_interfaces/local/lib/python3.10/dist-packages/custom_interfaces-0.0.0-py3.10.egg-info/PKG-INFO
[0.273s] -- Up-to-date: /home/rohit/2dof/install/custom_interfaces/local/lib/python3.10/dist-packages/custom_interfaces
[0.273s] -- Up-to-date: /home/rohit/2dof/install/custom_interfaces/local/lib/python3.10/dist-packages/custom_interfaces/libcustom_interfaces__rosidl_generator_py.so
[0.273s] -- Up-to-date: /home/rohit/2dof/install/custom_interfaces/local/lib/python3.10/dist-packages/custom_interfaces/custom_interfaces_s__rosidl_typesupport_c.cpython-310-x86_64-linux-gnu.so
[0.273s] -- Up-to-date: /home/rohit/2dof/install/custom_interfaces/local/lib/python3.10/dist-packages/custom_interfaces/_custom_interfaces_s.ep.rosidl_typesupport_introspection_c.c
[0.273s] -- Up-to-date: /home/rohit/2dof/install/custom_interfaces/local/lib/python3.10/dist-packages/custom_interfaces/_custom_interfaces_s.ep.rosidl_typesupport_c.c
[0.274s] -- Up-to-date: /home/rohit/2dof/install/custom_interfaces/local/lib/python3.10/dist-packages/custom_interfaces/custom_interfaces_s__rosidl_typesupport_introspection_c.cpython-310-x86_64-linux-gnu.so
[0.274s] -- Up-to-date: /home/rohit/2dof/install/custom_interfaces/local/lib/python3.10/dist-packages/custom_interfaces/srv
[0.274s] -- Up-to-date: /home/rohit/2dof/install/custom_interfaces/local/lib/python3.10/dist-packages/custom_interfaces/srv/__init__.py
[0.274s] -- Up-to-date: /home/rohit/2dof/install/custom_interfaces/local/lib/python3.10/dist-packages/custom_interfaces/srv/_change_var.py
[0.274s] -- Up-to-date: /home/rohit/2dof/install/custom_interfaces/local/lib/python3.10/dist-packages/custom_interfaces/srv/_change_var_s.c
[0.274s] -- Up-to-date: /home/rohit/2dof/install/custom_interfaces/local/lib/python3.10/dist-packages/custom_interfaces/__init__.py
[0.274s] -- Up-to-date: /home/rohit/2dof/install/custom_interfaces/local/lib/python3.10/dist-packages/custom_interfaces/_custom_interfaces_s.ep.rosidl_typesupport_fastrtps_c.c
[0.274s] -- Up-to-date: /home/rohit/2dof/install/custom_interfaces/local/lib/python3.10/dist-packages/custom_interfaces/custom_interfaces_s__rosidl_typesupport_fastrtps_c.cpython-310-x86_64-linux-gnu.so
[0.305s] Listing '/home/rohit/2dof/install/custom_interfaces/local/lib/python3.10/dist-packages/custom_interfaces'...
[0.305s] Listing '/home/rohit/2dof/install/custom_interfaces/local/lib/python3.10/dist-packages/custom_interfaces/srv'...
[0.308s] -- Up-to-date: /home/rohit/2dof/install/custom_interfaces/local/lib/python3.10/dist-packages/custom_interfaces/custom_interfaces_s__rosidl_typesupport_fastrtps_c.cpython-310-x86_64-linux-gnu.so
[0.308s] -- Up-to-date: /home/rohit/2dof/install/custom_interfaces/local/lib/python3.10/dist-packages/custom_interfaces/custom_interfaces_s__rosidl_typesupport_introspection_c.cpython-310-x86_64-linux-gnu.so
[0.308s] -- Up-to-date: /home/rohit/2dof/install/custom_interfaces/local/lib/python3.10/dist-packages/custom_interfaces/custom_interfaces_s__rosidl_typesupport_c.cpython-310-x86_64-linux-gnu.so
[0.308s] -- Up-to-date: /home/rohit/2dof/install/custom_interfaces/lib/libcustom_interfaces__rosidl_generator_py.so
[0.309s] -- Up-to-date: /home/rohit/2dof/install/custom_interfaces/share/custom_interfaces/srv/ChangeVar.idl
[0.309s] -- Up-to-date: /home/rohit/2dof/install/custom_interfaces/share/custom_interfaces/srv/ChangeVar.srv
[0.309s] -- Up-to-date: /home/rohit/2dof/install/custom_interfaces/share/custom_interfaces/srv/ChangeVar_Request.msg
[0.309s] -- Up-to-date: /home/rohit/2dof/install/custom_interfaces/share/custom_interfaces/srv/ChangeVar_Response.msg
[0.309s] -- Up-to-date: /home/rohit/2dof/install/custom_interfaces/share/ament_index/resource_index/package_run_dependencies/custom_interfaces
[0.309s] -- Up-to-date: /home/rohit/2dof/install/custom_interfaces/share/ament_index/resource_index/parent_prefix_path/custom_interfaces
[0.309s] -- Up-to-date: /home/rohit/2dof/install/custom_interfaces/share/custom_interfaces/environment/ament_prefix_path.sh
[0.309s] -- Up-to-date: /home/rohit/2dof/install/custom_interfaces/share/custom_interfaces/environment/ament_prefix_path.dsv
[0.309s] -- Up-to-date: /home/rohit/2dof/install/custom_interfaces/share/custom_interfaces/environment/path.sh
[0.309s] -- Up-to-date: /home/rohit/2dof/install/custom_interfaces/share/custom_interfaces/environment/path.dsv
[0.309s] -- Up-to-date: /home/rohit/2dof/install/custom_interfaces/share/custom_interfaces/local_setup.bash
[0.309s] -- Up-to-date: /home/rohit/2dof/install/custom_interfaces/share/custom_interfaces/local_setup.sh
[0.309s] -- Up-to-date: /home/rohit/2dof/install/custom_interfaces/share/custom_interfaces/local_setup.zsh
[0.309s] -- Up-to-date: /home/rohit/2dof/install/custom_interfaces/share/custom_interfaces/local_setup.dsv
[0.309s] -- Installing: /home/rohit/2dof/install/custom_interfaces/share/custom_interfaces/package.dsv
[0.309s] -- Up-to-date: /home/rohit/2dof/install/custom_interfaces/share/ament_index/resource_index/packages/custom_interfaces
[0.309s] -- Up-to-date: /home/rohit/2dof/install/custom_interfaces/share/custom_interfaces/cmake/export_custom_interfaces__rosidl_generator_cExport.cmake
[0.309s] -- Up-to-date: /home/rohit/2dof/install/custom_interfaces/share/custom_interfaces/cmake/export_custom_interfaces__rosidl_generator_cExport-noconfig.cmake
[0.309s] -- Up-to-date: /home/rohit/2dof/install/custom_interfaces/share/custom_interfaces/cmake/export_custom_interfaces__rosidl_typesupport_fastrtps_cExport.cmake
[0.309s] -- Up-to-date: /home/rohit/2dof/install/custom_interfaces/share/custom_interfaces/cmake/export_custom_interfaces__rosidl_typesupport_fastrtps_cExport-noconfig.cmake
[0.309s] -- Up-to-date: /home/rohit/2dof/install/custom_interfaces/share/custom_interfaces/cmake/custom_interfaces__rosidl_typesupport_introspection_cExport.cmake
[0.309s] -- Up-to-date: /home/rohit/2dof/install/custom_interfaces/share/custom_interfaces/cmake/custom_interfaces__rosidl_typesupport_introspection_cExport-noconfig.cmake
[0.310s] -- Up-to-date: /home/rohit/2dof/install/custom_interfaces/share/custom_interfaces/cmake/custom_interfaces__rosidl_typesupport_cExport.cmake
[0.310s] -- Up-to-date: /home/rohit/2dof/install/custom_interfaces/share/custom_interfaces/cmake/custom_interfaces__rosidl_typesupport_cExport-noconfig.cmake
[0.310s] -- Up-to-date: /home/rohit/2dof/install/custom_interfaces/share/custom_interfaces/cmake/export_custom_interfaces__rosidl_generator_cppExport.cmake
[0.310s] -- Up-to-date: /home/rohit/2dof/install/custom_interfaces/share/custom_interfaces/cmake/export_custom_interfaces__rosidl_typesupport_fastrtps_cppExport.cmake
[0.310s] -- Up-to-date: /home/rohit/2dof/install/custom_interfaces/share/custom_interfaces/cmake/export_custom_interfaces__rosidl_typesupport_fastrtps_cppExport-noconfig.cmake
[0.310s] -- Up-to-date: /home/rohit/2dof/install/custom_interfaces/share/custom_interfaces/cmake/custom_interfaces__rosidl_typesupport_introspection_cppExport.cmake
[0.310s] -- Up-to-date: /home/rohit/2dof/install/custom_interfaces/share/custom_interfaces/cmake/custom_interfaces__rosidl_typesupport_introspection_cppExport-noconfig.cmake
[0.310s] -- Up-to-date: /home/rohit/2dof/install/custom_interfaces/share/custom_interfaces/cmake/custom_interfaces__rosidl_typesupport_cppExport.cmake
[0.310s] -- Up-to-date: /home/rohit/2dof/install/custom_interfaces/share/custom_interfaces/cmake/custom_interfaces__rosidl_typesupport_cppExport-noconfig.cmake
[0.310s] -- Up-to-date: /home/rohit/2dof/install/custom_interfaces/share/custom_interfaces/cmake/export_custom_interfaces__rosidl_generator_pyExport.cmake
[0.310s] -- Up-to-date: /home/rohit/2dof/install/custom_interfaces/share/custom_interfaces/cmake/export_custom_interfaces__rosidl_generator_pyExport-noconfig.cmake
[0.310s] -- Up-to-date: /home/rohit/2dof/install/custom_interfaces/share/custom_interfaces/cmake/rosidl_cmake-extras.cmake
[0.310s] -- Up-to-date: /home/rohit/2dof/install/custom_interfaces/share/custom_interfaces/cmake/ament_cmake_export_include_directories-extras.cmake
[0.310s] -- Up-to-date: /home/rohit/2dof/install/custom_interfaces/share/custom_interfaces/cmake/ament_cmake_export_libraries-extras.cmake
[0.310s] -- Up-to-date: /home/rohit/2dof/install/custom_interfaces/share/custom_interfaces/cmake/ament_cmake_export_targets-extras.cmake
[0.310s] -- Up-to-date: /home/rohit/2dof/install/custom_interfaces/share/custom_interfaces/cmake/rosidl_cmake_export_typesupport_targets-extras.cmake
[0.310s] -- Up-to-date: /home/rohit/2dof/install/custom_interfaces/share/custom_interfaces/cmake/ament_cmake_export_dependencies-extras.cmake
[0.310s] -- Up-to-date: /home/rohit/2dof/install/custom_interfaces/share/custom_interfaces/cmake/rosidl_cmake_export_typesupport_libraries-extras.cmake
[0.310s] -- Up-to-date: /home/rohit/2dof/install/custom_interfaces/share/custom_interfaces/cmake/custom_interfacesConfig.cmake
[0.310s] -- Up-to-date: /home/rohit/2dof/install/custom_interfaces/share/custom_interfaces/cmake/custom_interfacesConfig-version.cmake
[0.310s] -- Up-to-date: /home/rohit/2dof/install/custom_interfaces/share/custom_interfaces/package.xml
[0.311s] Invoked command in '/home/rohit/2dof/build/custom_interfaces' returned '0': CMAKE_PREFIX_PATH=${CMAKE_PREFIX_PATH}:/home/rohit/2dof/install/pos:/home/rohit/module2.1/install/service_package:/home/rohit/module2.1/install/my_client_pkg:/home/rohit/assigndirectory/install/pack1:/home/rohit/mynode/install/package1:/opt/ros/humble /usr/bin/cmake --install /home/rohit/2dof/build/custom_interfaces
