[0.009s] Invoking command in '/home/rohit/2dof/build/my_robot': CMAKE_PREFIX_PATH=${CMAKE_PREFIX_PATH}:/home/rohit/module2.1/install/service_package:/home/rohit/module2.1/install/my_client_pkg:/home/rohit/assigndirectory/install/pack1:/home/rohit/mynode/install/package1:/opt/ros/humble /usr/bin/cmake --build /home/rohit/2dof/build/my_robot -- -j20 -l20
[0.028s] -- Found ament_cmake: 1.3.11 (/opt/ros/humble/share/ament_cmake/cmake)
[0.120s] -- Found xacro: 2.0.8 (/opt/ros/humble/share/xacro/cmake)
[0.120s] -- Found gazebo_ros: 3.9.0 (/opt/ros/humble/share/gazebo_ros/cmake)
[0.140s] -- Found rosidl_generator_c: 3.1.6 (/opt/ros/humble/share/rosidl_generator_c/cmake)
[0.142s] -- Found rosidl_adapter: 3.1.6 (/opt/ros/humble/share/rosidl_adapter/cmake)
[0.146s] -- Found rosidl_generator_cpp: 3.1.6 (/opt/ros/humble/share/rosidl_generator_cpp/cmake)
[0.152s] -- Using all available rosidl_typesupport_c: rosidl_typesupport_fastrtps_c;rosidl_typesupport_introspection_c
[0.160s] -- Using all available rosidl_typesupport_cpp: rosidl_typesupport_fastrtps_cpp;rosidl_typesupport_introspection_cpp
[0.180s] -- Found rmw_implementation_cmake: 6.1.2 (/opt/ros/humble/share/rmw_implementation_cmake/cmake)
[0.181s] -- Found rmw_fastrtps_cpp: 6.2.7 (/opt/ros/humble/share/rmw_fastrtps_cpp/cmake)
[0.254s] -- Using RMW implementation 'rmw_fastrtps_cpp' as default
[0.308s] -- Found DART: /usr/include (Required is at least version "6.6") found components: dart 
[0.329s] -- Found Protobuf: /usr/lib/x86_64-linux-gnu/libprotobuf.so (found version "3.12.4") 
[0.330s] -- Looking for ignition-math6 -- found version 6.15.1
[0.333s] -- Searching for dependencies of ignition-math6
[0.334s] -- Looking for OGRE...
[0.339s] -- Found Ogre Ghadamon (1.9.0)
[0.339s] -- Found OGRE: optimized;/usr/lib/x86_64-linux-gnu/libOgreMain.so;debug;/usr/lib/x86_64-linux-gnu/libOgreMain.so
[0.348s] -- Looking for OGRE_Paging...
[0.348s] -- Found OGRE_Paging: optimized;/usr/lib/x86_64-linux-gnu/libOgrePaging.so;debug;/usr/lib/x86_64-linux-gnu/libOgrePaging.so
[0.348s] -- Looking for OGRE_Terrain...
[0.348s] -- Found OGRE_Terrain: optimized;/usr/lib/x86_64-linux-gnu/libOgreTerrain.so;debug;/usr/lib/x86_64-linux-gnu/libOgreTerrain.so
[0.348s] -- Looking for OGRE_Property...
[0.348s] -- Found OGRE_Property: optimized;/usr/lib/x86_64-linux-gnu/libOgreProperty.so;debug;/usr/lib/x86_64-linux-gnu/libOgreProperty.so
[0.348s] -- Looking for OGRE_RTShaderSystem...
[0.348s] -- Found OGRE_RTShaderSystem: optimized;/usr/lib/x86_64-linux-gnu/libOgreRTShaderSystem.so;debug;/usr/lib/x86_64-linux-gnu/libOgreRTShaderSystem.so
[0.348s] -- Looking for OGRE_Volume...
[0.348s] -- Found OGRE_Volume: optimized;/usr/lib/x86_64-linux-gnu/libOgreVolume.so;debug;/usr/lib/x86_64-linux-gnu/libOgreVolume.so
[0.348s] -- Looking for OGRE_Overlay...
[0.348s] -- Found OGRE_Overlay: optimized;/usr/lib/x86_64-linux-gnu/libOgreOverlay.so;debug;/usr/lib/x86_64-linux-gnu/libOgreOverlay.so
[0.415s] -- Looking for ignition-math6 -- found version 6.15.1
[0.415s] -- Looking for ignition-transport8 -- found version 8.2.1
[0.416s] -- Searching for dependencies of ignition-transport8
[0.428s] -- Found Protobuf: /usr/lib/x86_64-linux-gnu/libprotobuf.so (found suitable version "3.12.4", minimum required is "3") 
[0.435s] -- Config-file not installed for ZeroMQ -- checking for pkg-config
[0.440s] -- Checking for module 'libzmq >= 4'
[0.452s] --   Found libzmq , version 4.3.4
[0.486s] -- Checking for module 'uuid'
[0.497s] --   Found uuid, version 2.37.2
[0.526s] -- Looking for ignition-msgs5 -- found version 5.8.1
[0.527s] -- Searching for dependencies of ignition-msgs5
[0.541s] -- Looking for ignition-math6 -- found version 6.15.1
[0.546s] -- Checking for module 'tinyxml2'
[0.557s] --   Found tinyxml2, version 9.0.0
[0.589s] -- Looking for ignition-msgs5 -- found version 5.8.1
[0.589s] -- Looking for ignition-common3 -- found version 3.14.0
[0.589s] -- Searching for dependencies of ignition-common3
[0.589s] -- Looking for dlfcn.h - found
[0.590s] -- Looking for libdl - found
[0.604s] -- Searching for <ignition-common3> component [graphics]
[0.604s] -- Looking for ignition-common3-graphics -- found version 3.14.0
[0.604s] -- Searching for dependencies of ignition-common3-graphics
[0.605s] -- Looking for ignition-math6 -- found version 6.15.1
[0.605s] -- Looking for ignition-fuel_tools4 -- found version 4.4.0
[0.606s] -- Searching for dependencies of ignition-fuel_tools4
[0.635s] -- Checking for module 'jsoncpp'
[0.648s] --   Found jsoncpp, version 1.9.5
[0.699s] -- Checking for module 'libzip'
[0.717s] --   Found libzip, version 1.7.3
[0.765s] -- Looking for ignition-common3 -- found version 3.14.0
[0.765s] -- Looking for ignition-math6 -- found version 6.15.1
[0.766s] -- Looking for ignition-msgs5 -- found version 5.8.1
[0.768s] -- Gazebo version: 11.10
[0.770s] -- Found ament_lint_auto: 0.12.11 (/opt/ros/humble/share/ament_lint_auto/cmake)
[0.833s] -- Added test 'flake8' to check Python code syntax and style conventions
[0.833s] -- Added test 'lint_cmake' to check CMake code style
[0.833s] -- Added test 'pep257' to check Python code against some of the docstring style conventions in PEP 257
[0.834s] -- Added test 'xmllint' to check XML markup files
[0.834s] -- Configuring done
[0.837s] -- Generating done
[0.839s] -- Build files have been written to: /home/rohit/2dof/build/my_robot
