[0.010s] Invoking command in '/home/rohit/2dof/build/my_robot': CMAKE_PREFIX_PATH=${CMAKE_PREFIX_PATH}:/home/rohit/module2.1/install/service_package:/home/rohit/module2.1/install/my_client_pkg:/home/rohit/assigndirectory/install/pack1:/home/rohit/mynode/install/package1:/opt/ros/humble /usr/bin/cmake --build /home/rohit/2dof/build/my_robot -- -j20 -l20
[0.058s] Invoked command in '/home/rohit/2dof/build/my_robot' returned '0': CMAKE_PREFIX_PATH=${CMAKE_PREFIX_PATH}:/home/rohit/module2.1/install/service_package:/home/rohit/module2.1/install/my_client_pkg:/home/rohit/assigndirectory/install/pack1:/home/rohit/mynode/install/package1:/opt/ros/humble /usr/bin/cmake --build /home/rohit/2dof/build/my_robot -- -j20 -l20
[0.070s] Invoking command in '/home/rohit/2dof/build/my_robot': CMAKE_PREFIX_PATH=${CMAKE_PREFIX_PATH}:/home/rohit/module2.1/install/service_package:/home/rohit/module2.1/install/my_client_pkg:/home/rohit/assigndirectory/install/pack1:/home/rohit/mynode/install/package1:/opt/ros/humble /usr/bin/cmake --install /home/rohit/2dof/build/my_robot
[0.077s] -- Install configuration: ""
[0.077s] -- Up-to-date: /home/rohit/2dof/install/my_robot/share/my_robot/launch
[0.077s] -- Installing: /home/rohit/2dof/install/my_robot/share/my_robot/launch/node.py
[0.077s] -- Up-to-date: /home/rohit/2dof/install/my_robot/share/my_robot/launch/display.launch.py
[0.077s] -- Up-to-date: /home/rohit/2dof/install/my_robot/share/my_robot/urdf
[0.077s] -- Up-to-date: /home/rohit/2dof/install/my_robot/share/my_robot/urdf/arm.xacro.urdf
[0.078s] -- Up-to-date: /home/rohit/2dof/install/my_robot/share/ament_index/resource_index/package_run_dependencies/my_robot
[0.078s] -- Up-to-date: /home/rohit/2dof/install/my_robot/share/ament_index/resource_index/parent_prefix_path/my_robot
[0.078s] -- Up-to-date: /home/rohit/2dof/install/my_robot/share/my_robot/environment/ament_prefix_path.sh
[0.078s] -- Up-to-date: /home/rohit/2dof/install/my_robot/share/my_robot/environment/ament_prefix_path.dsv
[0.078s] -- Up-to-date: /home/rohit/2dof/install/my_robot/share/my_robot/environment/path.sh
[0.078s] -- Up-to-date: /home/rohit/2dof/install/my_robot/share/my_robot/environment/path.dsv
[0.078s] -- Up-to-date: /home/rohit/2dof/install/my_robot/share/my_robot/local_setup.bash
[0.078s] -- Up-to-date: /home/rohit/2dof/install/my_robot/share/my_robot/local_setup.sh
[0.078s] -- Up-to-date: /home/rohit/2dof/install/my_robot/share/my_robot/local_setup.zsh
[0.078s] -- Up-to-date: /home/rohit/2dof/install/my_robot/share/my_robot/local_setup.dsv
[0.079s] -- Installing: /home/rohit/2dof/install/my_robot/share/my_robot/package.dsv
[0.079s] -- Up-to-date: /home/rohit/2dof/install/my_robot/share/ament_index/resource_index/packages/my_robot
[0.079s] -- Up-to-date: /home/rohit/2dof/install/my_robot/share/my_robot/cmake/my_robotConfig.cmake
[0.079s] -- Up-to-date: /home/rohit/2dof/install/my_robot/share/my_robot/cmake/my_robotConfig-version.cmake
[0.079s] -- Up-to-date: /home/rohit/2dof/install/my_robot/share/my_robot/package.xml
[0.080s] Invoked command in '/home/rohit/2dof/build/my_robot' returned '0': CMAKE_PREFIX_PATH=${CMAKE_PREFIX_PATH}:/home/rohit/module2.1/install/service_package:/home/rohit/module2.1/install/my_client_pkg:/home/rohit/assigndirectory/install/pack1:/home/rohit/mynode/install/package1:/opt/ros/humble /usr/bin/cmake --install /home/rohit/2dof/build/my_robot
