[0.072s] DEBUG:colcon:Command line arguments: ['/usr/bin/colcon', 'list', '-p', '--base-paths', '/home/rohit/2dof']
[0.072s] DEBUG:colcon:Parsed command line arguments: Namespace(log_base=None, log_level=None, verb_name='list', build_base='build', ignore_user_meta=False, metas=['./colcon.meta'], base_paths=['/home/rohit/2dof'], packages_ignore=None, packages_ignore_regex=None, paths=None, packages_up_to=None, packages_up_to_regex=None, packages_above=None, packages_above_and_dependencies=None, packages_above_depth=None, packages_select_by_dep=None, packages_skip_by_dep=None, packages_skip_up_to=None, packages_select_build_failed=False, packages_skip_build_finished=False, packages_select_test_failures=False, packages_skip_test_passed=False, packages_select=None, packages_skip=None, packages_select_regex=None, packages_skip_regex=None, packages_start=None, packages_end=None, allow_overriding=[], topological_order=False, names_only=False, paths_only=True, topological_graph=False, topological_graph_dot=False, topological_graph_density=False, topological_graph_legend=False, topological_graph_dot_cluster=False, topological_graph_dot_include_skipped=False, mixin_files=None, mixin=None, verb_parser=<colcon_mixin.mixin.mixin_argument.MixinArgumentDecorator object at 0x71c45a94b640>, verb_extension=<colcon_package_information.verb.list.ListVerb object at 0x71c45a94a710>, main=<bound method ListVerb.main of <colcon_package_information.verb.list.ListVerb object at 0x71c45a94a710>>, mixin_verb=('list',))
[0.178s] Level 1:colcon.colcon_core.package_discovery:discover_packages(colcon_meta) check parameters
[0.178s] Level 1:colcon.colcon_core.package_discovery:discover_packages(recursive) check parameters
[0.178s] Level 1:colcon.colcon_core.package_discovery:discover_packages(ignore) check parameters
[0.178s] Level 1:colcon.colcon_core.package_discovery:discover_packages(path) check parameters
[0.178s] Level 1:colcon.colcon_core.package_discovery:discover_packages(recursive) discover
[0.178s] INFO:colcon.colcon_core.package_discovery:Crawling recursively for packages in '/home/rohit/2dof'
[0.178s] Level 1:colcon.colcon_core.package_identification:_identify(/home/rohit/2dof) by extensions ['ignore', 'ignore_ament_install']
[0.178s] Level 1:colcon.colcon_core.package_identification:_identify(/home/rohit/2dof) by extension 'ignore'
[0.178s] Level 1:colcon.colcon_core.package_identification:_identify(/home/rohit/2dof) by extension 'ignore_ament_install'
[0.178s] Level 1:colcon.colcon_core.package_identification:_identify(/home/rohit/2dof) by extensions ['colcon_pkg']
[0.178s] Level 1:colcon.colcon_core.package_identification:_identify(/home/rohit/2dof) by extension 'colcon_pkg'
[0.178s] Level 1:colcon.colcon_core.package_identification:_identify(/home/rohit/2dof) by extensions ['colcon_meta']
[0.178s] Level 1:colcon.colcon_core.package_identification:_identify(/home/rohit/2dof) by extension 'colcon_meta'
[0.178s] Level 1:colcon.colcon_core.package_identification:_identify(/home/rohit/2dof) by extensions ['ros']
[0.178s] Level 1:colcon.colcon_core.package_identification:_identify(/home/rohit/2dof) by extension 'ros'
[0.186s] Level 1:colcon.colcon_core.package_identification:_identify(/home/rohit/2dof) by extensions ['cmake', 'python']
[0.186s] Level 1:colcon.colcon_core.package_identification:_identify(/home/rohit/2dof) by extension 'cmake'
[0.186s] Level 1:colcon.colcon_core.package_identification:_identify(/home/rohit/2dof) by extension 'python'
[0.186s] Level 1:colcon.colcon_core.package_identification:_identify(/home/rohit/2dof) by extensions ['python_setup_py']
[0.186s] Level 1:colcon.colcon_core.package_identification:_identify(/home/rohit/2dof) by extension 'python_setup_py'
[0.186s] Level 1:colcon.colcon_core.package_identification:_identify(/home/rohit/2dof/build) by extensions ['ignore', 'ignore_ament_install']
[0.186s] Level 1:colcon.colcon_core.package_identification:_identify(/home/rohit/2dof/build) by extension 'ignore'
[0.186s] Level 1:colcon.colcon_core.package_identification:_identify(/home/rohit/2dof/build) ignored
[0.186s] Level 1:colcon.colcon_core.package_identification:_identify(/home/rohit/2dof/install) by extensions ['ignore', 'ignore_ament_install']
[0.186s] Level 1:colcon.colcon_core.package_identification:_identify(/home/rohit/2dof/install) by extension 'ignore'
[0.186s] Level 1:colcon.colcon_core.package_identification:_identify(/home/rohit/2dof/install) ignored
[0.186s] Level 1:colcon.colcon_core.package_identification:_identify(/home/rohit/2dof/log) by extensions ['ignore', 'ignore_ament_install']
[0.186s] Level 1:colcon.colcon_core.package_identification:_identify(/home/rohit/2dof/log) by extension 'ignore'
[0.186s] Level 1:colcon.colcon_core.package_identification:_identify(/home/rohit/2dof/log) ignored
[0.186s] Level 1:colcon.colcon_core.package_identification:_identify(/home/rohit/2dof/src) by extensions ['ignore', 'ignore_ament_install']
[0.186s] Level 1:colcon.colcon_core.package_identification:_identify(/home/rohit/2dof/src) by extension 'ignore'
[0.186s] Level 1:colcon.colcon_core.package_identification:_identify(/home/rohit/2dof/src) by extension 'ignore_ament_install'
[0.186s] Level 1:colcon.colcon_core.package_identification:_identify(/home/rohit/2dof/src) by extensions ['colcon_pkg']
[0.186s] Level 1:colcon.colcon_core.package_identification:_identify(/home/rohit/2dof/src) by extension 'colcon_pkg'
[0.186s] Level 1:colcon.colcon_core.package_identification:_identify(/home/rohit/2dof/src) by extensions ['colcon_meta']
[0.186s] Level 1:colcon.colcon_core.package_identification:_identify(/home/rohit/2dof/src) by extension 'colcon_meta'
[0.186s] Level 1:colcon.colcon_core.package_identification:_identify(/home/rohit/2dof/src) by extensions ['ros']
[0.186s] Level 1:colcon.colcon_core.package_identification:_identify(/home/rohit/2dof/src) by extension 'ros'
[0.186s] Level 1:colcon.colcon_core.package_identification:_identify(/home/rohit/2dof/src) by extensions ['cmake', 'python']
[0.186s] Level 1:colcon.colcon_core.package_identification:_identify(/home/rohit/2dof/src) by extension 'cmake'
[0.186s] Level 1:colcon.colcon_core.package_identification:_identify(/home/rohit/2dof/src) by extension 'python'
[0.187s] Level 1:colcon.colcon_core.package_identification:_identify(/home/rohit/2dof/src) by extensions ['python_setup_py']
[0.187s] Level 1:colcon.colcon_core.package_identification:_identify(/home/rohit/2dof/src) by extension 'python_setup_py'
[0.187s] Level 1:colcon.colcon_core.package_identification:_identify(/home/rohit/2dof/src/custom_interfaces) by extensions ['ignore', 'ignore_ament_install']
[0.187s] Level 1:colcon.colcon_core.package_identification:_identify(/home/rohit/2dof/src/custom_interfaces) by extension 'ignore'
[0.187s] Level 1:colcon.colcon_core.package_identification:_identify(/home/rohit/2dof/src/custom_interfaces) by extension 'ignore_ament_install'
[0.187s] Level 1:colcon.colcon_core.package_identification:_identify(/home/rohit/2dof/src/custom_interfaces) by extensions ['colcon_pkg']
[0.187s] Level 1:colcon.colcon_core.package_identification:_identify(/home/rohit/2dof/src/custom_interfaces) by extension 'colcon_pkg'
[0.187s] Level 1:colcon.colcon_core.package_identification:_identify(/home/rohit/2dof/src/custom_interfaces) by extensions ['colcon_meta']
[0.187s] Level 1:colcon.colcon_core.package_identification:_identify(/home/rohit/2dof/src/custom_interfaces) by extension 'colcon_meta'
[0.187s] Level 1:colcon.colcon_core.package_identification:_identify(/home/rohit/2dof/src/custom_interfaces) by extensions ['ros']
[0.187s] Level 1:colcon.colcon_core.package_identification:_identify(/home/rohit/2dof/src/custom_interfaces) by extension 'ros'
[0.188s] DEBUG:colcon.colcon_core.package_identification:Package '/home/rohit/2dof/src/custom_interfaces' with type 'ros.ament_cmake' and name 'custom_interfaces'
[0.188s] Level 1:colcon.colcon_core.package_identification:_identify(/home/rohit/2dof/src/my_robot) by extensions ['ignore', 'ignore_ament_install']
[0.189s] Level 1:colcon.colcon_core.package_identification:_identify(/home/rohit/2dof/src/my_robot) by extension 'ignore'
[0.189s] Level 1:colcon.colcon_core.package_identification:_identify(/home/rohit/2dof/src/my_robot) by extension 'ignore_ament_install'
[0.189s] Level 1:colcon.colcon_core.package_identification:_identify(/home/rohit/2dof/src/my_robot) by extensions ['colcon_pkg']
[0.189s] Level 1:colcon.colcon_core.package_identification:_identify(/home/rohit/2dof/src/my_robot) by extension 'colcon_pkg'
[0.189s] Level 1:colcon.colcon_core.package_identification:_identify(/home/rohit/2dof/src/my_robot) by extensions ['colcon_meta']
[0.189s] Level 1:colcon.colcon_core.package_identification:_identify(/home/rohit/2dof/src/my_robot) by extension 'colcon_meta'
[0.189s] Level 1:colcon.colcon_core.package_identification:_identify(/home/rohit/2dof/src/my_robot) by extensions ['ros']
[0.189s] Level 1:colcon.colcon_core.package_identification:_identify(/home/rohit/2dof/src/my_robot) by extension 'ros'
[0.189s] DEBUG:colcon.colcon_core.package_identification:Package '/home/rohit/2dof/src/my_robot' with type 'ros.ament_cmake' and name 'my_robot'
[0.189s] Level 1:colcon.colcon_core.package_identification:_identify(/home/rohit/2dof/src/pos) by extensions ['ignore', 'ignore_ament_install']
[0.189s] Level 1:colcon.colcon_core.package_identification:_identify(/home/rohit/2dof/src/pos) by extension 'ignore'
[0.189s] Level 1:colcon.colcon_core.package_identification:_identify(/home/rohit/2dof/src/pos) by extension 'ignore_ament_install'
[0.189s] Level 1:colcon.colcon_core.package_identification:_identify(/home/rohit/2dof/src/pos) by extensions ['colcon_pkg']
[0.189s] Level 1:colcon.colcon_core.package_identification:_identify(/home/rohit/2dof/src/pos) by extension 'colcon_pkg'
[0.189s] Level 1:colcon.colcon_core.package_identification:_identify(/home/rohit/2dof/src/pos) by extensions ['colcon_meta']
[0.189s] Level 1:colcon.colcon_core.package_identification:_identify(/home/rohit/2dof/src/pos) by extension 'colcon_meta'
[0.190s] Level 1:colcon.colcon_core.package_identification:_identify(/home/rohit/2dof/src/pos) by extensions ['ros']
[0.190s] Level 1:colcon.colcon_core.package_identification:_identify(/home/rohit/2dof/src/pos) by extension 'ros'
[0.190s] DEBUG:colcon.colcon_core.package_identification:Package '/home/rohit/2dof/src/pos' with type 'ros.ament_python' and name 'pos'
[0.190s] Level 1:colcon.colcon_core.package_discovery:discover_packages(recursive) using defaults
