[0.007s] Invoking command in '/home/rohit/2dof/build/my_robot': CMAKE_PREFIX_PATH=${CMAKE_PREFIX_PATH}:/home/rohit/assigndirectory/install/pack1:/home/rohit/mynode/install/package1:/opt/ros/humble /usr/bin/cmake /home/rohit/2dof/src/my_robot -DCMAKE_INSTALL_PREFIX=/home/rohit/2dof/install/my_robot
[0.059s] -- The C compiler identification is GNU 11.4.0
[0.112s] -- The CXX compiler identification is GNU 11.4.0
[0.119s] -- Detecting C compiler ABI info
[0.205s] -- Detecting C compiler ABI info - done
[0.215s] -- Check for working C compiler: /usr/bin/cc - skipped
[0.215s] -- Detecting C compile features
[0.215s] -- Detecting C compile features - done
[0.218s] -- Detecting CXX compiler ABI info
[0.315s] -- Detecting CXX compiler ABI info - done
[0.323s] -- Check for working CXX compiler: /usr/bin/c++ - skipped
[0.323s] -- Detecting CXX compile features
[0.324s] -- Detecting CXX compile features - done
[0.326s] -- Found ament_cmake: 1.3.11 (/opt/ros/humble/share/ament_cmake/cmake)
[0.449s] -- Found Python3: /usr/bin/python3 (found version "3.10.12") found components: Interpreter 
[0.524s] -- Found xacro: 2.0.8 (/opt/ros/humble/share/xacro/cmake)
[0.528s] -- Found gazebo_ros: 3.9.0 (/opt/ros/humble/share/gazebo_ros/cmake)
[0.574s] -- Found rosidl_generator_c: 3.1.6 (/opt/ros/humble/share/rosidl_generator_c/cmake)
[0.577s] -- Found rosidl_adapter: 3.1.6 (/opt/ros/humble/share/rosidl_adapter/cmake)
[0.582s] -- Found rosidl_generator_cpp: 3.1.6 (/opt/ros/humble/share/rosidl_generator_cpp/cmake)
[0.590s] -- Using all available rosidl_typesupport_c: rosidl_typesupport_fastrtps_c;rosidl_typesupport_introspection_c
[0.600s] -- Using all available rosidl_typesupport_cpp: rosidl_typesupport_fastrtps_cpp;rosidl_typesupport_introspection_cpp
[0.628s] -- Found rmw_implementation_cmake: 6.1.2 (/opt/ros/humble/share/rmw_implementation_cmake/cmake)
[0.629s] -- Found rmw_fastrtps_cpp: 6.2.7 (/opt/ros/humble/share/rmw_fastrtps_cpp/cmake)
[0.708s] -- Found OpenSSL: /usr/lib/x86_64-linux-gnu/libcrypto.so (found version "3.0.2")  
[0.740s] -- Found FastRTPS: /opt/ros/humble/include  
[0.767s] -- Using RMW implementation 'rmw_fastrtps_cpp' as default
[0.773s] -- Looking for pthread.h
[0.850s] -- Looking for pthread.h - found
[0.850s] -- Performing Test CMAKE_HAVE_LIBC_PTHREAD
[0.943s] -- Performing Test CMAKE_HAVE_LIBC_PTHREAD - Success
[0.945s] -- Found Threads: TRUE  
[0.990s] -- Found PkgConfig: /usr/bin/pkg-config (found version "0.29.2") 
[0.991s] -- Checking for module 'bullet>=2.82'
[1.005s] --   Found bullet, version 3.05
[1.137s] -- Found fcl: /usr/include (found suitable version "0.7.0", minimum required is "0.5.0") 
[1.208s] -- Found assimp: /usr/include (found version "5.2.0") 
[1.234s] -- Found DART: /usr/include (Required is at least version "6.6") found components: dart 
[1.256s] -- Found Boost: /usr/lib/x86_64-linux-gnu/cmake/Boost-1.74.0/BoostConfig.cmake (found suitable version "1.74.0", minimum required is "1.40.0") found components: thread system filesystem program_options regex iostreams date_time 
[1.270s] -- Found Protobuf: /usr/lib/x86_64-linux-gnu/libprotobuf.so (found version "3.12.4") 
[1.275s] -- Looking for ignition-math6 -- found version 6.15.1
[1.290s] -- Searching for dependencies of ignition-math6
[1.293s] -- Looking for OGRE...
[1.293s] -- OGRE_PREFIX_WATCH changed.
[1.301s] -- Checking for module 'OGRE'
[1.319s] --   Found OGRE, version 1.9.0
[1.367s] -- Found Ogre Ghadamon (1.9.0)
[1.376s] -- Found OGRE: optimized;/usr/lib/x86_64-linux-gnu/libOgreMain.so;debug;/usr/lib/x86_64-linux-gnu/libOgreMain.so
[1.390s] -- Looking for OGRE_Paging...
[1.395s] -- Found OGRE_Paging: optimized;/usr/lib/x86_64-linux-gnu/libOgrePaging.so;debug;/usr/lib/x86_64-linux-gnu/libOgrePaging.so
[1.396s] -- Looking for OGRE_Terrain...
[1.399s] -- Found OGRE_Terrain: optimized;/usr/lib/x86_64-linux-gnu/libOgreTerrain.so;debug;/usr/lib/x86_64-linux-gnu/libOgreTerrain.so
[1.399s] -- Looking for OGRE_Property...
[1.402s] -- Found OGRE_Property: optimized;/usr/lib/x86_64-linux-gnu/libOgreProperty.so;debug;/usr/lib/x86_64-linux-gnu/libOgreProperty.so
[1.402s] -- Looking for OGRE_RTShaderSystem...
[1.405s] -- Found OGRE_RTShaderSystem: optimized;/usr/lib/x86_64-linux-gnu/libOgreRTShaderSystem.so;debug;/usr/lib/x86_64-linux-gnu/libOgreRTShaderSystem.so
[1.405s] -- Looking for OGRE_Volume...
[1.408s] -- Found OGRE_Volume: optimized;/usr/lib/x86_64-linux-gnu/libOgreVolume.so;debug;/usr/lib/x86_64-linux-gnu/libOgreVolume.so
[1.408s] -- Looking for OGRE_Overlay...
[1.411s] -- Found OGRE_Overlay: optimized;/usr/lib/x86_64-linux-gnu/libOgreOverlay.so;debug;/usr/lib/x86_64-linux-gnu/libOgreOverlay.so
[1.478s] -- Looking for ignition-math6 -- found version 6.15.1
[1.481s] -- Looking for ignition-transport8 -- found version 8.2.1
[1.481s] -- Searching for dependencies of ignition-transport8
[1.493s] -- Found Protobuf: /usr/lib/x86_64-linux-gnu/libprotobuf.so (found suitable version "3.12.4", minimum required is "3") 
[1.500s] -- Config-file not installed for ZeroMQ -- checking for pkg-config
[1.504s] -- Checking for module 'libzmq >= 4'
[1.519s] --   Found libzmq , version 4.3.4
[1.572s] -- Found ZeroMQ: TRUE (Required is at least version "4") 
[1.581s] -- Checking for module 'uuid'
[1.599s] --   Found uuid, version 2.37.2
[1.644s] -- Found UUID: TRUE  
[1.648s] -- Looking for ignition-msgs5 -- found version 5.8.1
[1.648s] -- Searching for dependencies of ignition-msgs5
[1.670s] -- Looking for ignition-math6 -- found version 6.15.1
[1.675s] -- Checking for module 'tinyxml2'
[1.693s] --   Found tinyxml2, version 9.0.0
[1.741s] -- Looking for ignition-msgs5 -- found version 5.8.1
[1.744s] -- Looking for ignition-common3 -- found version 3.14.0
[1.744s] -- Searching for dependencies of ignition-common3
[1.745s] -- Looking for dlfcn.h - found
[1.746s] -- Looking for libdl - found
[1.747s] -- Found DL: TRUE  
[1.759s] -- Found tinyobjloader: /usr/lib/x86_64-linux-gnu/cmake/tinyobjloader/tinyobjloader-config.cmake (found version "2.0.0") 
[1.760s] -- Searching for <ignition-common3> component [graphics]
[1.761s] -- Looking for ignition-common3-graphics -- found version 3.14.0
[1.761s] -- Searching for dependencies of ignition-common3-graphics
[1.761s] -- Looking for ignition-math6 -- found version 6.15.1
[1.763s] -- Looking for ignition-fuel_tools4 -- found version 4.4.0
[1.764s] -- Searching for dependencies of ignition-fuel_tools4
[1.855s] -- Found CURL: /usr/lib/x86_64-linux-gnu/libcurl.so (found version "7.81.0")  
[1.868s] -- Checking for module 'jsoncpp'
[1.887s] --   Found jsoncpp, version 1.9.5
[1.934s] -- Found JSONCPP: TRUE  
[1.943s] -- Checking for module 'libzip'
[1.963s] --   Found libzip, version 1.7.3
[2.010s] -- Found ZIP: TRUE  
[2.011s] -- Looking for ignition-common3 -- found version 3.14.0
[2.011s] -- Looking for ignition-math6 -- found version 6.15.1
[2.012s] -- Looking for ignition-msgs5 -- found version 5.8.1
[2.016s] -- Gazebo version: 11.10
[2.017s] -- Checking for module 'tbb'
[2.035s] --   Found tbb, version 2021.5.0
[2.084s] -- Found ament_lint_auto: 0.12.11 (/opt/ros/humble/share/ament_lint_auto/cmake)
[2.142s] -- Added test 'flake8' to check Python code syntax and style conventions
[2.142s] -- Added test 'lint_cmake' to check CMake code style
[2.142s] -- Added test 'pep257' to check Python code against some of the docstring style conventions in PEP 257
[2.143s] -- Added test 'xmllint' to check XML markup files
[2.144s] -- Configuring done
[2.147s] -- Generating done
[2.148s] -- Build files have been written to: /home/rohit/2dof/build/my_robot
[2.157s] Invoked command in '/home/rohit/2dof/build/my_robot' returned '0': CMAKE_PREFIX_PATH=${CMAKE_PREFIX_PATH}:/home/rohit/assigndirectory/install/pack1:/home/rohit/mynode/install/package1:/opt/ros/humble /usr/bin/cmake /home/rohit/2dof/src/my_robot -DCMAKE_INSTALL_PREFIX=/home/rohit/2dof/install/my_robot
[2.158s] Invoking command in '/home/rohit/2dof/build/my_robot': CMAKE_PREFIX_PATH=${CMAKE_PREFIX_PATH}:/home/rohit/assigndirectory/install/pack1:/home/rohit/mynode/install/package1:/opt/ros/humble /usr/bin/cmake --build /home/rohit/2dof/build/my_robot -- -j20 -l20
[2.198s] Invoked command in '/home/rohit/2dof/build/my_robot' returned '0': CMAKE_PREFIX_PATH=${CMAKE_PREFIX_PATH}:/home/rohit/assigndirectory/install/pack1:/home/rohit/mynode/install/package1:/opt/ros/humble /usr/bin/cmake --build /home/rohit/2dof/build/my_robot -- -j20 -l20
[2.209s] Invoking command in '/home/rohit/2dof/build/my_robot': CMAKE_PREFIX_PATH=${CMAKE_PREFIX_PATH}:/home/rohit/assigndirectory/install/pack1:/home/rohit/mynode/install/package1:/opt/ros/humble /usr/bin/cmake --install /home/rohit/2dof/build/my_robot
[2.219s] -- Install configuration: ""
[2.219s] -- Installing: /home/rohit/2dof/install/my_robot/share/ament_index/resource_index/package_run_dependencies/my_robot
[2.219s] -- Installing: /home/rohit/2dof/install/my_robot/share/ament_index/resource_index/parent_prefix_path/my_robot
[2.219s] -- Installing: /home/rohit/2dof/install/my_robot/share/my_robot/environment/ament_prefix_path.sh
[2.219s] -- Installing: /home/rohit/2dof/install/my_robot/share/my_robot/environment/ament_prefix_path.dsv
[2.219s] -- Installing: /home/rohit/2dof/install/my_robot/share/my_robot/environment/path.sh
[2.220s] -- Installing: /home/rohit/2dof/install/my_robot/share/my_robot/environment/path.dsv
[2.220s] -- Installing: /home/rohit/2dof/install/my_robot/share/my_robot/local_setup.bash
[2.220s] -- Installing: /home/rohit/2dof/install/my_robot/share/my_robot/local_setup.sh
[2.220s] -- Installing: /home/rohit/2dof/install/my_robot/share/my_robot/local_setup.zsh
[2.220s] -- Installing: /home/rohit/2dof/install/my_robot/share/my_robot/local_setup.dsv
[2.220s] -- Installing: /home/rohit/2dof/install/my_robot/share/my_robot/package.dsv
[2.220s] -- Installing: /home/rohit/2dof/install/my_robot/share/ament_index/resource_index/packages/my_robot
[2.220s] -- Installing: /home/rohit/2dof/install/my_robot/share/my_robot/cmake/my_robotConfig.cmake
[2.220s] -- Installing: /home/rohit/2dof/install/my_robot/share/my_robot/cmake/my_robotConfig-version.cmake
[2.220s] -- Installing: /home/rohit/2dof/install/my_robot/share/my_robot/package.xml
[2.222s] Invoked command in '/home/rohit/2dof/build/my_robot' returned '0': CMAKE_PREFIX_PATH=${CMAKE_PREFIX_PATH}:/home/rohit/assigndirectory/install/pack1:/home/rohit/mynode/install/package1:/opt/ros/humble /usr/bin/cmake --install /home/rohit/2dof/build/my_robot
