[0.415s] Invoking command in '/home/rohit/2dof/src/pos': AMENT_PREFIX_PATH=/home/rohit/2dof/install/custom_interfaces:${AMENT_PREFIX_PATH} CMAKE_PREFIX_PATH=/home/rohit/2dof/install/custom_interfaces:${CMAKE_PREFIX_PATH} LD_LIBRARY_PATH=/home/rohit/2dof/install/custom_interfaces/lib:/usr/lib/x86_64-linux-gnu/gazebo-11/plugins:/opt/ros/humble/opt/rviz_ogre_vendor/lib:/opt/ros/humble/lib/x86_64-linux-gnu:/opt/ros/humble/lib:/usr/share/gazebo/../../lib/x86_64-linux-gnu/gazebo-11/plugins PYTHONPATH=/home/rohit/2dof/build/pos/prefix_override:/usr/lib/python3/dist-packages/colcon_core/task/python/colcon_distutils_commands:/home/rohit/2dof/install/pos/lib/python3.10/site-packages:/home/rohit/2dof/install/custom_interfaces/local/lib/python3.10/dist-packages:${PYTHONPATH} /usr/bin/python3 -W ignore:setup.py install is deprecated -W ignore:easy_install command is deprecated setup.py egg_info --egg-base ../../build/pos build --build-base /home/rohit/2dof/build/pos/build install --record /home/rohit/2dof/build/pos/install.log --single-version-externally-managed install_data
[0.564s] running egg_info
[0.564s] writing ../../build/pos/pos.egg-info/PKG-INFO
[0.564s] writing dependency_links to ../../build/pos/pos.egg-info/dependency_links.txt
[0.564s] writing entry points to ../../build/pos/pos.egg-info/entry_points.txt
[0.564s] writing requirements to ../../build/pos/pos.egg-info/requires.txt
[0.564s] writing top-level names to ../../build/pos/pos.egg-info/top_level.txt
[0.566s] reading manifest file '../../build/pos/pos.egg-info/SOURCES.txt'
[0.566s] writing manifest file '../../build/pos/pos.egg-info/SOURCES.txt'
[0.566s] running build
[0.566s] running build_py
[0.566s] copying pos/service.py -> /home/rohit/2dof/build/pos/build/lib/pos
[0.567s] running install
[0.567s] running install_lib
[0.567s] copying /home/rohit/2dof/build/pos/build/lib/pos/service.py -> /home/rohit/2dof/install/pos/lib/python3.10/site-packages/pos
[0.568s] byte-compiling /home/rohit/2dof/install/pos/lib/python3.10/site-packages/pos/tempCodeRunnerFile.py to tempCodeRunnerFile.cpython-310.pyc
[0.568s] byte-compiling /home/rohit/2dof/install/pos/lib/python3.10/site-packages/pos/service.py to service.cpython-310.pyc
[0.568s] Sorry: IndentationError: unexpected indent (tempCodeRunnerFile.py, line 1)
[0.568s] running install_data
[0.568s] running install_egg_info
[0.569s] removing '/home/rohit/2dof/install/pos/lib/python3.10/site-packages/pos-0.0.0-py3.10.egg-info' (and everything under it)
[0.569s] Copying ../../build/pos/pos.egg-info to /home/rohit/2dof/install/pos/lib/python3.10/site-packages/pos-0.0.0-py3.10.egg-info
[0.570s] running install_scripts
[0.583s] Installing additional_client script to /home/rohit/2dof/install/pos/lib/pos
[0.583s] Installing additional_position script to /home/rohit/2dof/install/pos/lib/pos
[0.584s] Installing additional_service script to /home/rohit/2dof/install/pos/lib/pos
[0.584s] writing list of installed files to '/home/rohit/2dof/build/pos/install.log'
[0.599s] Invoked command in '/home/rohit/2dof/src/pos' returned '0': AMENT_PREFIX_PATH=/home/rohit/2dof/install/custom_interfaces:${AMENT_PREFIX_PATH} CMAKE_PREFIX_PATH=/home/rohit/2dof/install/custom_interfaces:${CMAKE_PREFIX_PATH} LD_LIBRARY_PATH=/home/rohit/2dof/install/custom_interfaces/lib:/usr/lib/x86_64-linux-gnu/gazebo-11/plugins:/opt/ros/humble/opt/rviz_ogre_vendor/lib:/opt/ros/humble/lib/x86_64-linux-gnu:/opt/ros/humble/lib:/usr/share/gazebo/../../lib/x86_64-linux-gnu/gazebo-11/plugins PYTHONPATH=/home/rohit/2dof/build/pos/prefix_override:/usr/lib/python3/dist-packages/colcon_core/task/python/colcon_distutils_commands:/home/rohit/2dof/install/pos/lib/python3.10/site-packages:/home/rohit/2dof/install/custom_interfaces/local/lib/python3.10/dist-packages:${PYTHONPATH} /usr/bin/python3 -W ignore:setup.py install is deprecated -W ignore:easy_install command is deprecated setup.py egg_info --egg-base ../../build/pos build --build-base /home/rohit/2dof/build/pos/build install --record /home/rohit/2dof/build/pos/install.log --single-version-externally-managed install_data
