[0.009s] Invoking command in '/home/rohit/2dof/build/my_robot': CMAKE_PREFIX_PATH=${CMAKE_PREFIX_PATH}:/home/rohit/module2.1/install/service_package:/home/rohit/module2.1/install/my_client_pkg:/home/rohit/assigndirectory/install/pack1:/home/rohit/mynode/install/package1:/opt/ros/humble /usr/bin/cmake --build /home/rohit/2dof/build/my_robot -- -j20 -l20
[0.029s] -- Found ament_cmake: 1.3.11 (/opt/ros/humble/share/ament_cmake/cmake)
[0.124s] -- Found rclcpp: 16.0.11 (/opt/ros/humble/share/rclcpp/cmake)
[0.143s] -- Found rosidl_generator_c: 3.1.6 (/opt/ros/humble/share/rosidl_generator_c/cmake)
[0.144s] -- Found rosidl_adapter: 3.1.6 (/opt/ros/humble/share/rosidl_adapter/cmake)
[0.148s] -- Found rosidl_generator_cpp: 3.1.6 (/opt/ros/humble/share/rosidl_generator_cpp/cmake)
[0.154s] -- Using all available rosidl_typesupport_c: rosidl_typesupport_fastrtps_c;rosidl_typesupport_introspection_c
[0.162s] -- Using all available rosidl_typesupport_cpp: rosidl_typesupport_fastrtps_cpp;rosidl_typesupport_introspection_cpp
[0.183s] -- Found rmw_implementation_cmake: 6.1.2 (/opt/ros/humble/share/rmw_implementation_cmake/cmake)
[0.183s] -- Found rmw_fastrtps_cpp: 6.2.7 (/opt/ros/humble/share/rmw_fastrtps_cpp/cmake)
[0.257s] -- Using RMW implementation 'rmw_fastrtps_cpp' as default
[0.296s] -- Found sensor_msgs: 4.2.4 (/opt/ros/humble/share/sensor_msgs/cmake)
[0.314s] -- Found xacro: 2.0.8 (/opt/ros/humble/share/xacro/cmake)
[0.314s] -- Found gazebo_ros: 3.9.0 (/opt/ros/humble/share/gazebo_ros/cmake)
[0.336s] -- Found DART: /usr/include (Required is at least version "6.6") found components: dart 
[0.354s] -- Found Protobuf: /usr/lib/x86_64-linux-gnu/libprotobuf.so (found version "3.12.4") 
[0.355s] -- Looking for ignition-math6 -- found version 6.15.1
[0.358s] -- Searching for dependencies of ignition-math6
[0.359s] -- Looking for OGRE...
[0.363s] -- Found Ogre Ghadamon (1.9.0)
[0.363s] -- Found OGRE: optimized;/usr/lib/x86_64-linux-gnu/libOgreMain.so;debug;/usr/lib/x86_64-linux-gnu/libOgreMain.so
[0.370s] -- Looking for OGRE_Paging...
[0.371s] -- Found OGRE_Paging: optimized;/usr/lib/x86_64-linux-gnu/libOgrePaging.so;debug;/usr/lib/x86_64-linux-gnu/libOgrePaging.so
[0.371s] -- Looking for OGRE_Terrain...
[0.371s] -- Found OGRE_Terrain: optimized;/usr/lib/x86_64-linux-gnu/libOgreTerrain.so;debug;/usr/lib/x86_64-linux-gnu/libOgreTerrain.so
[0.371s] -- Looking for OGRE_Property...
[0.371s] -- Found OGRE_Property: optimized;/usr/lib/x86_64-linux-gnu/libOgreProperty.so;debug;/usr/lib/x86_64-linux-gnu/libOgreProperty.so
[0.371s] -- Looking for OGRE_RTShaderSystem...
[0.371s] -- Found OGRE_RTShaderSystem: optimized;/usr/lib/x86_64-linux-gnu/libOgreRTShaderSystem.so;debug;/usr/lib/x86_64-linux-gnu/libOgreRTShaderSystem.so
[0.371s] -- Looking for OGRE_Volume...
[0.371s] -- Found OGRE_Volume: optimized;/usr/lib/x86_64-linux-gnu/libOgreVolume.so;debug;/usr/lib/x86_64-linux-gnu/libOgreVolume.so
[0.371s] -- Looking for OGRE_Overlay...
[0.371s] -- Found OGRE_Overlay: optimized;/usr/lib/x86_64-linux-gnu/libOgreOverlay.so;debug;/usr/lib/x86_64-linux-gnu/libOgreOverlay.so
[0.440s] -- Looking for ignition-math6 -- found version 6.15.1
[0.440s] -- Looking for ignition-transport8 -- found version 8.2.1
[0.441s] -- Searching for dependencies of ignition-transport8
[0.452s] -- Found Protobuf: /usr/lib/x86_64-linux-gnu/libprotobuf.so (found suitable version "3.12.4", minimum required is "3") 
[0.459s] -- Config-file not installed for ZeroMQ -- checking for pkg-config
[0.463s] -- Checking for module 'libzmq >= 4'
[0.476s] --   Found libzmq , version 4.3.4
[0.534s] -- Checking for module 'uuid'
[0.553s] --   Found uuid, version 2.37.2
[0.596s] -- Looking for ignition-msgs5 -- found version 5.8.1
[0.597s] -- Searching for dependencies of ignition-msgs5
[0.619s] -- Looking for ignition-math6 -- found version 6.15.1
[0.626s] -- Checking for module 'tinyxml2'
[0.644s] --   Found tinyxml2, version 9.0.0
[0.689s] -- Looking for ignition-msgs5 -- found version 5.8.1
[0.690s] -- Looking for ignition-common3 -- found version 3.14.0
[0.691s] -- Searching for dependencies of ignition-common3
[0.691s] -- Looking for dlfcn.h - found
[0.691s] -- Looking for libdl - found
[0.707s] -- Searching for <ignition-common3> component [graphics]
[0.708s] -- Looking for ignition-common3-graphics -- found version 3.14.0
[0.708s] -- Searching for dependencies of ignition-common3-graphics
[0.709s] -- Looking for ignition-math6 -- found version 6.15.1
[0.710s] -- Looking for ignition-fuel_tools4 -- found version 4.4.0
[0.711s] -- Searching for dependencies of ignition-fuel_tools4
[0.753s] -- Checking for module 'jsoncpp'
[0.770s] --   Found jsoncpp, version 1.9.5
[0.823s] -- Checking for module 'libzip'
[0.841s] --   Found libzip, version 1.7.3
[0.885s] -- Looking for ignition-common3 -- found version 3.14.0
[0.886s] -- Looking for ignition-math6 -- found version 6.15.1
[0.886s] -- Looking for ignition-msgs5 -- found version 5.8.1
[0.888s] -- Gazebo version: 11.10
[0.892s] -- Found ament_lint_auto: 0.12.11 (/opt/ros/humble/share/ament_lint_auto/cmake)
[0.950s] -- Added test 'cppcheck' to perform static code analysis on C / C++ code
[0.950s] -- Configured cppcheck include dirs: 
[0.950s] -- Configured cppcheck exclude dirs and/or files: 
[0.950s] -- Added test 'flake8' to check Python code syntax and style conventions
[0.950s] -- Added test 'lint_cmake' to check CMake code style
[0.950s] -- Added test 'pep257' to check Python code against some of the docstring style conventions in PEP 257
[0.951s] -- Added test 'uncrustify' to check C / C++ code style
[0.951s] -- Configured uncrustify additional arguments: 
[0.951s] -- Added test 'xmllint' to check XML markup files
[0.952s] -- Configuring done
[0.954s] [31mCMake Error at CMakeLists.txt:18 (add_executable):
[0.954s]   Cannot find source file:
[0.954s] 
[0.954s]     src/node.cpp
[0.954s] 
[0.954s]   Tried extensions .c .C .c++ .cc .cpp .cxx .cu .mpp .m .M .mm .ixx .cppm .h
[0.954s]   .hh .h++ .hm .hpp .hxx .in .txx .f .F .for .f77 .f90 .f95 .f03 .hip .ispc
[0.954s] 
[0.954s] [0m
[0.954s] [31mCMake Error at CMakeLists.txt:18 (add_executable):
[0.954s]   No SOURCES given to target: node
[0.955s] 
[0.955s] [0m
[0.955s] [0mCMake Generate step failed.  Build files cannot be regenerated correctly.[0m
[0.961s] gmake: *** [Makefile:226: cmake_check_build_system] Error 1
[0.963s] Invoked command in '/home/rohit/2dof/build/my_robot' returned '2': CMAKE_PREFIX_PATH=${CMAKE_PREFIX_PATH}:/home/rohit/module2.1/install/service_package:/home/rohit/module2.1/install/my_client_pkg:/home/rohit/assigndirectory/install/pack1:/home/rohit/mynode/install/package1:/opt/ros/humble /usr/bin/cmake --build /home/rohit/2dof/build/my_robot -- -j20 -l20
