[0.428s] Invoking command in '/home/rohit/2dof/src/pos': LD_LIBRARY_PATH=/home/rohit/2dof/install/custom_interfaces/lib:/home/rohit/dof/install/custom_interfaces/lib:/usr/lib/x86_64-linux-gnu/gazebo-11/plugins:/opt/ros/humble/opt/rviz_ogre_vendor/lib:/opt/ros/humble/lib/x86_64-linux-gnu:/opt/ros/humble/lib:/usr/share/gazebo/../../lib/x86_64-linux-gnu/gazebo-11/plugins PYTHONPATH=/home/rohit/2dof/build/pos/prefix_override:/usr/lib/python3/dist-packages/colcon_core/task/python/colcon_distutils_commands:/home/rohit/2dof/install/pos/lib/python3.10/site-packages:${PYTHONPATH} /usr/bin/python3 -W ignore:setup.py install is deprecated -W ignore:easy_install command is deprecated setup.py egg_info --egg-base ../../build/pos build --build-base /home/rohit/2dof/build/pos/build install --record /home/rohit/2dof/build/pos/install.log --single-version-externally-managed install_data
[0.602s] running egg_info
[0.602s] creating ../../build/pos/pos.egg-info
[0.602s] writing ../../build/pos/pos.egg-info/PKG-INFO
[0.602s] writing dependency_links to ../../build/pos/pos.egg-info/dependency_links.txt
[0.603s] writing entry points to ../../build/pos/pos.egg-info/entry_points.txt
[0.603s] writing requirements to ../../build/pos/pos.egg-info/requires.txt
[0.603s] writing top-level names to ../../build/pos/pos.egg-info/top_level.txt
[0.603s] writing manifest file '../../build/pos/pos.egg-info/SOURCES.txt'
[0.604s] reading manifest file '../../build/pos/pos.egg-info/SOURCES.txt'
[0.605s] writing manifest file '../../build/pos/pos.egg-info/SOURCES.txt'
[0.605s] running build
[0.605s] running build_py
[0.605s] creating /home/rohit/2dof/build/pos/build
[0.605s] creating /home/rohit/2dof/build/pos/build/lib
[0.605s] creating /home/rohit/2dof/build/pos/build/lib/pos
[0.605s] copying pos/client.py -> /home/rohit/2dof/build/pos/build/lib/pos
[0.605s] copying pos/service.py -> /home/rohit/2dof/build/pos/build/lib/pos
[0.605s] copying pos/__init__.py -> /home/rohit/2dof/build/pos/build/lib/pos
[0.605s] running install
[0.606s] running install_lib
[0.606s] creating /home/rohit/2dof/install/pos/lib/python3.10/site-packages/pos
[0.606s] copying /home/rohit/2dof/build/pos/build/lib/pos/client.py -> /home/rohit/2dof/install/pos/lib/python3.10/site-packages/pos
[0.606s] copying /home/rohit/2dof/build/pos/build/lib/pos/service.py -> /home/rohit/2dof/install/pos/lib/python3.10/site-packages/pos
[0.606s] copying /home/rohit/2dof/build/pos/build/lib/pos/__init__.py -> /home/rohit/2dof/install/pos/lib/python3.10/site-packages/pos
[0.607s] byte-compiling /home/rohit/2dof/install/pos/lib/python3.10/site-packages/pos/client.py to client.cpython-310.pyc
[0.607s] byte-compiling /home/rohit/2dof/install/pos/lib/python3.10/site-packages/pos/service.py to service.cpython-310.pyc
[0.607s] byte-compiling /home/rohit/2dof/install/pos/lib/python3.10/site-packages/pos/__init__.py to __init__.cpython-310.pyc
[0.607s] running install_data
[0.607s] creating /home/rohit/2dof/install/pos/share/ament_index
[0.607s] creating /home/rohit/2dof/install/pos/share/ament_index/resource_index
[0.607s] creating /home/rohit/2dof/install/pos/share/ament_index/resource_index/packages
[0.607s] copying resource/pos -> /home/rohit/2dof/install/pos/share/ament_index/resource_index/packages
[0.607s] copying package.xml -> /home/rohit/2dof/install/pos/share/pos
[0.608s] running install_egg_info
[0.609s] Copying ../../build/pos/pos.egg-info to /home/rohit/2dof/install/pos/lib/python3.10/site-packages/pos-0.0.0-py3.10.egg-info
[0.609s] running install_scripts
[0.625s] Installing additional_client script to /home/rohit/2dof/install/pos/lib/pos
[0.625s] Installing additional_service script to /home/rohit/2dof/install/pos/lib/pos
[0.626s] writing list of installed files to '/home/rohit/2dof/build/pos/install.log'
[0.642s] Invoked command in '/home/rohit/2dof/src/pos' returned '0': LD_LIBRARY_PATH=/home/rohit/2dof/install/custom_interfaces/lib:/home/rohit/dof/install/custom_interfaces/lib:/usr/lib/x86_64-linux-gnu/gazebo-11/plugins:/opt/ros/humble/opt/rviz_ogre_vendor/lib:/opt/ros/humble/lib/x86_64-linux-gnu:/opt/ros/humble/lib:/usr/share/gazebo/../../lib/x86_64-linux-gnu/gazebo-11/plugins PYTHONPATH=/home/rohit/2dof/build/pos/prefix_override:/usr/lib/python3/dist-packages/colcon_core/task/python/colcon_distutils_commands:/home/rohit/2dof/install/pos/lib/python3.10/site-packages:${PYTHONPATH} /usr/bin/python3 -W ignore:setup.py install is deprecated -W ignore:easy_install command is deprecated setup.py egg_info --egg-base ../../build/pos build --build-base /home/rohit/2dof/build/pos/build install --record /home/rohit/2dof/build/pos/install.log --single-version-externally-managed install_data
